2025-02-21 22:24:57.381 [info] Reading sessions from keychain...
2025-02-21 22:24:57.381 [info] Getting sessions for all scopes...
2025-02-21 22:24:57.381 [info] Getting sessions for all scopes...
2025-02-21 22:24:57.381 [info] Getting sessions for all scopes...
2025-02-21 22:24:57.381 [info] Getting sessions for all scopes...
2025-02-21 22:24:57.381 [info] Getting sessions for all scopes...
2025-02-21 22:24:57.381 [info] Getting sessions for all scopes...
2025-02-21 22:24:57.381 [info] Getting sessions for all scopes...
2025-02-21 22:24:57.381 [info] Got stored sessions!
2025-02-21 22:24:57.381 [info] Got 2 verified sessions.
2025-02-21 22:24:57.381 [info] Got 2 sessions for ...
2025-02-21 22:24:57.381 [info] Got 2 sessions for ...
2025-02-21 22:24:57.381 [info] Got 2 sessions for ...
2025-02-21 22:24:57.381 [info] Got 2 sessions for ...
2025-02-21 22:24:57.381 [info] Got 2 sessions for ...
2025-02-21 22:24:57.381 [info] Got 2 sessions for ...
2025-02-21 22:24:57.381 [info] Got 2 sessions for ...
2025-02-21 22:24:57.874 [info] Getting sessions for all scopes...
2025-02-21 22:24:57.874 [info] Got 2 sessions for ...
2025-02-21 22:24:57.878 [info] Getting sessions for user:email...
2025-02-21 22:24:57.878 [info] Got 1 sessions for user:email...
