2025-03-18 00:15:48.949 [info] Reading sessions from keychain...
2025-03-18 00:15:48.949 [info] Getting sessions for all scopes...
2025-03-18 00:15:48.949 [info] Getting sessions for all scopes...
2025-03-18 00:15:48.949 [info] Getting sessions for all scopes...
2025-03-18 00:15:48.949 [info] Getting sessions for all scopes...
2025-03-18 00:15:48.949 [info] Getting sessions for all scopes...
2025-03-18 00:15:48.949 [info] Getting sessions for all scopes...
2025-03-18 00:15:48.949 [info] Getting sessions for all scopes...
2025-03-18 00:15:49.008 [info] Got stored sessions!
2025-03-18 00:15:49.008 [info] Got 2 verified sessions.
2025-03-18 00:15:49.008 [info] Got 2 sessions for ...
2025-03-18 00:15:49.008 [info] Got 2 sessions for ...
2025-03-18 00:15:49.008 [info] Got 2 sessions for ...
2025-03-18 00:15:49.008 [info] Got 2 sessions for ...
2025-03-18 00:15:49.008 [info] Got 2 sessions for ...
2025-03-18 00:15:49.008 [info] Got 2 sessions for ...
2025-03-18 00:15:49.008 [info] Got 2 sessions for ...
2025-03-18 00:15:49.046 [info] Getting sessions for user:email...
2025-03-18 00:15:49.047 [info] Got 1 sessions for user:email...
2025-03-18 00:15:50.801 [info] Getting sessions for all scopes...
2025-03-18 00:15:50.801 [info] Got 2 sessions for ...
2025-03-18 00:15:52.810 [info] Getting sessions for read:user,repo,user:email,workflow...
2025-03-18 00:15:52.810 [info] Got 1 sessions for read:user,repo,user:email,workflow...
2025-03-18 00:15:52.810 [info] Getting sessions for all scopes...
2025-03-18 00:15:52.810 [info] Got 2 sessions for ...
2025-03-18 00:15:52.811 [info] Getting sessions for all scopes...
2025-03-18 00:15:52.811 [info] Got 2 sessions for ...
2025-03-18 00:15:52.934 [info] Getting sessions for read:user,repo,user:email,workflow...
2025-03-18 00:15:52.934 [info] Got 1 sessions for read:user,repo,user:email,workflow...
2025-03-18 00:15:54.069 [info] Getting sessions for all scopes...
2025-03-18 00:15:54.070 [info] Got 2 sessions for ...
2025-03-18 00:15:54.070 [info] Getting sessions for all scopes...
2025-03-18 00:15:54.070 [info] Got 2 sessions for ...
2025-03-18 00:15:54.147 [info] Getting sessions for read:user,repo,user:email,workflow...
2025-03-18 00:15:54.147 [info] Got 1 sessions for read:user,repo,user:email,workflow...
2025-03-18 00:15:54.221 [info] Getting sessions for read:user,repo,user:email,workflow...
2025-03-18 00:15:54.222 [info] Got 1 sessions for read:user,repo,user:email,workflow...
2025-03-18 00:15:54.409 [info] Getting sessions for all scopes...
2025-03-18 00:15:54.409 [info] Got 2 sessions for ...
2025-03-18 00:15:54.411 [info] Getting sessions for read:user,repo,user:email,workflow...
2025-03-18 00:15:54.411 [info] Got 1 sessions for read:user,repo,user:email,workflow...
2025-03-18 00:15:54.857 [info] Getting sessions for read:user,repo,user:email,workflow...
2025-03-18 00:15:54.857 [info] Got 1 sessions for read:user,repo,user:email,workflow...
2025-03-18 00:15:54.911 [info] Getting sessions for all scopes...
2025-03-18 00:15:54.911 [info] Got 2 sessions for ...
2025-03-18 00:15:54.914 [info] Getting sessions for all scopes...
2025-03-18 00:15:54.914 [info] Got 2 sessions for ...
2025-03-18 00:15:54.916 [info] Getting sessions for read:user,repo,user:email,workflow...
2025-03-18 00:15:54.916 [info] Got 1 sessions for read:user,repo,user:email,workflow...
2025-03-18 00:15:54.919 [info] Getting sessions for all scopes...
2025-03-18 00:15:54.919 [info] Got 2 sessions for ...
2025-03-18 00:15:54.921 [info] Getting sessions for read:user,repo,user:email,workflow...
2025-03-18 00:15:54.921 [info] Got 1 sessions for read:user,repo,user:email,workflow...
2025-03-18 00:15:55.146 [info] Getting sessions for all scopes...
2025-03-18 00:15:55.146 [info] Got 2 sessions for ...
2025-03-18 00:15:55.148 [info] Getting sessions for read:user,repo,user:email,workflow...
2025-03-18 00:15:55.148 [info] Got 1 sessions for read:user,repo,user:email,workflow...
2025-03-18 00:15:55.765 [info] Getting sessions for all scopes...
2025-03-18 00:15:55.765 [info] Got 2 sessions for ...
2025-03-18 00:15:55.770 [info] Getting sessions for read:user,repo,user:email,workflow...
2025-03-18 00:15:55.770 [info] Got 1 sessions for read:user,repo,user:email,workflow...
2025-03-18 00:30:55.775 [info] Getting sessions for all scopes...
2025-03-18 00:30:55.775 [info] Got 2 sessions for ...
2025-03-18 00:30:55.778 [info] Getting sessions for read:user,repo,user:email,workflow...
2025-03-18 00:30:55.778 [info] Got 1 sessions for read:user,repo,user:email,workflow...
2025-03-18 00:40:54.899 [info] Getting sessions for all scopes...
2025-03-18 00:40:54.899 [info] Got 2 sessions for ...
2025-03-18 00:40:54.902 [info] Getting sessions for read:user,repo,user:email,workflow...
2025-03-18 00:40:54.902 [info] Got 1 sessions for read:user,repo,user:email,workflow...
2025-03-18 00:40:56.123 [info] Getting sessions for all scopes...
2025-03-18 00:40:56.123 [info] Got 2 sessions for ...
2025-03-18 00:40:56.124 [info] Getting sessions for all scopes...
2025-03-18 00:40:56.124 [info] Got 2 sessions for ...
2025-03-18 00:40:56.125 [info] Getting sessions for read:user,repo,user:email,workflow...
2025-03-18 00:40:56.125 [info] Got 1 sessions for read:user,repo,user:email,workflow...
2025-03-18 00:40:56.128 [info] Getting sessions for all scopes...
2025-03-18 00:40:56.128 [info] Got 2 sessions for ...
2025-03-18 00:40:56.129 [info] Getting sessions for read:user,repo,user:email,workflow...
2025-03-18 00:40:56.130 [info] Got 1 sessions for read:user,repo,user:email,workflow...
2025-03-18 00:40:56.146 [info] Getting sessions for all scopes...
2025-03-18 00:40:56.146 [info] Got 2 sessions for ...
2025-03-18 00:40:56.148 [info] Getting sessions for read:user,repo,user:email,workflow...
2025-03-18 00:40:56.148 [info] Got 1 sessions for read:user,repo,user:email,workflow...
2025-03-18 00:55:56.155 [info] Getting sessions for all scopes...
2025-03-18 00:55:56.155 [info] Got 2 sessions for ...
2025-03-18 00:55:56.158 [info] Getting sessions for read:user,repo,user:email,workflow...
2025-03-18 00:55:56.158 [info] Got 1 sessions for read:user,repo,user:email,workflow...
2025-03-18 01:05:56.127 [info] Getting sessions for all scopes...
2025-03-18 01:05:56.128 [info] Got 2 sessions for ...
2025-03-18 01:05:56.130 [info] Getting sessions for read:user,repo,user:email,workflow...
2025-03-18 01:05:56.130 [info] Got 1 sessions for read:user,repo,user:email,workflow...
2025-03-18 01:06:02.552 [info] Getting sessions for all scopes...
2025-03-18 01:06:02.552 [info] Got 2 sessions for ...
2025-03-18 01:06:02.552 [info] Getting sessions for all scopes...
2025-03-18 01:06:02.552 [info] Got 2 sessions for ...
2025-03-18 01:06:02.555 [info] Getting sessions for read:user,repo,user:email,workflow...
2025-03-18 01:06:02.555 [info] Got 1 sessions for read:user,repo,user:email,workflow...
2025-03-18 01:06:02.557 [info] Getting sessions for all scopes...
2025-03-18 01:06:02.558 [info] Got 2 sessions for ...
2025-03-18 01:06:02.560 [info] Getting sessions for read:user,repo,user:email,workflow...
2025-03-18 01:06:02.560 [info] Got 1 sessions for read:user,repo,user:email,workflow...
2025-03-18 01:06:02.577 [info] Getting sessions for all scopes...
2025-03-18 01:06:02.577 [info] Got 2 sessions for ...
2025-03-18 01:06:02.580 [info] Getting sessions for read:user,repo,user:email,workflow...
2025-03-18 01:06:02.580 [info] Got 1 sessions for read:user,repo,user:email,workflow...
2025-03-18 01:21:02.587 [info] Getting sessions for all scopes...
2025-03-18 01:21:02.587 [info] Got 2 sessions for ...
2025-03-18 01:21:02.590 [info] Getting sessions for read:user,repo,user:email,workflow...
2025-03-18 01:21:02.590 [info] Got 1 sessions for read:user,repo,user:email,workflow...
2025-03-18 01:31:02.553 [info] Getting sessions for all scopes...
2025-03-18 01:31:02.553 [info] Got 2 sessions for ...
2025-03-18 01:31:02.555 [info] Getting sessions for read:user,repo,user:email,workflow...
2025-03-18 01:31:02.555 [info] Got 1 sessions for read:user,repo,user:email,workflow...
2025-03-18 01:31:03.344 [info] Getting sessions for all scopes...
2025-03-18 01:31:03.344 [info] Got 2 sessions for ...
2025-03-18 01:31:03.344 [info] Getting sessions for all scopes...
2025-03-18 01:31:03.344 [info] Got 2 sessions for ...
2025-03-18 01:31:03.346 [info] Getting sessions for read:user,repo,user:email,workflow...
2025-03-18 01:31:03.346 [info] Got 1 sessions for read:user,repo,user:email,workflow...
2025-03-18 01:31:03.348 [info] Getting sessions for all scopes...
2025-03-18 01:31:03.348 [info] Got 2 sessions for ...
2025-03-18 01:31:03.350 [info] Getting sessions for read:user,repo,user:email,workflow...
2025-03-18 01:31:03.350 [info] Got 1 sessions for read:user,repo,user:email,workflow...
2025-03-18 01:31:03.365 [info] Getting sessions for all scopes...
2025-03-18 01:31:03.365 [info] Got 2 sessions for ...
2025-03-18 01:31:03.367 [info] Getting sessions for read:user,repo,user:email,workflow...
2025-03-18 01:31:03.367 [info] Got 1 sessions for read:user,repo,user:email,workflow...
2025-03-18 14:29:02.004 [info] Getting sessions for all scopes...
2025-03-18 14:29:02.004 [info] Got 2 sessions for ...
2025-03-18 14:29:02.007 [info] Getting sessions for read:user,repo,user:email,workflow...
2025-03-18 14:29:02.007 [info] Got 1 sessions for read:user,repo,user:email,workflow...
2025-03-18 14:29:02.010 [info] Getting sessions for all scopes...
2025-03-18 14:29:02.010 [info] Got 2 sessions for ...
2025-03-18 14:29:02.012 [info] Getting sessions for read:user,repo,user:email,workflow...
2025-03-18 14:29:02.012 [info] Got 1 sessions for read:user,repo,user:email,workflow...
2025-03-18 14:29:02.595 [info] Getting sessions for all scopes...
2025-03-18 14:29:02.595 [info] Got 2 sessions for ...
2025-03-18 14:29:02.596 [info] Getting sessions for all scopes...
2025-03-18 14:29:02.596 [info] Got 2 sessions for ...
2025-03-18 14:29:02.597 [info] Getting sessions for read:user,repo,user:email,workflow...
2025-03-18 14:29:02.597 [info] Got 1 sessions for read:user,repo,user:email,workflow...
2025-03-18 14:29:02.599 [info] Getting sessions for all scopes...
2025-03-18 14:29:02.599 [info] Got 2 sessions for ...
2025-03-18 14:29:02.600 [info] Getting sessions for read:user,repo,user:email,workflow...
2025-03-18 14:29:02.600 [info] Got 1 sessions for read:user,repo,user:email,workflow...
2025-03-18 14:29:02.603 [info] Getting sessions for all scopes...
2025-03-18 14:29:02.603 [info] Got 2 sessions for ...
2025-03-18 14:29:02.605 [info] Getting sessions for read:user,repo,user:email,workflow...
2025-03-18 14:29:02.605 [info] Got 1 sessions for read:user,repo,user:email,workflow...
2025-03-18 14:44:02.612 [info] Getting sessions for all scopes...
2025-03-18 14:44:02.612 [info] Got 2 sessions for ...
2025-03-18 14:44:02.615 [info] Getting sessions for read:user,repo,user:email,workflow...
2025-03-18 14:44:02.615 [info] Got 1 sessions for read:user,repo,user:email,workflow...
2025-03-18 14:54:02.590 [info] Getting sessions for all scopes...
2025-03-18 14:54:02.590 [info] Got 2 sessions for ...
2025-03-18 14:54:02.593 [info] Getting sessions for read:user,repo,user:email,workflow...
2025-03-18 14:54:02.593 [info] Got 1 sessions for read:user,repo,user:email,workflow...
2025-03-18 14:54:03.462 [info] Getting sessions for all scopes...
2025-03-18 14:54:03.462 [info] Got 2 sessions for ...
2025-03-18 14:54:03.463 [info] Getting sessions for all scopes...
2025-03-18 14:54:03.463 [info] Got 2 sessions for ...
2025-03-18 14:54:03.464 [info] Getting sessions for read:user,repo,user:email,workflow...
2025-03-18 14:54:03.464 [info] Got 1 sessions for read:user,repo,user:email,workflow...
2025-03-18 14:54:03.466 [info] Getting sessions for all scopes...
2025-03-18 14:54:03.466 [info] Got 2 sessions for ...
2025-03-18 14:54:03.467 [info] Getting sessions for read:user,repo,user:email,workflow...
2025-03-18 14:54:03.467 [info] Got 1 sessions for read:user,repo,user:email,workflow...
2025-03-18 14:54:03.476 [info] Getting sessions for all scopes...
2025-03-18 14:54:03.476 [info] Got 2 sessions for ...
2025-03-18 14:54:03.477 [info] Getting sessions for read:user,repo,user:email,workflow...
2025-03-18 14:54:03.478 [info] Got 1 sessions for read:user,repo,user:email,workflow...
2025-03-18 15:09:03.483 [info] Getting sessions for all scopes...
2025-03-18 15:09:03.483 [info] Got 2 sessions for ...
2025-03-18 15:09:03.485 [info] Getting sessions for read:user,repo,user:email,workflow...
2025-03-18 15:09:03.485 [info] Got 1 sessions for read:user,repo,user:email,workflow...
2025-03-18 15:19:03.467 [info] Getting sessions for all scopes...
2025-03-18 15:19:03.468 [info] Got 2 sessions for ...
2025-03-18 15:19:03.471 [info] Getting sessions for read:user,repo,user:email,workflow...
2025-03-18 15:19:03.471 [info] Got 1 sessions for read:user,repo,user:email,workflow...
2025-03-18 15:19:04.163 [info] Getting sessions for all scopes...
2025-03-18 15:19:04.163 [info] Got 2 sessions for ...
2025-03-18 15:19:04.163 [info] Getting sessions for all scopes...
2025-03-18 15:19:04.164 [info] Got 2 sessions for ...
2025-03-18 15:19:04.165 [info] Getting sessions for read:user,repo,user:email,workflow...
2025-03-18 15:19:04.165 [info] Got 1 sessions for read:user,repo,user:email,workflow...
2025-03-18 15:19:04.167 [info] Getting sessions for all scopes...
2025-03-18 15:19:04.167 [info] Got 2 sessions for ...
2025-03-18 15:19:04.168 [info] Getting sessions for read:user,repo,user:email,workflow...
2025-03-18 15:19:04.169 [info] Got 1 sessions for read:user,repo,user:email,workflow...
2025-03-18 15:19:04.175 [info] Getting sessions for all scopes...
2025-03-18 15:19:04.175 [info] Got 2 sessions for ...
2025-03-18 15:19:04.177 [info] Getting sessions for read:user,repo,user:email,workflow...
2025-03-18 15:19:04.177 [info] Got 1 sessions for read:user,repo,user:email,workflow...
2025-03-18 15:34:04.183 [info] Getting sessions for all scopes...
2025-03-18 15:34:04.183 [info] Got 2 sessions for ...
2025-03-18 15:34:04.186 [info] Getting sessions for read:user,repo,user:email,workflow...
2025-03-18 15:34:04.186 [info] Got 1 sessions for read:user,repo,user:email,workflow...
2025-03-18 15:44:04.166 [info] Getting sessions for all scopes...
2025-03-18 15:44:04.166 [info] Got 2 sessions for ...
2025-03-18 15:44:04.168 [info] Getting sessions for read:user,repo,user:email,workflow...
2025-03-18 15:44:04.168 [info] Got 1 sessions for read:user,repo,user:email,workflow...
2025-03-18 15:44:04.855 [info] Getting sessions for all scopes...
2025-03-18 15:44:04.855 [info] Got 2 sessions for ...
2025-03-18 15:44:04.855 [info] Getting sessions for all scopes...
2025-03-18 15:44:04.855 [info] Got 2 sessions for ...
2025-03-18 15:44:04.857 [info] Getting sessions for read:user,repo,user:email,workflow...
2025-03-18 15:44:04.857 [info] Got 1 sessions for read:user,repo,user:email,workflow...
2025-03-18 15:44:04.859 [info] Getting sessions for all scopes...
2025-03-18 15:44:04.859 [info] Got 2 sessions for ...
2025-03-18 15:44:04.860 [info] Getting sessions for read:user,repo,user:email,workflow...
2025-03-18 15:44:04.860 [info] Got 1 sessions for read:user,repo,user:email,workflow...
2025-03-18 15:44:04.867 [info] Getting sessions for all scopes...
2025-03-18 15:44:04.867 [info] Got 2 sessions for ...
2025-03-18 15:44:04.869 [info] Getting sessions for read:user,repo,user:email,workflow...
2025-03-18 15:44:04.869 [info] Got 1 sessions for read:user,repo,user:email,workflow...
2025-03-18 15:59:04.876 [info] Getting sessions for all scopes...
2025-03-18 15:59:04.876 [info] Got 2 sessions for ...
2025-03-18 15:59:04.878 [info] Getting sessions for read:user,repo,user:email,workflow...
2025-03-18 15:59:04.878 [info] Got 1 sessions for read:user,repo,user:email,workflow...
2025-03-18 16:09:04.858 [info] Getting sessions for all scopes...
2025-03-18 16:09:04.858 [info] Got 2 sessions for ...
2025-03-18 16:09:04.860 [info] Getting sessions for read:user,repo,user:email,workflow...
2025-03-18 16:09:04.860 [info] Got 1 sessions for read:user,repo,user:email,workflow...
2025-03-18 16:09:05.758 [info] Getting sessions for all scopes...
2025-03-18 16:09:05.758 [info] Got 2 sessions for ...
2025-03-18 16:09:05.758 [info] Getting sessions for all scopes...
2025-03-18 16:09:05.758 [info] Got 2 sessions for ...
2025-03-18 16:09:05.760 [info] Getting sessions for read:user,repo,user:email,workflow...
2025-03-18 16:09:05.760 [info] Got 1 sessions for read:user,repo,user:email,workflow...
2025-03-18 16:09:05.761 [info] Getting sessions for all scopes...
2025-03-18 16:09:05.761 [info] Got 2 sessions for ...
2025-03-18 16:09:05.762 [info] Getting sessions for read:user,repo,user:email,workflow...
2025-03-18 16:09:05.762 [info] Got 1 sessions for read:user,repo,user:email,workflow...
2025-03-18 16:09:05.775 [info] Getting sessions for all scopes...
2025-03-18 16:09:05.775 [info] Got 2 sessions for ...
2025-03-18 16:09:05.777 [info] Getting sessions for read:user,repo,user:email,workflow...
2025-03-18 16:09:05.777 [info] Got 1 sessions for read:user,repo,user:email,workflow...
2025-03-18 16:24:05.783 [info] Getting sessions for all scopes...
2025-03-18 16:24:05.783 [info] Got 2 sessions for ...
2025-03-18 16:24:05.785 [info] Getting sessions for read:user,repo,user:email,workflow...
2025-03-18 16:24:05.785 [info] Got 1 sessions for read:user,repo,user:email,workflow...
2025-03-18 16:34:05.761 [info] Getting sessions for all scopes...
2025-03-18 16:34:05.761 [info] Got 2 sessions for ...
2025-03-18 16:34:05.764 [info] Getting sessions for read:user,repo,user:email,workflow...
2025-03-18 16:34:05.764 [info] Got 1 sessions for read:user,repo,user:email,workflow...
2025-03-18 16:34:06.455 [info] Getting sessions for all scopes...
2025-03-18 16:34:06.455 [info] Got 2 sessions for ...
2025-03-18 16:34:06.456 [info] Getting sessions for all scopes...
2025-03-18 16:34:06.456 [info] Got 2 sessions for ...
2025-03-18 16:34:06.457 [info] Getting sessions for read:user,repo,user:email,workflow...
2025-03-18 16:34:06.457 [info] Got 1 sessions for read:user,repo,user:email,workflow...
2025-03-18 16:34:06.459 [info] Getting sessions for all scopes...
2025-03-18 16:34:06.459 [info] Got 2 sessions for ...
2025-03-18 16:34:06.461 [info] Getting sessions for read:user,repo,user:email,workflow...
2025-03-18 16:34:06.461 [info] Got 1 sessions for read:user,repo,user:email,workflow...
2025-03-18 16:34:06.476 [info] Getting sessions for all scopes...
2025-03-18 16:34:06.476 [info] Got 2 sessions for ...
2025-03-18 16:34:06.478 [info] Getting sessions for read:user,repo,user:email,workflow...
2025-03-18 16:34:06.478 [info] Got 1 sessions for read:user,repo,user:email,workflow...
2025-03-18 16:49:06.483 [info] Getting sessions for all scopes...
2025-03-18 16:49:06.483 [info] Got 2 sessions for ...
2025-03-18 16:49:06.484 [info] Getting sessions for read:user,repo,user:email,workflow...
2025-03-18 16:49:06.510 [info] Got 1 sessions for read:user,repo,user:email,workflow...
2025-03-18 16:59:06.458 [info] Getting sessions for all scopes...
2025-03-18 16:59:06.458 [info] Got 2 sessions for ...
2025-03-18 16:59:06.460 [info] Getting sessions for read:user,repo,user:email,workflow...
2025-03-18 16:59:06.461 [info] Got 1 sessions for read:user,repo,user:email,workflow...
2025-03-18 16:59:07.359 [info] Getting sessions for all scopes...
2025-03-18 16:59:07.359 [info] Got 2 sessions for ...
2025-03-18 16:59:07.359 [info] Getting sessions for all scopes...
2025-03-18 16:59:07.359 [info] Got 2 sessions for ...
2025-03-18 16:59:07.360 [info] Getting sessions for read:user,repo,user:email,workflow...
2025-03-18 16:59:07.360 [info] Got 1 sessions for read:user,repo,user:email,workflow...
2025-03-18 16:59:07.362 [info] Getting sessions for all scopes...
2025-03-18 16:59:07.362 [info] Got 2 sessions for ...
2025-03-18 16:59:07.363 [info] Getting sessions for read:user,repo,user:email,workflow...
2025-03-18 16:59:07.363 [info] Got 1 sessions for read:user,repo,user:email,workflow...
2025-03-18 16:59:07.375 [info] Getting sessions for all scopes...
2025-03-18 16:59:07.375 [info] Got 2 sessions for ...
2025-03-18 16:59:07.385 [info] Getting sessions for read:user,repo,user:email,workflow...
2025-03-18 16:59:07.385 [info] Got 1 sessions for read:user,repo,user:email,workflow...
2025-03-18 17:14:07.399 [info] Getting sessions for all scopes...
2025-03-18 17:14:07.399 [info] Got 2 sessions for ...
2025-03-18 17:14:07.401 [info] Getting sessions for read:user,repo,user:email,workflow...
2025-03-18 17:14:07.401 [info] Got 1 sessions for read:user,repo,user:email,workflow...
2025-03-18 17:24:07.360 [info] Getting sessions for all scopes...
2025-03-18 17:24:07.360 [info] Got 2 sessions for ...
2025-03-18 17:24:07.363 [info] Getting sessions for read:user,repo,user:email,workflow...
2025-03-18 17:24:07.363 [info] Got 1 sessions for read:user,repo,user:email,workflow...
2025-03-18 17:24:08.058 [info] Getting sessions for all scopes...
2025-03-18 17:24:08.058 [info] Got 2 sessions for ...
2025-03-18 17:24:08.058 [info] Getting sessions for all scopes...
2025-03-18 17:24:08.058 [info] Got 2 sessions for ...
2025-03-18 17:24:08.059 [info] Getting sessions for read:user,repo,user:email,workflow...
2025-03-18 17:24:08.059 [info] Got 1 sessions for read:user,repo,user:email,workflow...
2025-03-18 17:24:08.060 [info] Getting sessions for all scopes...
2025-03-18 17:24:08.060 [info] Got 2 sessions for ...
2025-03-18 17:24:08.061 [info] Getting sessions for read:user,repo,user:email,workflow...
2025-03-18 17:24:08.061 [info] Got 1 sessions for read:user,repo,user:email,workflow...
2025-03-18 17:24:08.075 [info] Getting sessions for all scopes...
2025-03-18 17:24:08.075 [info] Got 2 sessions for ...
2025-03-18 17:24:08.077 [info] Getting sessions for read:user,repo,user:email,workflow...
2025-03-18 17:24:08.077 [info] Got 1 sessions for read:user,repo,user:email,workflow...
2025-03-18 17:39:08.083 [info] Getting sessions for all scopes...
2025-03-18 17:39:08.083 [info] Got 2 sessions for ...
2025-03-18 17:39:08.085 [info] Getting sessions for read:user,repo,user:email,workflow...
2025-03-18 17:39:08.085 [info] Got 1 sessions for read:user,repo,user:email,workflow...
2025-03-18 17:49:08.059 [info] Getting sessions for all scopes...
2025-03-18 17:49:08.059 [info] Got 2 sessions for ...
2025-03-18 17:49:08.061 [info] Getting sessions for read:user,repo,user:email,workflow...
2025-03-18 17:49:08.061 [info] Got 1 sessions for read:user,repo,user:email,workflow...
2025-03-18 17:49:08.963 [info] Getting sessions for all scopes...
2025-03-18 17:49:08.963 [info] Got 2 sessions for ...
2025-03-18 17:49:08.963 [info] Getting sessions for all scopes...
2025-03-18 17:49:08.963 [info] Got 2 sessions for ...
2025-03-18 17:49:08.964 [info] Getting sessions for read:user,repo,user:email,workflow...
2025-03-18 17:49:08.965 [info] Got 1 sessions for read:user,repo,user:email,workflow...
2025-03-18 17:49:08.966 [info] Getting sessions for all scopes...
2025-03-18 17:49:08.966 [info] Got 2 sessions for ...
2025-03-18 17:49:08.967 [info] Getting sessions for read:user,repo,user:email,workflow...
2025-03-18 17:49:08.967 [info] Got 1 sessions for read:user,repo,user:email,workflow...
2025-03-18 17:49:08.980 [info] Getting sessions for all scopes...
2025-03-18 17:49:08.980 [info] Got 2 sessions for ...
2025-03-18 17:49:08.993 [info] Getting sessions for read:user,repo,user:email,workflow...
2025-03-18 17:49:08.993 [info] Got 1 sessions for read:user,repo,user:email,workflow...
2025-03-18 18:04:09.000 [info] Getting sessions for all scopes...
2025-03-18 18:04:09.000 [info] Got 2 sessions for ...
2025-03-18 18:04:09.002 [info] Getting sessions for read:user,repo,user:email,workflow...
2025-03-18 18:04:09.002 [info] Got 1 sessions for read:user,repo,user:email,workflow...
2025-03-18 18:14:08.965 [info] Getting sessions for all scopes...
2025-03-18 18:14:08.965 [info] Got 2 sessions for ...
2025-03-18 18:14:08.967 [info] Getting sessions for read:user,repo,user:email,workflow...
2025-03-18 18:14:08.967 [info] Got 1 sessions for read:user,repo,user:email,workflow...
2025-03-18 18:14:09.764 [info] Getting sessions for all scopes...
2025-03-18 18:14:09.764 [info] Got 2 sessions for ...
2025-03-18 18:14:09.765 [info] Getting sessions for all scopes...
2025-03-18 18:14:09.765 [info] Got 2 sessions for ...
2025-03-18 18:14:09.766 [info] Getting sessions for read:user,repo,user:email,workflow...
2025-03-18 18:14:09.766 [info] Got 1 sessions for read:user,repo,user:email,workflow...
2025-03-18 18:14:09.768 [info] Getting sessions for all scopes...
2025-03-18 18:14:09.768 [info] Got 2 sessions for ...
2025-03-18 18:14:09.769 [info] Getting sessions for read:user,repo,user:email,workflow...
2025-03-18 18:14:09.769 [info] Got 1 sessions for read:user,repo,user:email,workflow...
2025-03-18 18:14:09.782 [info] Getting sessions for all scopes...
2025-03-18 18:14:09.782 [info] Got 2 sessions for ...
2025-03-18 18:14:09.784 [info] Getting sessions for read:user,repo,user:email,workflow...
2025-03-18 18:14:09.784 [info] Got 1 sessions for read:user,repo,user:email,workflow...
2025-03-18 18:29:09.791 [info] Getting sessions for all scopes...
2025-03-18 18:29:09.791 [info] Got 2 sessions for ...
2025-03-18 18:29:09.793 [info] Getting sessions for read:user,repo,user:email,workflow...
2025-03-18 18:29:09.793 [info] Got 1 sessions for read:user,repo,user:email,workflow...
2025-03-18 18:39:09.767 [info] Getting sessions for all scopes...
2025-03-18 18:39:09.767 [info] Got 2 sessions for ...
2025-03-18 18:39:09.770 [info] Getting sessions for read:user,repo,user:email,workflow...
2025-03-18 18:39:09.770 [info] Got 1 sessions for read:user,repo,user:email,workflow...
2025-03-18 18:39:10.565 [info] Getting sessions for all scopes...
2025-03-18 18:39:10.565 [info] Got 2 sessions for ...
2025-03-18 18:39:10.565 [info] Getting sessions for all scopes...
2025-03-18 18:39:10.565 [info] Got 2 sessions for ...
2025-03-18 18:39:10.567 [info] Getting sessions for read:user,repo,user:email,workflow...
2025-03-18 18:39:10.567 [info] Got 1 sessions for read:user,repo,user:email,workflow...
2025-03-18 18:39:10.568 [info] Getting sessions for all scopes...
2025-03-18 18:39:10.568 [info] Got 2 sessions for ...
2025-03-18 18:39:10.569 [info] Getting sessions for read:user,repo,user:email,workflow...
2025-03-18 18:39:10.569 [info] Got 1 sessions for read:user,repo,user:email,workflow...
2025-03-18 18:39:10.578 [info] Getting sessions for all scopes...
2025-03-18 18:39:10.578 [info] Got 2 sessions for ...
2025-03-18 18:39:10.591 [info] Getting sessions for read:user,repo,user:email,workflow...
2025-03-18 18:39:10.591 [info] Got 1 sessions for read:user,repo,user:email,workflow...
2025-03-18 18:54:10.602 [info] Getting sessions for all scopes...
2025-03-18 18:54:10.602 [info] Got 2 sessions for ...
2025-03-18 18:54:10.604 [info] Getting sessions for read:user,repo,user:email,workflow...
2025-03-18 18:54:10.604 [info] Got 1 sessions for read:user,repo,user:email,workflow...
2025-03-18 19:04:10.569 [info] Getting sessions for all scopes...
2025-03-18 19:04:10.569 [info] Got 2 sessions for ...
2025-03-18 19:04:10.572 [info] Getting sessions for read:user,repo,user:email,workflow...
2025-03-18 19:04:10.572 [info] Got 1 sessions for read:user,repo,user:email,workflow...
2025-03-18 19:04:11.369 [info] Getting sessions for all scopes...
2025-03-18 19:04:11.369 [info] Got 2 sessions for ...
2025-03-18 19:04:11.369 [info] Getting sessions for all scopes...
2025-03-18 19:04:11.369 [info] Got 2 sessions for ...
2025-03-18 19:04:11.371 [info] Getting sessions for read:user,repo,user:email,workflow...
2025-03-18 19:04:11.371 [info] Got 1 sessions for read:user,repo,user:email,workflow...
2025-03-18 19:04:11.372 [info] Getting sessions for all scopes...
2025-03-18 19:04:11.372 [info] Got 2 sessions for ...
2025-03-18 19:04:11.373 [info] Getting sessions for read:user,repo,user:email,workflow...
2025-03-18 19:04:11.373 [info] Got 1 sessions for read:user,repo,user:email,workflow...
2025-03-18 19:04:11.380 [info] Getting sessions for all scopes...
2025-03-18 19:04:11.380 [info] Got 2 sessions for ...
2025-03-18 19:04:11.381 [info] Getting sessions for read:user,repo,user:email,workflow...
2025-03-18 19:04:11.381 [info] Got 1 sessions for read:user,repo,user:email,workflow...
2025-03-18 19:19:11.388 [info] Getting sessions for all scopes...
2025-03-18 19:19:11.388 [info] Got 2 sessions for ...
2025-03-18 19:19:11.390 [info] Getting sessions for read:user,repo,user:email,workflow...
2025-03-18 19:19:11.390 [info] Got 1 sessions for read:user,repo,user:email,workflow...
2025-03-18 19:29:11.370 [info] Getting sessions for all scopes...
2025-03-18 19:29:11.370 [info] Got 2 sessions for ...
2025-03-18 19:29:11.372 [info] Getting sessions for read:user,repo,user:email,workflow...
2025-03-18 19:29:11.372 [info] Got 1 sessions for read:user,repo,user:email,workflow...
2025-03-18 19:29:12.168 [info] Getting sessions for all scopes...
2025-03-18 19:29:12.168 [info] Got 2 sessions for ...
2025-03-18 19:29:12.168 [info] Getting sessions for all scopes...
2025-03-18 19:29:12.168 [info] Got 2 sessions for ...
2025-03-18 19:29:12.169 [info] Getting sessions for read:user,repo,user:email,workflow...
2025-03-18 19:29:12.169 [info] Got 1 sessions for read:user,repo,user:email,workflow...
2025-03-18 19:29:12.171 [info] Getting sessions for all scopes...
2025-03-18 19:29:12.171 [info] Got 2 sessions for ...
2025-03-18 19:29:12.172 [info] Getting sessions for read:user,repo,user:email,workflow...
2025-03-18 19:29:12.172 [info] Got 1 sessions for read:user,repo,user:email,workflow...
2025-03-18 19:29:12.178 [info] Getting sessions for all scopes...
2025-03-18 19:29:12.178 [info] Got 2 sessions for ...
2025-03-18 19:29:12.179 [info] Getting sessions for read:user,repo,user:email,workflow...
2025-03-18 19:29:12.179 [info] Got 1 sessions for read:user,repo,user:email,workflow...
2025-03-18 19:44:12.184 [info] Getting sessions for all scopes...
2025-03-18 19:44:12.184 [info] Got 2 sessions for ...
2025-03-18 19:44:12.186 [info] Getting sessions for read:user,repo,user:email,workflow...
2025-03-18 19:44:12.186 [info] Got 1 sessions for read:user,repo,user:email,workflow...
2025-03-18 19:54:12.170 [info] Getting sessions for all scopes...
2025-03-18 19:54:12.171 [info] Got 2 sessions for ...
2025-03-18 19:54:12.173 [info] Getting sessions for read:user,repo,user:email,workflow...
2025-03-18 19:54:12.173 [info] Got 1 sessions for read:user,repo,user:email,workflow...
2025-03-18 19:54:12.861 [info] Getting sessions for all scopes...
2025-03-18 19:54:12.861 [info] Got 2 sessions for ...
2025-03-18 19:54:12.862 [info] Getting sessions for all scopes...
2025-03-18 19:54:12.862 [info] Got 2 sessions for ...
2025-03-18 19:54:12.863 [info] Getting sessions for read:user,repo,user:email,workflow...
2025-03-18 19:54:12.863 [info] Got 1 sessions for read:user,repo,user:email,workflow...
2025-03-18 19:54:12.864 [info] Getting sessions for all scopes...
2025-03-18 19:54:12.864 [info] Got 2 sessions for ...
2025-03-18 19:54:12.865 [info] Getting sessions for read:user,repo,user:email,workflow...
2025-03-18 19:54:12.865 [info] Got 1 sessions for read:user,repo,user:email,workflow...
2025-03-18 19:54:12.872 [info] Getting sessions for all scopes...
2025-03-18 19:54:12.872 [info] Got 2 sessions for ...
2025-03-18 19:54:12.873 [info] Getting sessions for read:user,repo,user:email,workflow...
2025-03-18 19:54:12.873 [info] Got 1 sessions for read:user,repo,user:email,workflow...
2025-03-18 20:09:12.877 [info] Getting sessions for all scopes...
2025-03-18 20:09:12.877 [info] Got 2 sessions for ...
2025-03-18 20:09:12.879 [info] Getting sessions for read:user,repo,user:email,workflow...
2025-03-18 20:09:12.879 [info] Got 1 sessions for read:user,repo,user:email,workflow...
2025-03-18 20:19:12.864 [info] Getting sessions for all scopes...
2025-03-18 20:19:12.864 [info] Got 2 sessions for ...
2025-03-18 20:19:12.867 [info] Getting sessions for read:user,repo,user:email,workflow...
2025-03-18 20:19:12.867 [info] Got 1 sessions for read:user,repo,user:email,workflow...
2025-03-18 20:19:13.559 [info] Getting sessions for all scopes...
2025-03-18 20:19:13.559 [info] Got 2 sessions for ...
2025-03-18 20:19:13.559 [info] Getting sessions for all scopes...
2025-03-18 20:19:13.559 [info] Got 2 sessions for ...
2025-03-18 20:19:13.561 [info] Getting sessions for read:user,repo,user:email,workflow...
2025-03-18 20:19:13.561 [info] Got 1 sessions for read:user,repo,user:email,workflow...
2025-03-18 20:19:13.562 [info] Getting sessions for all scopes...
2025-03-18 20:19:13.562 [info] Got 2 sessions for ...
2025-03-18 20:19:13.564 [info] Getting sessions for read:user,repo,user:email,workflow...
2025-03-18 20:19:13.564 [info] Got 1 sessions for read:user,repo,user:email,workflow...
2025-03-18 20:19:13.578 [info] Getting sessions for all scopes...
2025-03-18 20:19:13.579 [info] Got 2 sessions for ...
2025-03-18 20:19:13.581 [info] Getting sessions for read:user,repo,user:email,workflow...
2025-03-18 20:19:13.581 [info] Got 1 sessions for read:user,repo,user:email,workflow...
2025-03-18 20:34:13.588 [info] Getting sessions for all scopes...
2025-03-18 20:34:13.588 [info] Got 2 sessions for ...
2025-03-18 20:34:13.591 [info] Getting sessions for read:user,repo,user:email,workflow...
2025-03-18 20:34:13.591 [info] Got 1 sessions for read:user,repo,user:email,workflow...
2025-03-18 20:44:13.561 [info] Getting sessions for all scopes...
2025-03-18 20:44:13.561 [info] Got 2 sessions for ...
2025-03-18 20:44:13.564 [info] Getting sessions for read:user,repo,user:email,workflow...
2025-03-18 20:44:13.589 [info] Got 1 sessions for read:user,repo,user:email,workflow...
2025-03-18 20:44:14.254 [info] Getting sessions for all scopes...
2025-03-18 20:44:14.254 [info] Got 2 sessions for ...
2025-03-18 20:44:14.254 [info] Getting sessions for all scopes...
2025-03-18 20:44:14.254 [info] Got 2 sessions for ...
2025-03-18 20:44:14.256 [info] Getting sessions for read:user,repo,user:email,workflow...
2025-03-18 20:44:14.256 [info] Got 1 sessions for read:user,repo,user:email,workflow...
2025-03-18 20:44:14.258 [info] Getting sessions for all scopes...
2025-03-18 20:44:14.258 [info] Got 2 sessions for ...
2025-03-18 20:44:14.260 [info] Getting sessions for read:user,repo,user:email,workflow...
2025-03-18 20:44:14.260 [info] Got 1 sessions for read:user,repo,user:email,workflow...
2025-03-18 20:44:14.276 [info] Getting sessions for all scopes...
2025-03-18 20:44:14.276 [info] Got 2 sessions for ...
2025-03-18 20:44:14.278 [info] Getting sessions for read:user,repo,user:email,workflow...
2025-03-18 20:44:14.278 [info] Got 1 sessions for read:user,repo,user:email,workflow...
2025-03-18 20:59:14.285 [info] Getting sessions for all scopes...
2025-03-18 20:59:14.285 [info] Got 2 sessions for ...
2025-03-18 20:59:14.291 [info] Getting sessions for read:user,repo,user:email,workflow...
2025-03-18 20:59:14.291 [info] Got 1 sessions for read:user,repo,user:email,workflow...
2025-03-18 21:09:14.968 [info] Getting sessions for all scopes...
2025-03-18 21:09:14.968 [info] Got 2 sessions for ...
2025-03-18 21:09:14.972 [info] Getting sessions for read:user,repo,user:email,workflow...
2025-03-18 21:09:14.972 [info] Got 1 sessions for read:user,repo,user:email,workflow...
2025-03-18 21:09:15.683 [info] Getting sessions for all scopes...
2025-03-18 21:09:15.683 [info] Got 2 sessions for ...
2025-03-18 21:09:15.684 [info] Getting sessions for all scopes...
2025-03-18 21:09:15.684 [info] Got 2 sessions for ...
2025-03-18 21:09:15.685 [info] Getting sessions for read:user,repo,user:email,workflow...
2025-03-18 21:09:15.685 [info] Got 1 sessions for read:user,repo,user:email,workflow...
2025-03-18 21:09:15.688 [info] Getting sessions for all scopes...
2025-03-18 21:09:15.688 [info] Got 2 sessions for ...
2025-03-18 21:09:15.690 [info] Getting sessions for read:user,repo,user:email,workflow...
2025-03-18 21:09:15.690 [info] Got 1 sessions for read:user,repo,user:email,workflow...
2025-03-18 21:09:15.706 [info] Getting sessions for all scopes...
2025-03-18 21:09:15.706 [info] Got 2 sessions for ...
2025-03-18 21:09:15.709 [info] Getting sessions for read:user,repo,user:email,workflow...
2025-03-18 21:09:15.709 [info] Got 1 sessions for read:user,repo,user:email,workflow...
2025-03-18 21:24:15.716 [info] Getting sessions for all scopes...
2025-03-18 21:24:15.716 [info] Got 2 sessions for ...
2025-03-18 21:24:15.719 [info] Getting sessions for read:user,repo,user:email,workflow...
2025-03-18 21:24:15.719 [info] Got 1 sessions for read:user,repo,user:email,workflow...
2025-03-19 13:41:11.686 [info] Getting sessions for all scopes...
2025-03-19 13:41:11.686 [info] Got 2 sessions for ...
2025-03-19 13:41:11.689 [info] Getting sessions for read:user,repo,user:email,workflow...
2025-03-19 13:41:11.689 [info] Got 1 sessions for read:user,repo,user:email,workflow...
2025-03-19 13:41:12.536 [info] Getting sessions for all scopes...
2025-03-19 13:41:12.536 [info] Got 2 sessions for ...
2025-03-19 13:41:12.536 [info] Getting sessions for all scopes...
2025-03-19 13:41:12.536 [info] Got 2 sessions for ...
2025-03-19 13:41:12.538 [info] Getting sessions for read:user,repo,user:email,workflow...
2025-03-19 13:41:12.538 [info] Got 1 sessions for read:user,repo,user:email,workflow...
2025-03-19 13:41:12.540 [info] Getting sessions for all scopes...
2025-03-19 13:41:12.540 [info] Got 2 sessions for ...
2025-03-19 13:41:12.541 [info] Getting sessions for read:user,repo,user:email,workflow...
2025-03-19 13:41:12.541 [info] Got 1 sessions for read:user,repo,user:email,workflow...
2025-03-19 13:41:12.556 [info] Getting sessions for all scopes...
2025-03-19 13:41:12.556 [info] Got 2 sessions for ...
2025-03-19 13:41:12.558 [info] Getting sessions for read:user,repo,user:email,workflow...
2025-03-19 13:41:12.559 [info] Got 1 sessions for read:user,repo,user:email,workflow...
2025-03-19 13:56:12.565 [info] Getting sessions for all scopes...
2025-03-19 13:56:12.565 [info] Got 2 sessions for ...
2025-03-19 13:56:12.568 [info] Getting sessions for read:user,repo,user:email,workflow...
2025-03-19 13:56:12.568 [info] Got 1 sessions for read:user,repo,user:email,workflow...
2025-03-19 13:58:35.455 [info] Getting sessions for read:user,repo,user:email,workflow...
2025-03-19 13:58:35.455 [info] Got 1 sessions for read:user,repo,user:email,workflow...
2025-03-19 13:58:36.230 [info] Getting sessions for read:user,repo,user:email,workflow...
2025-03-19 13:58:36.230 [info] Got 1 sessions for read:user,repo,user:email,workflow...
2025-03-19 14:03:45.264 [info] Getting sessions for read:user,repo,user:email,workflow...
2025-03-19 14:03:45.264 [info] Got 1 sessions for read:user,repo,user:email,workflow...
2025-03-19 14:06:12.538 [info] Getting sessions for all scopes...
2025-03-19 14:06:12.538 [info] Got 2 sessions for ...
2025-03-19 14:06:12.541 [info] Getting sessions for read:user,repo,user:email,workflow...
2025-03-19 14:06:12.541 [info] Got 1 sessions for read:user,repo,user:email,workflow...
2025-03-19 14:06:13.390 [info] Getting sessions for all scopes...
2025-03-19 14:06:13.390 [info] Got 2 sessions for ...
2025-03-19 14:06:13.391 [info] Getting sessions for all scopes...
2025-03-19 14:06:13.391 [info] Got 2 sessions for ...
2025-03-19 14:06:13.393 [info] Getting sessions for read:user,repo,user:email,workflow...
2025-03-19 14:06:13.393 [info] Got 1 sessions for read:user,repo,user:email,workflow...
2025-03-19 14:06:13.396 [info] Getting sessions for all scopes...
2025-03-19 14:06:13.396 [info] Got 2 sessions for ...
2025-03-19 14:06:13.398 [info] Getting sessions for read:user,repo,user:email,workflow...
2025-03-19 14:06:13.398 [info] Got 1 sessions for read:user,repo,user:email,workflow...
2025-03-19 14:06:13.415 [info] Getting sessions for all scopes...
2025-03-19 14:06:13.415 [info] Got 2 sessions for ...
2025-03-19 14:06:13.418 [info] Getting sessions for read:user,repo,user:email,workflow...
2025-03-19 14:06:13.418 [info] Got 1 sessions for read:user,repo,user:email,workflow...
2025-03-19 14:06:13.425 [info] Getting sessions for all scopes...
2025-03-19 14:06:13.425 [info] Got 2 sessions for ...
2025-03-19 14:06:13.428 [info] Getting sessions for read:user,repo,user:email,workflow...
2025-03-19 14:06:13.428 [info] Got 1 sessions for read:user,repo,user:email,workflow...
2025-03-19 14:21:14.030 [info] Getting sessions for all scopes...
2025-03-19 14:21:14.030 [info] Got 2 sessions for ...
2025-03-19 14:21:14.032 [info] Getting sessions for read:user,repo,user:email,workflow...
2025-03-19 14:21:14.032 [info] Got 1 sessions for read:user,repo,user:email,workflow...
2025-03-19 14:31:13.391 [info] Getting sessions for all scopes...
2025-03-19 14:31:13.391 [info] Got 2 sessions for ...
2025-03-19 14:31:13.393 [info] Getting sessions for read:user,repo,user:email,workflow...
2025-03-19 14:31:13.393 [info] Got 1 sessions for read:user,repo,user:email,workflow...
2025-03-19 14:31:14.190 [info] Getting sessions for all scopes...
2025-03-19 14:31:14.190 [info] Got 2 sessions for ...
2025-03-19 14:31:14.190 [info] Getting sessions for all scopes...
2025-03-19 14:31:14.190 [info] Got 2 sessions for ...
2025-03-19 14:31:14.191 [info] Getting sessions for read:user,repo,user:email,workflow...
2025-03-19 14:31:14.191 [info] Got 1 sessions for read:user,repo,user:email,workflow...
2025-03-19 14:31:14.193 [info] Getting sessions for all scopes...
2025-03-19 14:31:14.193 [info] Got 2 sessions for ...
2025-03-19 14:31:14.194 [info] Getting sessions for read:user,repo,user:email,workflow...
2025-03-19 14:31:14.194 [info] Got 1 sessions for read:user,repo,user:email,workflow...
2025-03-19 14:31:14.200 [info] Getting sessions for all scopes...
2025-03-19 14:31:14.200 [info] Got 2 sessions for ...
2025-03-19 14:31:14.211 [info] Getting sessions for read:user,repo,user:email,workflow...
2025-03-19 14:31:14.211 [info] Got 1 sessions for read:user,repo,user:email,workflow...
2025-03-19 14:33:11.401 [info] Getting sessions for read:user,repo,user:email,workflow...
2025-03-19 14:33:11.401 [info] Got 1 sessions for read:user,repo,user:email,workflow...
2025-03-19 14:46:14.227 [info] Getting sessions for all scopes...
2025-03-19 14:46:14.228 [info] Got 2 sessions for ...
2025-03-19 14:46:14.230 [info] Getting sessions for read:user,repo,user:email,workflow...
2025-03-19 14:46:14.230 [info] Got 1 sessions for read:user,repo,user:email,workflow...
2025-03-19 14:46:14.232 [info] Getting sessions for all scopes...
2025-03-19 14:46:14.232 [info] Got 2 sessions for ...
2025-03-19 14:46:14.234 [info] Getting sessions for read:user,repo,user:email,workflow...
2025-03-19 14:46:14.234 [info] Got 1 sessions for read:user,repo,user:email,workflow...
2025-03-19 14:56:14.193 [info] Getting sessions for all scopes...
2025-03-19 14:56:14.193 [info] Got 2 sessions for ...
2025-03-19 14:56:14.196 [info] Getting sessions for read:user,repo,user:email,workflow...
2025-03-19 14:56:14.196 [info] Got 1 sessions for read:user,repo,user:email,workflow...
2025-03-19 14:56:14.887 [info] Getting sessions for all scopes...
2025-03-19 14:56:14.887 [info] Got 2 sessions for ...
2025-03-19 14:56:14.887 [info] Getting sessions for all scopes...
2025-03-19 14:56:14.887 [info] Got 2 sessions for ...
2025-03-19 14:56:14.889 [info] Getting sessions for read:user,repo,user:email,workflow...
2025-03-19 14:56:14.889 [info] Got 1 sessions for read:user,repo,user:email,workflow...
2025-03-19 14:56:14.892 [info] Getting sessions for all scopes...
2025-03-19 14:56:14.892 [info] Got 2 sessions for ...
2025-03-19 14:56:14.894 [info] Getting sessions for read:user,repo,user:email,workflow...
2025-03-19 14:56:14.894 [info] Got 1 sessions for read:user,repo,user:email,workflow...
2025-03-19 14:56:14.909 [info] Getting sessions for all scopes...
2025-03-19 14:56:14.909 [info] Got 2 sessions for ...
2025-03-19 14:56:14.911 [info] Getting sessions for read:user,repo,user:email,workflow...
2025-03-19 14:56:14.911 [info] Got 1 sessions for read:user,repo,user:email,workflow...
2025-03-19 15:11:14.917 [info] Getting sessions for all scopes...
2025-03-19 15:11:14.918 [info] Got 2 sessions for ...
2025-03-19 15:11:14.920 [info] Getting sessions for read:user,repo,user:email,workflow...
2025-03-19 15:11:14.920 [info] Got 1 sessions for read:user,repo,user:email,workflow...
2025-03-19 15:11:31.925 [info] Getting sessions for read:user,repo,user:email,workflow...
2025-03-19 15:11:31.925 [info] Got 1 sessions for read:user,repo,user:email,workflow...
2025-03-19 15:21:14.887 [info] Getting sessions for all scopes...
2025-03-19 15:21:14.887 [info] Got 2 sessions for ...
2025-03-19 15:21:14.889 [info] Getting sessions for read:user,repo,user:email,workflow...
2025-03-19 15:21:14.889 [info] Got 1 sessions for read:user,repo,user:email,workflow...
2025-03-19 15:21:15.579 [info] Getting sessions for all scopes...
2025-03-19 15:21:15.579 [info] Got 2 sessions for ...
2025-03-19 15:21:15.579 [info] Getting sessions for all scopes...
2025-03-19 15:21:15.579 [info] Got 2 sessions for ...
2025-03-19 15:21:15.581 [info] Getting sessions for read:user,repo,user:email,workflow...
2025-03-19 15:21:15.581 [info] Got 1 sessions for read:user,repo,user:email,workflow...
2025-03-19 15:21:15.582 [info] Getting sessions for all scopes...
2025-03-19 15:21:15.582 [info] Got 2 sessions for ...
2025-03-19 15:21:15.585 [info] Getting sessions for read:user,repo,user:email,workflow...
2025-03-19 15:21:15.585 [info] Got 1 sessions for read:user,repo,user:email,workflow...
2025-03-19 15:21:15.595 [info] Getting sessions for all scopes...
2025-03-19 15:21:15.595 [info] Got 2 sessions for ...
2025-03-19 15:21:15.597 [info] Getting sessions for read:user,repo,user:email,workflow...
2025-03-19 15:21:15.597 [info] Got 1 sessions for read:user,repo,user:email,workflow...
2025-03-19 15:36:15.603 [info] Getting sessions for all scopes...
2025-03-19 15:36:15.604 [info] Got 2 sessions for ...
2025-03-19 15:36:15.606 [info] Getting sessions for read:user,repo,user:email,workflow...
2025-03-19 15:36:15.606 [info] Got 1 sessions for read:user,repo,user:email,workflow...
2025-03-19 15:46:15.582 [info] Getting sessions for all scopes...
2025-03-19 15:46:15.582 [info] Got 2 sessions for ...
2025-03-19 15:46:15.584 [info] Getting sessions for read:user,repo,user:email,workflow...
2025-03-19 15:46:15.584 [info] Got 1 sessions for read:user,repo,user:email,workflow...
2025-03-19 15:46:16.378 [info] Getting sessions for all scopes...
2025-03-19 15:46:16.378 [info] Got 2 sessions for ...
2025-03-19 15:46:16.378 [info] Getting sessions for all scopes...
2025-03-19 15:46:16.378 [info] Got 2 sessions for ...
2025-03-19 15:46:16.379 [info] Getting sessions for read:user,repo,user:email,workflow...
2025-03-19 15:46:16.379 [info] Got 1 sessions for read:user,repo,user:email,workflow...
2025-03-19 15:46:16.382 [info] Getting sessions for all scopes...
2025-03-19 15:46:16.382 [info] Got 2 sessions for ...
2025-03-19 15:46:16.383 [info] Getting sessions for read:user,repo,user:email,workflow...
2025-03-19 15:46:16.383 [info] Got 1 sessions for read:user,repo,user:email,workflow...
2025-03-19 15:46:16.394 [info] Getting sessions for all scopes...
2025-03-19 15:46:16.394 [info] Got 2 sessions for ...
2025-03-19 15:46:16.396 [info] Getting sessions for read:user,repo,user:email,workflow...
2025-03-19 15:46:16.396 [info] Got 1 sessions for read:user,repo,user:email,workflow...
2025-03-19 16:01:16.401 [info] Getting sessions for all scopes...
2025-03-19 16:01:16.401 [info] Got 2 sessions for ...
2025-03-19 16:01:16.403 [info] Getting sessions for read:user,repo,user:email,workflow...
2025-03-19 16:01:16.403 [info] Got 1 sessions for read:user,repo,user:email,workflow...
2025-03-19 16:11:16.379 [info] Getting sessions for all scopes...
2025-03-19 16:11:16.379 [info] Got 2 sessions for ...
2025-03-19 16:11:16.382 [info] Getting sessions for read:user,repo,user:email,workflow...
2025-03-19 16:11:16.382 [info] Got 1 sessions for read:user,repo,user:email,workflow...
2025-03-19 16:11:17.078 [info] Getting sessions for all scopes...
2025-03-19 16:11:17.078 [info] Got 2 sessions for ...
2025-03-19 16:11:17.078 [info] Getting sessions for all scopes...
2025-03-19 16:11:17.078 [info] Got 2 sessions for ...
2025-03-19 16:11:17.080 [info] Getting sessions for read:user,repo,user:email,workflow...
2025-03-19 16:11:17.080 [info] Got 1 sessions for read:user,repo,user:email,workflow...
2025-03-19 16:11:17.082 [info] Getting sessions for all scopes...
2025-03-19 16:11:17.082 [info] Got 2 sessions for ...
2025-03-19 16:11:17.083 [info] Getting sessions for read:user,repo,user:email,workflow...
2025-03-19 16:11:17.084 [info] Got 1 sessions for read:user,repo,user:email,workflow...
2025-03-19 16:11:17.094 [info] Getting sessions for all scopes...
2025-03-19 16:11:17.094 [info] Got 2 sessions for ...
2025-03-19 16:11:17.096 [info] Getting sessions for read:user,repo,user:email,workflow...
2025-03-19 16:11:17.096 [info] Got 1 sessions for read:user,repo,user:email,workflow...
2025-03-19 16:26:17.103 [info] Getting sessions for all scopes...
2025-03-19 16:26:17.103 [info] Got 2 sessions for ...
2025-03-19 16:26:17.105 [info] Getting sessions for read:user,repo,user:email,workflow...
2025-03-19 16:26:17.105 [info] Got 1 sessions for read:user,repo,user:email,workflow...
2025-03-19 16:36:17.079 [info] Getting sessions for all scopes...
2025-03-19 16:36:17.079 [info] Got 2 sessions for ...
2025-03-19 16:36:17.081 [info] Getting sessions for read:user,repo,user:email,workflow...
2025-03-19 16:36:17.081 [info] Got 1 sessions for read:user,repo,user:email,workflow...
2025-03-19 16:36:17.775 [info] Getting sessions for all scopes...
2025-03-19 16:36:17.775 [info] Got 2 sessions for ...
2025-03-19 16:36:17.776 [info] Getting sessions for all scopes...
2025-03-19 16:36:17.776 [info] Got 2 sessions for ...
2025-03-19 16:36:17.777 [info] Getting sessions for read:user,repo,user:email,workflow...
2025-03-19 16:36:17.777 [info] Got 1 sessions for read:user,repo,user:email,workflow...
2025-03-19 16:36:17.779 [info] Getting sessions for all scopes...
2025-03-19 16:36:17.779 [info] Got 2 sessions for ...
2025-03-19 16:36:17.781 [info] Getting sessions for read:user,repo,user:email,workflow...
2025-03-19 16:36:17.781 [info] Got 1 sessions for read:user,repo,user:email,workflow...
2025-03-19 16:36:17.791 [info] Getting sessions for all scopes...
2025-03-19 16:36:17.791 [info] Got 2 sessions for ...
2025-03-19 16:36:17.793 [info] Getting sessions for read:user,repo,user:email,workflow...
2025-03-19 16:36:17.793 [info] Got 1 sessions for read:user,repo,user:email,workflow...
2025-03-19 16:51:17.799 [info] Getting sessions for all scopes...
2025-03-19 16:51:17.799 [info] Got 2 sessions for ...
2025-03-19 16:51:17.802 [info] Getting sessions for read:user,repo,user:email,workflow...
2025-03-19 16:51:17.802 [info] Got 1 sessions for read:user,repo,user:email,workflow...
2025-03-19 17:01:17.776 [info] Getting sessions for all scopes...
2025-03-19 17:01:17.776 [info] Got 2 sessions for ...
2025-03-19 17:01:17.779 [info] Getting sessions for read:user,repo,user:email,workflow...
2025-03-19 17:01:17.779 [info] Got 1 sessions for read:user,repo,user:email,workflow...
2025-03-19 17:01:18.474 [info] Getting sessions for all scopes...
2025-03-19 17:01:18.474 [info] Got 2 sessions for ...
2025-03-19 17:01:18.474 [info] Getting sessions for all scopes...
2025-03-19 17:01:18.474 [info] Got 2 sessions for ...
2025-03-19 17:01:18.475 [info] Getting sessions for read:user,repo,user:email,workflow...
2025-03-19 17:01:18.475 [info] Got 1 sessions for read:user,repo,user:email,workflow...
2025-03-19 17:01:18.478 [info] Getting sessions for all scopes...
2025-03-19 17:01:18.478 [info] Got 2 sessions for ...
2025-03-19 17:01:18.479 [info] Getting sessions for read:user,repo,user:email,workflow...
2025-03-19 17:01:18.479 [info] Got 1 sessions for read:user,repo,user:email,workflow...
2025-03-19 17:01:18.490 [info] Getting sessions for all scopes...
2025-03-19 17:01:18.490 [info] Got 2 sessions for ...
2025-03-19 17:01:18.492 [info] Getting sessions for read:user,repo,user:email,workflow...
2025-03-19 17:01:18.492 [info] Got 1 sessions for read:user,repo,user:email,workflow...
2025-03-19 17:06:13.566 [info] Getting sessions for read:user,repo,user:email,workflow...
2025-03-19 17:06:13.566 [info] Got 1 sessions for read:user,repo,user:email,workflow...
2025-03-19 17:16:18.497 [info] Getting sessions for all scopes...
2025-03-19 17:16:18.497 [info] Got 2 sessions for ...
2025-03-19 17:16:18.499 [info] Getting sessions for read:user,repo,user:email,workflow...
2025-03-19 17:16:18.499 [info] Got 1 sessions for read:user,repo,user:email,workflow...
2025-03-19 17:26:18.476 [info] Getting sessions for all scopes...
2025-03-19 17:26:18.476 [info] Got 2 sessions for ...
2025-03-19 17:26:18.479 [info] Getting sessions for read:user,repo,user:email,workflow...
2025-03-19 17:26:18.479 [info] Got 1 sessions for read:user,repo,user:email,workflow...
2025-03-19 17:26:19.275 [info] Getting sessions for all scopes...
2025-03-19 17:26:19.275 [info] Got 2 sessions for ...
2025-03-19 17:26:19.275 [info] Getting sessions for all scopes...
2025-03-19 17:26:19.275 [info] Got 2 sessions for ...
2025-03-19 17:26:19.277 [info] Getting sessions for read:user,repo,user:email,workflow...
2025-03-19 17:26:19.277 [info] Got 1 sessions for read:user,repo,user:email,workflow...
2025-03-19 17:26:19.279 [info] Getting sessions for all scopes...
2025-03-19 17:26:19.279 [info] Got 2 sessions for ...
2025-03-19 17:26:19.281 [info] Getting sessions for read:user,repo,user:email,workflow...
2025-03-19 17:26:19.281 [info] Got 1 sessions for read:user,repo,user:email,workflow...
2025-03-19 17:26:19.290 [info] Getting sessions for all scopes...
2025-03-19 17:26:19.290 [info] Got 2 sessions for ...
2025-03-19 17:26:19.292 [info] Getting sessions for read:user,repo,user:email,workflow...
2025-03-19 17:26:19.292 [info] Got 1 sessions for read:user,repo,user:email,workflow...
2025-03-19 17:41:19.297 [info] Getting sessions for all scopes...
2025-03-19 17:41:19.297 [info] Got 2 sessions for ...
2025-03-19 17:41:19.299 [info] Getting sessions for read:user,repo,user:email,workflow...
2025-03-19 17:41:19.299 [info] Got 1 sessions for read:user,repo,user:email,workflow...
2025-03-19 17:45:25.600 [info] Getting sessions for read:user,repo,user:email,workflow...
2025-03-19 17:45:25.600 [info] Got 1 sessions for read:user,repo,user:email,workflow...
2025-03-19 17:47:20.235 [info] Getting sessions for read:user,repo,user:email,workflow...
2025-03-19 17:47:20.235 [info] Got 1 sessions for read:user,repo,user:email,workflow...
