2025-03-19 17:47:27.472 [info] Reading sessions from keychain...
2025-03-19 17:47:27.473 [info] Getting sessions for all scopes...
2025-03-19 17:47:27.473 [info] Getting sessions for all scopes...
2025-03-19 17:47:27.474 [info] Getting sessions for all scopes...
2025-03-19 17:47:27.474 [info] Getting sessions for all scopes...
2025-03-19 17:47:27.474 [info] Getting sessions for all scopes...
2025-03-19 17:47:27.474 [info] Getting sessions for all scopes...
2025-03-19 17:47:27.474 [info] Getting sessions for all scopes...
2025-03-19 17:47:27.648 [info] Got stored sessions!
2025-03-19 17:47:27.648 [info] Got 2 verified sessions.
2025-03-19 17:47:27.648 [info] Got 2 sessions for ...
2025-03-19 17:47:27.648 [info] Got 2 sessions for ...
2025-03-19 17:47:27.648 [info] Got 2 sessions for ...
2025-03-19 17:47:27.648 [info] Got 2 sessions for ...
2025-03-19 17:47:27.648 [info] Got 2 sessions for ...
2025-03-19 17:47:27.648 [info] Got 2 sessions for ...
2025-03-19 17:47:27.648 [info] Got 2 sessions for ...
2025-03-19 17:47:27.651 [info] Getting sessions for all scopes...
2025-03-19 17:47:27.651 [info] Got 2 sessions for ...
2025-03-19 17:47:28.802 [info] Getting sessions for user:email...
2025-03-19 17:47:28.802 [info] Got 1 sessions for user:email...
2025-03-19 17:47:30.208 [info] Getting sessions for all scopes...
2025-03-19 17:47:30.208 [info] Got 2 sessions for ...
2025-03-19 17:47:30.312 [info] Getting sessions for read:user,repo,user:email,workflow...
2025-03-19 17:47:30.312 [info] Got 1 sessions for read:user,repo,user:email,workflow...
2025-03-19 17:47:30.366 [info] Getting sessions for all scopes...
2025-03-19 17:47:30.366 [info] Got 2 sessions for ...
2025-03-19 17:47:30.366 [info] Getting sessions for all scopes...
2025-03-19 17:47:30.366 [info] Got 2 sessions for ...
2025-03-19 17:47:30.369 [info] Getting sessions for read:user,repo,user:email,workflow...
2025-03-19 17:47:30.369 [info] Got 1 sessions for read:user,repo,user:email,workflow...
2025-03-19 17:47:30.504 [info] Getting sessions for read:user,repo,user:email,workflow...
2025-03-19 17:47:30.504 [info] Got 1 sessions for read:user,repo,user:email,workflow...
2025-03-19 17:47:31.871 [info] Getting sessions for all scopes...
2025-03-19 17:47:31.871 [info] Got 2 sessions for ...
2025-03-19 17:47:31.871 [info] Getting sessions for all scopes...
2025-03-19 17:47:31.871 [info] Got 2 sessions for ...
2025-03-19 17:47:32.030 [info] Getting sessions for all scopes...
2025-03-19 17:47:32.030 [info] Got 2 sessions for ...
2025-03-19 17:47:32.141 [info] Getting sessions for read:user,repo,user:email,workflow...
2025-03-19 17:47:32.141 [info] Got 1 sessions for read:user,repo,user:email,workflow...
2025-03-19 17:47:33.345 [info] Getting sessions for read:user,repo,user:email,workflow...
2025-03-19 17:47:33.346 [info] Got 1 sessions for read:user,repo,user:email,workflow...
2025-03-19 17:47:33.410 [info] Getting sessions for all scopes...
2025-03-19 17:47:33.410 [info] Got 2 sessions for ...
2025-03-19 17:47:33.410 [info] Getting sessions for all scopes...
2025-03-19 17:47:33.410 [info] Got 2 sessions for ...
2025-03-19 17:47:33.412 [info] Getting sessions for read:user,repo,user:email,workflow...
2025-03-19 17:47:33.412 [info] Got 1 sessions for read:user,repo,user:email,workflow...
2025-03-19 17:47:33.416 [info] Getting sessions for all scopes...
2025-03-19 17:47:33.416 [info] Got 2 sessions for ...
2025-03-19 17:47:33.417 [info] Getting sessions for read:user,repo,user:email,workflow...
2025-03-19 17:47:33.417 [info] Got 1 sessions for read:user,repo,user:email,workflow...
2025-03-19 17:47:33.487 [info] Getting sessions for all scopes...
2025-03-19 17:47:33.487 [info] Got 2 sessions for ...
2025-03-19 17:47:33.495 [info] Getting sessions for read:user,repo,user:email,workflow...
2025-03-19 17:47:33.495 [info] Got 1 sessions for read:user,repo,user:email,workflow...
2025-03-19 17:47:34.209 [info] Getting sessions for all scopes...
2025-03-19 17:47:34.209 [info] Got 2 sessions for ...
2025-03-19 17:47:34.211 [info] Getting sessions for read:user,repo,user:email,workflow...
2025-03-19 17:47:34.211 [info] Got 1 sessions for read:user,repo,user:email,workflow...
2025-03-19 17:47:38.942 [info] Getting sessions for read:user,repo,user:email,workflow...
2025-03-19 17:47:38.942 [info] Got 1 sessions for read:user,repo,user:email,workflow...
2025-03-19 17:47:39.483 [info] Getting sessions for read:user,repo,user:email,workflow...
2025-03-19 17:47:39.483 [info] Got 1 sessions for read:user,repo,user:email,workflow...
2025-03-19 17:52:51.780 [info] Getting sessions for read:user,repo,user:email,workflow...
2025-03-19 17:52:51.780 [info] Got 1 sessions for read:user,repo,user:email,workflow...
