2025-03-06 01:24:59.503 [info] [main] Log level: Info
2025-03-06 01:24:59.503 [info] [main] Validating found git in: "git"
2025-03-06 01:24:59.503 [info] [main] Using git "2.48.1" from "git"
2025-03-06 01:24:59.503 [info] [Model][doInitialScan] Initial repository scan started
2025-03-06 01:24:59.503 [info] > git rev-parse --show-toplevel [2ms]
2025-03-06 01:24:59.503 [info] fatal: not a git repository (or any parent up to mount point /)
Stopping at filesystem boundary (GIT_DISCOVERY_ACROSS_FILESYSTEM not set).
2025-03-06 01:24:59.503 [info] > git rev-parse --show-toplevel [3ms]
2025-03-06 01:24:59.503 [info] fatal: not a git repository (or any parent up to mount point /)
Stopping at filesystem boundary (GIT_DISCOVERY_ACROSS_FILESYSTEM not set).
2025-03-06 01:24:59.503 [info] [Model][doInitialScan] Initial repository scan completed - repositories (0), closed repositories (0), parent repositories (0), unsafe repositories (0)
2025-03-06 01:25:00.969 [info] > git rev-parse --show-toplevel [37ms]
2025-03-06 01:25:00.969 [info] fatal: not a git repository (or any parent up to mount point /)
Stopping at filesystem boundary (GIT_DISCOVERY_ACROSS_FILESYSTEM not set).
2025-03-06 01:25:00.992 [info] > git rev-parse --show-toplevel [2ms]
2025-03-06 01:25:00.992 [info] fatal: not a git repository (or any parent up to mount point /)
Stopping at filesystem boundary (GIT_DISCOVERY_ACROSS_FILESYSTEM not set).
2025-03-06 01:25:01.016 [info] > git rev-parse --show-toplevel [4ms]
2025-03-06 01:25:01.016 [info] fatal: not a git repository (or any parent up to mount point /)
Stopping at filesystem boundary (GIT_DISCOVERY_ACROSS_FILESYSTEM not set).
2025-03-06 01:25:02.251 [info] > git rev-parse --show-toplevel [2ms]
2025-03-06 01:25:02.251 [info] fatal: not a git repository (or any parent up to mount point /)
Stopping at filesystem boundary (GIT_DISCOVERY_ACROSS_FILESYSTEM not set).
2025-03-06 01:25:02.593 [info] > git rev-parse --show-toplevel [2ms]
2025-03-06 01:25:02.593 [info] fatal: not a git repository (or any parent up to mount point /)
Stopping at filesystem boundary (GIT_DISCOVERY_ACROSS_FILESYSTEM not set).
2025-03-06 01:25:08.551 [info] > git rev-parse --show-toplevel [2ms]
2025-03-06 01:25:08.551 [info] fatal: not a git repository (or any parent up to mount point /)
Stopping at filesystem boundary (GIT_DISCOVERY_ACROSS_FILESYSTEM not set).
2025-03-06 01:25:11.181 [info] > git rev-parse --show-toplevel [2ms]
2025-03-06 01:25:11.181 [info] fatal: not a git repository (or any parent up to mount point /)
Stopping at filesystem boundary (GIT_DISCOVERY_ACROSS_FILESYSTEM not set).
2025-03-06 01:25:13.172 [info] > git rev-parse --show-toplevel [1ms]
2025-03-06 01:25:13.172 [info] fatal: not a git repository (or any parent up to mount point /)
Stopping at filesystem boundary (GIT_DISCOVERY_ACROSS_FILESYSTEM not set).
2025-03-06 01:25:15.463 [info] > git rev-parse --show-toplevel [1ms]
2025-03-06 01:25:15.463 [info] fatal: not a git repository (or any parent up to mount point /)
Stopping at filesystem boundary (GIT_DISCOVERY_ACROSS_FILESYSTEM not set).
2025-03-06 01:25:18.161 [info] > git rev-parse --show-toplevel [2ms]
2025-03-06 01:25:18.161 [info] fatal: not a git repository (or any parent up to mount point /)
Stopping at filesystem boundary (GIT_DISCOVERY_ACROSS_FILESYSTEM not set).
2025-03-06 01:25:20.874 [info] > git rev-parse --show-toplevel [1ms]
2025-03-06 01:25:20.874 [info] fatal: not a git repository (or any parent up to mount point /)
Stopping at filesystem boundary (GIT_DISCOVERY_ACROSS_FILESYSTEM not set).
2025-03-06 01:25:33.829 [info] > git rev-parse --show-toplevel [2ms]
2025-03-06 01:25:33.829 [info] fatal: not a git repository (or any parent up to mount point /)
Stopping at filesystem boundary (GIT_DISCOVERY_ACROSS_FILESYSTEM not set).
