2025-03-06 01:24:59.294 [info] Reading sessions from keychain...
2025-03-06 01:24:59.294 [info] Getting sessions for all scopes...
2025-03-06 01:24:59.294 [info] Getting sessions for all scopes...
2025-03-06 01:24:59.294 [info] Getting sessions for all scopes...
2025-03-06 01:24:59.294 [info] Getting sessions for all scopes...
2025-03-06 01:24:59.294 [info] Getting sessions for all scopes...
2025-03-06 01:24:59.294 [info] Getting sessions for all scopes...
2025-03-06 01:24:59.294 [info] Getting sessions for all scopes...
2025-03-06 01:24:59.294 [info] Got stored sessions!
2025-03-06 01:24:59.294 [info] Got 2 verified sessions.
2025-03-06 01:24:59.294 [info] Got 2 sessions for ...
2025-03-06 01:24:59.294 [info] Got 2 sessions for ...
2025-03-06 01:24:59.294 [info] Got 2 sessions for ...
2025-03-06 01:24:59.294 [info] Got 2 sessions for ...
2025-03-06 01:24:59.294 [info] Got 2 sessions for ...
2025-03-06 01:24:59.294 [info] Got 2 sessions for ...
2025-03-06 01:24:59.294 [info] Got 2 sessions for ...
2025-03-06 01:24:59.450 [info] Getting sessions for all scopes...
2025-03-06 01:24:59.450 [info] Got 2 sessions for ...
2025-03-06 01:25:00.520 [info] Getting sessions for user:email...
2025-03-06 01:25:00.520 [info] Got 1 sessions for user:email...
2025-03-06 01:25:00.993 [info] Getting sessions for read:user,repo,user:email,workflow...
2025-03-06 01:25:00.994 [info] Got 1 sessions for read:user,repo,user:email,workflow...
2025-03-06 01:25:00.994 [info] Getting sessions for all scopes...
2025-03-06 01:25:00.994 [info] Got 2 sessions for ...
2025-03-06 01:25:00.994 [info] Getting sessions for all scopes...
2025-03-06 01:25:00.994 [info] Got 2 sessions for ...
2025-03-06 01:25:00.994 [info] Getting sessions for all scopes...
2025-03-06 01:25:00.994 [info] Got 2 sessions for ...
2025-03-06 01:25:02.250 [info] Getting sessions for read:user,repo,user:email,workflow...
2025-03-06 01:25:02.251 [info] Got 1 sessions for read:user,repo,user:email,workflow...
2025-03-06 01:25:02.254 [info] Getting sessions for all scopes...
2025-03-06 01:25:02.254 [info] Got 2 sessions for ...
2025-03-06 01:25:02.254 [info] Getting sessions for all scopes...
2025-03-06 01:25:02.254 [info] Got 2 sessions for ...
2025-03-06 01:25:02.255 [info] Getting sessions for read:user,repo,user:email,workflow...
2025-03-06 01:25:02.256 [info] Got 1 sessions for read:user,repo,user:email,workflow...
2025-03-06 01:25:02.841 [info] Getting sessions for all scopes...
2025-03-06 01:25:02.841 [info] Got 2 sessions for ...
2025-03-06 01:25:02.841 [info] Getting sessions for all scopes...
2025-03-06 01:25:02.841 [info] Got 2 sessions for ...
2025-03-06 01:25:02.843 [info] Getting sessions for read:user,repo,user:email,workflow...
2025-03-06 01:25:02.844 [info] Got 1 sessions for read:user,repo,user:email,workflow...
2025-03-06 01:25:02.848 [info] Getting sessions for all scopes...
2025-03-06 01:25:02.848 [info] Got 2 sessions for ...
2025-03-06 01:25:02.851 [info] Getting sessions for read:user,repo,user:email,workflow...
2025-03-06 01:25:02.851 [info] Got 1 sessions for read:user,repo,user:email,workflow...
2025-03-06 01:25:02.936 [info] Getting sessions for all scopes...
2025-03-06 01:25:02.936 [info] Got 2 sessions for ...
2025-03-06 01:25:02.938 [info] Getting sessions for read:user,repo,user:email,workflow...
2025-03-06 01:25:02.938 [info] Got 1 sessions for read:user,repo,user:email,workflow...
2025-03-06 01:25:04.044 [info] Getting sessions for all scopes...
2025-03-06 01:25:04.044 [info] Got 2 sessions for ...
2025-03-06 01:25:04.047 [info] Getting sessions for read:user,repo,user:email,workflow...
2025-03-06 01:25:04.047 [info] Got 1 sessions for read:user,repo,user:email,workflow...
2025-03-06 01:40:04.050 [info] Getting sessions for all scopes...
2025-03-06 01:40:04.050 [info] Got 2 sessions for ...
2025-03-06 01:40:04.052 [info] Getting sessions for read:user,repo,user:email,workflow...
2025-03-06 01:40:04.052 [info] Got 1 sessions for read:user,repo,user:email,workflow...
2025-03-06 01:50:02.812 [info] Getting sessions for all scopes...
2025-03-06 01:50:02.812 [info] Got 2 sessions for ...
2025-03-06 01:50:02.816 [info] Getting sessions for read:user,repo,user:email,workflow...
2025-03-06 01:50:02.816 [info] Got 1 sessions for read:user,repo,user:email,workflow...
2025-03-06 01:50:03.393 [info] Getting sessions for all scopes...
2025-03-06 01:50:03.393 [info] Got 2 sessions for ...
2025-03-06 01:50:03.394 [info] Getting sessions for all scopes...
2025-03-06 01:50:03.394 [info] Got 2 sessions for ...
2025-03-06 01:50:03.395 [info] Getting sessions for read:user,repo,user:email,workflow...
2025-03-06 01:50:03.395 [info] Got 1 sessions for read:user,repo,user:email,workflow...
2025-03-06 01:50:03.396 [info] Getting sessions for all scopes...
2025-03-06 01:50:03.396 [info] Got 2 sessions for ...
2025-03-06 01:50:03.397 [info] Getting sessions for read:user,repo,user:email,workflow...
2025-03-06 01:50:03.397 [info] Got 1 sessions for read:user,repo,user:email,workflow...
2025-03-06 01:50:03.404 [info] Getting sessions for all scopes...
2025-03-06 01:50:03.404 [info] Got 2 sessions for ...
2025-03-06 01:50:03.405 [info] Getting sessions for read:user,repo,user:email,workflow...
2025-03-06 01:50:03.405 [info] Got 1 sessions for read:user,repo,user:email,workflow...
2025-03-06 02:05:03.410 [info] Getting sessions for all scopes...
2025-03-06 02:05:03.410 [info] Got 2 sessions for ...
2025-03-06 02:05:03.413 [info] Getting sessions for read:user,repo,user:email,workflow...
2025-03-06 02:05:03.413 [info] Got 1 sessions for read:user,repo,user:email,workflow...
2025-03-06 02:15:03.396 [info] Getting sessions for all scopes...
2025-03-06 02:15:03.396 [info] Got 2 sessions for ...
2025-03-06 02:15:03.398 [info] Getting sessions for read:user,repo,user:email,workflow...
2025-03-06 02:15:03.398 [info] Got 1 sessions for read:user,repo,user:email,workflow...
2025-03-06 02:15:04.090 [info] Getting sessions for all scopes...
2025-03-06 02:15:04.090 [info] Got 2 sessions for ...
2025-03-06 02:15:04.091 [info] Getting sessions for all scopes...
2025-03-06 02:15:04.091 [info] Got 2 sessions for ...
2025-03-06 02:15:04.093 [info] Getting sessions for read:user,repo,user:email,workflow...
2025-03-06 02:15:04.093 [info] Got 1 sessions for read:user,repo,user:email,workflow...
2025-03-06 02:15:04.095 [info] Getting sessions for all scopes...
2025-03-06 02:15:04.095 [info] Got 2 sessions for ...
2025-03-06 02:15:04.097 [info] Getting sessions for read:user,repo,user:email,workflow...
2025-03-06 02:15:04.097 [info] Got 1 sessions for read:user,repo,user:email,workflow...
2025-03-06 02:15:04.107 [info] Getting sessions for all scopes...
2025-03-06 02:15:04.107 [info] Got 2 sessions for ...
2025-03-06 02:15:04.109 [info] Getting sessions for read:user,repo,user:email,workflow...
2025-03-06 02:15:04.109 [info] Got 1 sessions for read:user,repo,user:email,workflow...
