2025-02-17 12:46:15.491 [info] Reading sessions from keychain...
2025-02-17 12:46:15.491 [info] Getting sessions for all scopes...
2025-02-17 12:46:15.491 [info] Getting sessions for all scopes...
2025-02-17 12:46:15.491 [info] Getting sessions for all scopes...
2025-02-17 12:46:15.491 [info] Getting sessions for all scopes...
2025-02-17 12:46:15.491 [info] Getting sessions for all scopes...
2025-02-17 12:46:15.491 [info] Getting sessions for all scopes...
2025-02-17 12:46:15.491 [info] Getting sessions for all scopes...
2025-02-17 12:46:15.491 [info] Got stored sessions!
2025-02-17 12:46:15.491 [info] Got 1 verified sessions.
2025-02-17 12:46:15.491 [info] Got 1 sessions for ...
2025-02-17 12:46:15.491 [info] Got 1 sessions for ...
2025-02-17 12:46:15.491 [info] Got 1 sessions for ...
2025-02-17 12:46:15.491 [info] Got 1 sessions for ...
2025-02-17 12:46:15.491 [info] Got 1 sessions for ...
2025-02-17 12:46:15.491 [info] Got 1 sessions for ...
2025-02-17 12:46:15.491 [info] Got 1 sessions for ...
2025-02-17 12:46:15.491 [info] Getting sessions for all scopes...
2025-02-17 12:46:15.491 [info] Got 1 sessions for ...
2025-02-17 12:46:15.491 [info] Getting sessions for user:email...
2025-02-17 12:46:15.491 [info] Got 1 sessions for user:email...
2025-02-17 12:46:16.782 [info] Getting sessions for all scopes...
2025-02-17 12:46:16.782 [info] Got 1 sessions for ...
2025-02-17 12:46:17.189 [info] Getting sessions for read:user,repo,user:email,workflow...
2025-02-17 12:46:17.189 [info] Got 0 sessions for read:user,repo,user:email,workflow...
2025-02-17 12:46:17.189 [info] Getting sessions for all scopes...
2025-02-17 12:46:17.189 [info] Got 1 sessions for ...
2025-02-17 12:46:17.189 [info] Getting sessions for all scopes...
2025-02-17 12:46:17.189 [info] Got 1 sessions for ...
2025-02-17 12:46:17.251 [info] Getting sessions for read:user...
2025-02-17 12:46:17.251 [info] Got 0 sessions for read:user...
2025-02-17 12:46:17.251 [info] Getting sessions for read:user,repo,user:email,workflow...
2025-02-17 12:46:17.251 [info] Got 0 sessions for read:user,repo,user:email,workflow...
2025-02-17 12:46:17.412 [info] Getting sessions for user:email...
2025-02-17 12:46:17.412 [info] Got 1 sessions for user:email...
2025-02-17 12:46:17.412 [info] Getting sessions for user:email...
2025-02-17 12:46:17.412 [info] Got 1 sessions for user:email...
2025-02-17 12:46:17.473 [info] Getting sessions for all scopes...
2025-02-17 12:46:17.473 [info] Got 1 sessions for ...
2025-02-17 12:46:17.495 [info] Getting sessions for all scopes...
2025-02-17 12:46:17.495 [info] Got 1 sessions for ...
2025-02-17 12:46:18.844 [info] Getting sessions for read:user,repo,user:email,workflow...
2025-02-17 12:46:18.844 [info] Got 0 sessions for read:user,repo,user:email,workflow...
2025-02-17 12:46:18.868 [info] Getting sessions for user:email...
2025-02-17 12:46:18.868 [info] Got 1 sessions for user:email...
2025-02-17 12:46:19.618 [info] Getting sessions for all scopes...
2025-02-17 12:46:19.618 [info] Got 1 sessions for ...
2025-02-17 12:46:19.618 [info] Getting sessions for all scopes...
2025-02-17 12:46:19.618 [info] Got 1 sessions for ...
2025-02-17 12:46:19.626 [info] Getting sessions for read:user,repo,user:email,workflow...
2025-02-17 12:46:19.626 [info] Got 0 sessions for read:user,repo,user:email,workflow...
2025-02-17 12:46:19.629 [info] Getting sessions for user:email...
2025-02-17 12:46:19.629 [info] Got 1 sessions for user:email...
2025-02-17 12:46:19.633 [info] Getting sessions for all scopes...
2025-02-17 12:46:19.633 [info] Got 1 sessions for ...
2025-02-17 12:46:19.635 [info] Getting sessions for read:user,repo,user:email,workflow...
2025-02-17 12:46:19.635 [info] Got 0 sessions for read:user,repo,user:email,workflow...
2025-02-17 12:46:19.643 [info] Getting sessions for user:email...
2025-02-17 12:46:19.643 [info] Got 1 sessions for user:email...
2025-02-17 12:46:19.742 [info] Getting sessions for all scopes...
2025-02-17 12:46:19.742 [info] Got 1 sessions for ...
2025-02-17 12:46:19.761 [info] Getting sessions for read:user,repo,user:email,workflow...
2025-02-17 12:46:19.761 [info] Got 0 sessions for read:user,repo,user:email,workflow...
2025-02-17 12:46:19.772 [info] Getting sessions for user:email...
2025-02-17 12:46:19.772 [info] Got 1 sessions for user:email...
2025-02-17 12:46:20.634 [info] Getting sessions for all scopes...
2025-02-17 12:46:20.634 [info] Got 1 sessions for ...
2025-02-17 12:46:20.637 [info] Getting sessions for read:user,repo,user:email,workflow...
2025-02-17 12:46:20.637 [info] Got 0 sessions for read:user,repo,user:email,workflow...
2025-02-17 12:46:20.642 [info] Getting sessions for user:email...
2025-02-17 12:46:20.642 [info] Got 1 sessions for user:email...
2025-02-17 13:01:20.646 [info] Getting sessions for all scopes...
2025-02-17 13:01:20.646 [info] Got 1 sessions for ...
2025-02-17 13:01:20.648 [info] Getting sessions for read:user,repo,user:email,workflow...
2025-02-17 13:01:20.648 [info] Got 0 sessions for read:user,repo,user:email,workflow...
2025-02-17 13:01:20.650 [info] Getting sessions for user:email...
2025-02-17 13:01:20.650 [info] Got 1 sessions for user:email...
2025-02-17 13:11:14.434 [info] Getting sessions for all scopes...
2025-02-17 13:11:14.434 [info] Got 1 sessions for ...
2025-02-17 13:11:14.441 [info] Getting sessions for read:user,repo,user:email,workflow...
2025-02-17 13:11:14.441 [info] Got 0 sessions for read:user,repo,user:email,workflow...
2025-02-17 13:11:14.446 [info] Getting sessions for user:email...
2025-02-17 13:11:14.446 [info] Got 1 sessions for user:email...
2025-02-17 13:11:15.140 [info] Getting sessions for all scopes...
2025-02-17 13:11:15.140 [info] Got 1 sessions for ...
2025-02-17 13:11:15.143 [info] Getting sessions for read:user,repo,user:email,workflow...
2025-02-17 13:11:15.143 [info] Got 0 sessions for read:user,repo,user:email,workflow...
2025-02-17 13:11:15.145 [info] Getting sessions for user:email...
2025-02-17 13:11:15.145 [info] Got 1 sessions for user:email...
2025-02-17 13:11:15.511 [info] Getting sessions for all scopes...
2025-02-17 13:11:15.511 [info] Got 1 sessions for ...
2025-02-17 13:11:15.514 [info] Getting sessions for read:user,repo,user:email,workflow...
2025-02-17 13:11:15.514 [info] Got 0 sessions for read:user,repo,user:email,workflow...
2025-02-17 13:11:15.516 [info] Getting sessions for user:email...
2025-02-17 13:11:15.516 [info] Got 1 sessions for user:email...
2025-02-17 13:11:19.594 [info] Getting sessions for all scopes...
2025-02-17 13:11:19.594 [info] Got 1 sessions for ...
2025-02-17 13:11:19.597 [info] Getting sessions for read:user,repo,user:email,workflow...
2025-02-17 13:11:19.597 [info] Got 0 sessions for read:user,repo,user:email,workflow...
2025-02-17 13:11:19.599 [info] Getting sessions for user:email...
2025-02-17 13:11:19.600 [info] Got 1 sessions for user:email...
2025-02-17 13:11:20.284 [info] Getting sessions for all scopes...
2025-02-17 13:11:20.284 [info] Got 1 sessions for ...
2025-02-17 13:11:20.285 [info] Getting sessions for all scopes...
2025-02-17 13:11:20.285 [info] Got 1 sessions for ...
2025-02-17 13:11:20.286 [info] Getting sessions for read:user,repo,user:email,workflow...
2025-02-17 13:11:20.286 [info] Got 0 sessions for read:user,repo,user:email,workflow...
2025-02-17 13:11:20.287 [info] Getting sessions for user:email...
2025-02-17 13:11:20.287 [info] Got 1 sessions for user:email...
2025-02-17 13:11:20.289 [info] Getting sessions for all scopes...
2025-02-17 13:11:20.289 [info] Got 1 sessions for ...
2025-02-17 13:11:20.290 [info] Getting sessions for read:user,repo,user:email,workflow...
2025-02-17 13:11:20.290 [info] Got 0 sessions for read:user,repo,user:email,workflow...
2025-02-17 13:11:20.291 [info] Getting sessions for user:email...
2025-02-17 13:11:20.291 [info] Got 1 sessions for user:email...
2025-02-17 13:11:20.298 [info] Getting sessions for all scopes...
2025-02-17 13:11:20.298 [info] Got 1 sessions for ...
2025-02-17 13:11:20.300 [info] Getting sessions for read:user,repo,user:email,workflow...
2025-02-17 13:11:20.300 [info] Got 0 sessions for read:user,repo,user:email,workflow...
2025-02-17 13:11:20.301 [info] Getting sessions for user:email...
2025-02-17 13:11:20.301 [info] Got 1 sessions for user:email...
2025-02-17 13:11:36.992 [info] Getting sessions for read:user,repo,user:email,workflow...
2025-02-17 13:11:36.992 [info] Got 0 sessions for read:user,repo,user:email,workflow...
2025-02-17 13:11:42.182 [info] Logging in with 'any' account...
2025-02-17 13:11:42.182 [info] Logging in for the following scopes: read:user repo user:email workflow
2025-02-17 13:11:42.191 [info] Trying without local server... (read:user repo user:email workflow)
2025-02-17 13:11:49.272 [info] Exchanging code for token...
2025-02-17 13:11:49.739 [info] Token exchange success!
2025-02-17 13:11:49.741 [info] Getting user info...
2025-02-17 13:11:50.257 [info] Got account info!
2025-02-17 13:11:50.257 [info] Storing 2 sessions...
2025-02-17 13:11:50.261 [info] Reading sessions from keychain...
2025-02-17 13:11:50.261 [info] Stored 2 sessions!
2025-02-17 13:11:50.261 [info] Login success!
2025-02-17 13:11:50.262 [info] Getting sessions for all scopes...
2025-02-17 13:11:50.265 [info] Getting sessions for user:email...
2025-02-17 13:11:50.265 [info] Getting sessions for all scopes...
2025-02-17 13:11:50.266 [info] Getting sessions for user:email...
2025-02-17 13:11:50.322 [info] Got stored sessions!
2025-02-17 13:11:50.322 [info] Got 2 verified sessions.
2025-02-17 13:11:50.322 [info] Got 2 sessions for ...
2025-02-17 13:11:50.322 [info] Got 1 sessions for user:email...
2025-02-17 13:11:50.322 [info] Got 2 sessions for ...
2025-02-17 13:11:50.322 [info] Got 1 sessions for user:email...
2025-02-17 13:11:50.325 [info] Getting sessions for read:user,repo,user:email,workflow...
2025-02-17 13:11:50.325 [info] Got 1 sessions for read:user,repo,user:email,workflow...
2025-02-17 13:11:50.325 [info] Getting sessions for all scopes...
2025-02-17 13:11:50.325 [info] Got 2 sessions for ...
2025-02-17 13:11:50.325 [info] Getting sessions for all scopes...
2025-02-17 13:11:50.325 [info] Got 2 sessions for ...
2025-02-17 13:11:50.329 [info] Getting sessions for read:user,repo,user:email,workflow...
2025-02-17 13:11:50.329 [info] Got 1 sessions for read:user,repo,user:email,workflow...
2025-02-17 13:11:50.332 [info] Getting sessions for all scopes...
2025-02-17 13:11:50.332 [info] Got 2 sessions for ...
2025-02-17 13:11:50.333 [info] Getting sessions for read:user,repo,user:email,workflow...
2025-02-17 13:11:50.333 [info] Got 1 sessions for read:user,repo,user:email,workflow...
2025-02-17 13:11:50.335 [info] Getting sessions for all scopes...
2025-02-17 13:11:50.335 [info] Got 2 sessions for ...
2025-02-17 13:11:50.336 [info] Getting sessions for read:user,repo,user:email,workflow...
2025-02-17 13:11:50.336 [info] Got 1 sessions for read:user,repo,user:email,workflow...
2025-02-17 13:11:51.002 [info] Getting sessions for all scopes...
2025-02-17 13:11:51.003 [info] Got 2 sessions for ...
2025-02-17 13:11:51.003 [info] Getting sessions for all scopes...
2025-02-17 13:11:51.003 [info] Got 2 sessions for ...
2025-02-17 13:11:51.007 [info] Getting sessions for read:user,repo,user:email,workflow...
2025-02-17 13:11:51.007 [info] Got 1 sessions for read:user,repo,user:email,workflow...
2025-02-17 13:11:51.010 [info] Getting sessions for all scopes...
2025-02-17 13:11:51.010 [info] Got 2 sessions for ...
2025-02-17 13:11:51.012 [info] Getting sessions for read:user,repo,user:email,workflow...
2025-02-17 13:11:51.012 [info] Got 1 sessions for read:user,repo,user:email,workflow...
2025-02-17 13:11:51.014 [info] Getting sessions for all scopes...
2025-02-17 13:11:51.014 [info] Got 2 sessions for ...
2025-02-17 13:11:51.016 [info] Getting sessions for read:user,repo,user:email,workflow...
2025-02-17 13:11:51.016 [info] Got 1 sessions for read:user,repo,user:email,workflow...
2025-02-17 13:12:59.648 [info] Getting sessions for read:user,repo,user:email,workflow...
2025-02-17 13:12:59.648 [info] Got 1 sessions for read:user,repo,user:email,workflow...
2025-02-17 13:25:50.784 [info] Getting sessions for read:user,repo,user:email,workflow...
2025-02-17 13:25:50.784 [info] Got 1 sessions for read:user,repo,user:email,workflow...
2025-02-17 13:25:51.268 [info] Getting sessions for read:user,repo,user:email,workflow...
2025-02-17 13:25:51.268 [info] Got 1 sessions for read:user,repo,user:email,workflow...
2025-02-17 13:26:51.021 [info] Getting sessions for all scopes...
2025-02-17 13:26:51.022 [info] Got 2 sessions for ...
2025-02-17 13:26:51.024 [info] Getting sessions for read:user,repo,user:email,workflow...
2025-02-17 13:26:51.024 [info] Got 1 sessions for read:user,repo,user:email,workflow...
2025-02-17 13:26:51.027 [info] Getting sessions for all scopes...
2025-02-17 13:26:51.027 [info] Got 2 sessions for ...
2025-02-17 13:26:51.029 [info] Getting sessions for read:user,repo,user:email,workflow...
2025-02-17 13:26:51.029 [info] Got 1 sessions for read:user,repo,user:email,workflow...
2025-02-17 13:36:50.998 [info] Getting sessions for all scopes...
2025-02-17 13:36:50.998 [info] Got 2 sessions for ...
2025-02-17 13:36:51.001 [info] Getting sessions for read:user,repo,user:email,workflow...
2025-02-17 13:36:51.001 [info] Got 1 sessions for read:user,repo,user:email,workflow...
2025-02-17 13:36:51.689 [info] Getting sessions for all scopes...
2025-02-17 13:36:51.689 [info] Got 2 sessions for ...
2025-02-17 13:36:51.689 [info] Getting sessions for all scopes...
2025-02-17 13:36:51.689 [info] Got 2 sessions for ...
2025-02-17 13:36:51.690 [info] Getting sessions for read:user,repo,user:email,workflow...
2025-02-17 13:36:51.690 [info] Got 1 sessions for read:user,repo,user:email,workflow...
2025-02-17 13:36:51.692 [info] Getting sessions for all scopes...
2025-02-17 13:36:51.692 [info] Got 2 sessions for ...
2025-02-17 13:36:51.694 [info] Getting sessions for read:user,repo,user:email,workflow...
2025-02-17 13:36:51.694 [info] Got 1 sessions for read:user,repo,user:email,workflow...
2025-02-17 13:36:51.707 [info] Getting sessions for all scopes...
2025-02-17 13:36:51.707 [info] Got 2 sessions for ...
2025-02-17 13:36:51.709 [info] Getting sessions for read:user,repo,user:email,workflow...
2025-02-17 13:36:51.709 [info] Got 1 sessions for read:user,repo,user:email,workflow...
2025-02-17 13:38:28.931 [info] Getting sessions for read:user,repo,user:email,workflow...
2025-02-17 13:38:28.931 [info] Got 1 sessions for read:user,repo,user:email,workflow...
2025-02-17 13:41:04.499 [info] Getting sessions for read:user,repo,user:email,workflow...
2025-02-17 13:41:04.499 [info] Got 1 sessions for read:user,repo,user:email,workflow...
2025-02-17 13:43:06.178 [info] Getting sessions for read:user,repo,user:email,workflow...
2025-02-17 13:43:06.178 [info] Got 1 sessions for read:user,repo,user:email,workflow...
2025-02-17 13:44:31.726 [info] Getting sessions for all scopes...
2025-02-17 13:44:31.726 [info] Got 2 sessions for ...
2025-02-17 13:44:31.727 [info] Getting sessions for read:user,repo,user:email,workflow...
2025-02-17 13:44:31.727 [info] Got 1 sessions for read:user,repo,user:email,workflow...
2025-02-17 13:44:32.908 [info] Getting sessions for all scopes...
2025-02-17 13:44:32.908 [info] Got 2 sessions for ...
2025-02-17 13:44:32.953 [info] Getting sessions for read:user,repo,user:email,workflow...
2025-02-17 13:44:32.953 [info] Got 1 sessions for read:user,repo,user:email,workflow...
2025-02-17 13:44:33.774 [info] Getting sessions for all scopes...
2025-02-17 13:44:33.774 [info] Got 2 sessions for ...
2025-02-17 13:44:33.776 [info] Getting sessions for read:user,repo,user:email,workflow...
2025-02-17 13:44:33.776 [info] Got 1 sessions for read:user,repo,user:email,workflow...
2025-02-17 13:51:51.715 [info] Getting sessions for all scopes...
2025-02-17 13:51:51.715 [info] Got 2 sessions for ...
2025-02-17 13:51:51.717 [info] Getting sessions for read:user,repo,user:email,workflow...
2025-02-17 13:51:51.717 [info] Got 1 sessions for read:user,repo,user:email,workflow...
2025-02-17 14:01:51.694 [info] Getting sessions for all scopes...
2025-02-17 14:01:51.694 [info] Got 2 sessions for ...
2025-02-17 14:01:51.697 [info] Getting sessions for read:user,repo,user:email,workflow...
2025-02-17 14:01:51.697 [info] Got 1 sessions for read:user,repo,user:email,workflow...
2025-02-17 14:01:52.385 [info] Getting sessions for all scopes...
2025-02-17 14:01:52.385 [info] Got 2 sessions for ...
2025-02-17 14:01:52.386 [info] Getting sessions for all scopes...
2025-02-17 14:01:52.386 [info] Got 2 sessions for ...
2025-02-17 14:01:52.388 [info] Getting sessions for read:user,repo,user:email,workflow...
2025-02-17 14:01:52.388 [info] Got 1 sessions for read:user,repo,user:email,workflow...
2025-02-17 14:01:52.390 [info] Getting sessions for all scopes...
2025-02-17 14:01:52.390 [info] Got 2 sessions for ...
2025-02-17 14:01:52.393 [info] Getting sessions for read:user,repo,user:email,workflow...
2025-02-17 14:01:52.393 [info] Got 1 sessions for read:user,repo,user:email,workflow...
2025-02-17 14:01:52.405 [info] Getting sessions for all scopes...
2025-02-17 14:01:52.405 [info] Got 2 sessions for ...
2025-02-17 14:01:52.410 [info] Getting sessions for read:user,repo,user:email,workflow...
2025-02-17 14:01:52.410 [info] Got 1 sessions for read:user,repo,user:email,workflow...
2025-02-17 14:16:52.418 [info] Getting sessions for all scopes...
2025-02-17 14:16:52.418 [info] Got 2 sessions for ...
2025-02-17 14:16:52.421 [info] Getting sessions for read:user,repo,user:email,workflow...
2025-02-17 14:16:52.445 [info] Got 1 sessions for read:user,repo,user:email,workflow...
2025-02-17 14:26:52.388 [info] Getting sessions for all scopes...
2025-02-17 14:26:52.388 [info] Got 2 sessions for ...
2025-02-17 14:26:52.391 [info] Getting sessions for read:user,repo,user:email,workflow...
2025-02-17 14:26:52.391 [info] Got 1 sessions for read:user,repo,user:email,workflow...
2025-02-17 14:26:52.985 [info] Getting sessions for all scopes...
2025-02-17 14:26:52.985 [info] Got 2 sessions for ...
2025-02-17 14:26:52.985 [info] Getting sessions for all scopes...
2025-02-17 14:26:52.985 [info] Got 2 sessions for ...
2025-02-17 14:26:52.987 [info] Getting sessions for read:user,repo,user:email,workflow...
2025-02-17 14:26:52.987 [info] Got 1 sessions for read:user,repo,user:email,workflow...
2025-02-17 14:26:52.990 [info] Getting sessions for all scopes...
2025-02-17 14:26:52.990 [info] Got 2 sessions for ...
2025-02-17 14:26:52.992 [info] Getting sessions for read:user,repo,user:email,workflow...
2025-02-17 14:26:52.992 [info] Got 1 sessions for read:user,repo,user:email,workflow...
2025-02-17 14:26:53.004 [info] Getting sessions for all scopes...
2025-02-17 14:26:53.004 [info] Got 2 sessions for ...
2025-02-17 14:26:53.006 [info] Getting sessions for read:user,repo,user:email,workflow...
2025-02-17 14:26:53.006 [info] Got 1 sessions for read:user,repo,user:email,workflow...
2025-02-17 14:41:53.013 [info] Getting sessions for all scopes...
2025-02-17 14:41:53.013 [info] Got 2 sessions for ...
2025-02-17 14:41:53.016 [info] Getting sessions for read:user,repo,user:email,workflow...
2025-02-17 14:41:53.016 [info] Got 1 sessions for read:user,repo,user:email,workflow...
2025-02-17 14:51:52.989 [info] Getting sessions for all scopes...
2025-02-17 14:51:52.989 [info] Got 2 sessions for ...
2025-02-17 14:51:52.991 [info] Getting sessions for read:user,repo,user:email,workflow...
2025-02-17 14:51:52.991 [info] Got 1 sessions for read:user,repo,user:email,workflow...
2025-02-17 14:51:53.781 [info] Getting sessions for all scopes...
2025-02-17 14:51:53.781 [info] Got 2 sessions for ...
2025-02-17 14:51:53.781 [info] Getting sessions for all scopes...
2025-02-17 14:51:53.781 [info] Got 2 sessions for ...
2025-02-17 14:51:53.783 [info] Getting sessions for read:user,repo,user:email,workflow...
2025-02-17 14:51:53.783 [info] Got 1 sessions for read:user,repo,user:email,workflow...
2025-02-17 14:51:53.786 [info] Getting sessions for all scopes...
2025-02-17 14:51:53.786 [info] Got 2 sessions for ...
2025-02-17 14:51:53.788 [info] Getting sessions for read:user,repo,user:email,workflow...
2025-02-17 14:51:53.788 [info] Got 1 sessions for read:user,repo,user:email,workflow...
2025-02-17 14:51:53.801 [info] Getting sessions for all scopes...
2025-02-17 14:51:53.801 [info] Got 2 sessions for ...
2025-02-17 14:51:53.804 [info] Getting sessions for read:user,repo,user:email,workflow...
2025-02-17 14:51:53.804 [info] Got 1 sessions for read:user,repo,user:email,workflow...
2025-02-17 15:06:53.812 [info] Getting sessions for all scopes...
2025-02-17 15:06:53.812 [info] Got 2 sessions for ...
2025-02-17 15:06:53.815 [info] Getting sessions for read:user,repo,user:email,workflow...
2025-02-17 15:06:53.815 [info] Got 1 sessions for read:user,repo,user:email,workflow...
2025-02-17 15:16:53.783 [info] Getting sessions for all scopes...
2025-02-17 15:16:53.783 [info] Got 2 sessions for ...
2025-02-17 15:16:53.786 [info] Getting sessions for read:user,repo,user:email,workflow...
2025-02-17 15:16:53.786 [info] Got 1 sessions for read:user,repo,user:email,workflow...
2025-02-17 15:16:54.476 [info] Getting sessions for all scopes...
2025-02-17 15:16:54.476 [info] Got 2 sessions for ...
2025-02-17 15:16:54.477 [info] Getting sessions for all scopes...
2025-02-17 15:16:54.477 [info] Got 2 sessions for ...
2025-02-17 15:16:54.478 [info] Getting sessions for read:user,repo,user:email,workflow...
2025-02-17 15:16:54.478 [info] Got 1 sessions for read:user,repo,user:email,workflow...
2025-02-17 15:16:54.480 [info] Getting sessions for all scopes...
2025-02-17 15:16:54.480 [info] Got 2 sessions for ...
2025-02-17 15:16:54.482 [info] Getting sessions for read:user,repo,user:email,workflow...
2025-02-17 15:16:54.482 [info] Got 1 sessions for read:user,repo,user:email,workflow...
2025-02-17 15:16:54.494 [info] Getting sessions for all scopes...
2025-02-17 15:16:54.494 [info] Got 2 sessions for ...
2025-02-17 15:16:54.496 [info] Getting sessions for read:user,repo,user:email,workflow...
2025-02-17 15:16:54.496 [info] Got 1 sessions for read:user,repo,user:email,workflow...
2025-02-17 15:17:54.525 [info] Getting sessions for read:user,repo,user:email,workflow...
2025-02-17 15:17:54.525 [info] Got 1 sessions for read:user,repo,user:email,workflow...
2025-02-17 15:22:31.014 [info] Getting sessions for all scopes...
2025-02-17 15:22:31.014 [info] Got 2 sessions for ...
2025-02-17 15:22:31.029 [info] Getting sessions for read:user,repo,user:email,workflow...
2025-02-17 15:22:31.029 [info] Got 1 sessions for read:user,repo,user:email,workflow...
2025-02-17 15:22:32.068 [info] Getting sessions for all scopes...
2025-02-17 15:22:32.068 [info] Got 2 sessions for ...
2025-02-17 15:22:32.069 [info] Getting sessions for read:user,repo,user:email,workflow...
2025-02-17 15:22:32.070 [info] Got 1 sessions for read:user,repo,user:email,workflow...
2025-02-17 15:22:32.157 [info] Getting sessions for all scopes...
2025-02-17 15:22:32.157 [info] Got 2 sessions for ...
2025-02-17 15:22:32.160 [info] Getting sessions for read:user,repo,user:email,workflow...
2025-02-17 15:22:32.160 [info] Got 1 sessions for read:user,repo,user:email,workflow...
2025-02-17 15:22:39.967 [info] Getting sessions for all scopes...
2025-02-17 15:22:39.967 [info] Got 2 sessions for ...
2025-02-17 15:22:39.970 [info] Getting sessions for read:user,repo,user:email,workflow...
2025-02-17 15:22:39.970 [info] Got 1 sessions for read:user,repo,user:email,workflow...
2025-02-17 15:22:40.419 [info] Getting sessions for all scopes...
2025-02-17 15:22:40.420 [info] Got 2 sessions for ...
2025-02-17 15:22:40.422 [info] Getting sessions for read:user,repo,user:email,workflow...
2025-02-17 15:22:40.423 [info] Got 1 sessions for read:user,repo,user:email,workflow...
2025-02-17 15:31:54.502 [info] Getting sessions for all scopes...
2025-02-17 15:31:54.502 [info] Got 2 sessions for ...
2025-02-17 15:31:54.505 [info] Getting sessions for read:user,repo,user:email,workflow...
2025-02-17 15:31:54.505 [info] Got 1 sessions for read:user,repo,user:email,workflow...
2025-02-17 15:41:54.478 [info] Getting sessions for all scopes...
2025-02-17 15:41:54.478 [info] Got 2 sessions for ...
2025-02-17 15:41:54.481 [info] Getting sessions for read:user,repo,user:email,workflow...
2025-02-17 15:41:54.481 [info] Got 1 sessions for read:user,repo,user:email,workflow...
2025-02-17 15:41:55.173 [info] Getting sessions for all scopes...
2025-02-17 15:41:55.173 [info] Got 2 sessions for ...
2025-02-17 15:41:55.173 [info] Getting sessions for all scopes...
2025-02-17 15:41:55.173 [info] Got 2 sessions for ...
2025-02-17 15:41:55.176 [info] Getting sessions for read:user,repo,user:email,workflow...
2025-02-17 15:41:55.176 [info] Got 1 sessions for read:user,repo,user:email,workflow...
2025-02-17 15:41:55.178 [info] Getting sessions for all scopes...
2025-02-17 15:41:55.178 [info] Got 2 sessions for ...
2025-02-17 15:41:55.180 [info] Getting sessions for read:user,repo,user:email,workflow...
2025-02-17 15:41:55.180 [info] Got 1 sessions for read:user,repo,user:email,workflow...
2025-02-17 15:41:55.190 [info] Getting sessions for all scopes...
2025-02-17 15:41:55.190 [info] Got 2 sessions for ...
2025-02-17 15:41:55.193 [info] Getting sessions for read:user,repo,user:email,workflow...
2025-02-17 15:41:55.193 [info] Got 1 sessions for read:user,repo,user:email,workflow...
2025-02-17 15:41:55.198 [info] Getting sessions for all scopes...
2025-02-17 15:41:55.198 [info] Got 2 sessions for ...
2025-02-17 15:41:55.201 [info] Getting sessions for read:user,repo,user:email,workflow...
2025-02-17 15:41:55.201 [info] Got 1 sessions for read:user,repo,user:email,workflow...
2025-02-17 15:43:01.517 [info] Getting sessions for read:user,repo,user:email,workflow...
2025-02-17 15:43:01.517 [info] Got 1 sessions for read:user,repo,user:email,workflow...
2025-02-17 15:56:55.821 [info] Getting sessions for all scopes...
2025-02-17 15:56:55.821 [info] Got 2 sessions for ...
2025-02-17 15:56:55.823 [info] Getting sessions for read:user,repo,user:email,workflow...
2025-02-17 15:56:55.823 [info] Got 1 sessions for read:user,repo,user:email,workflow...
2025-02-17 16:06:55.174 [info] Getting sessions for all scopes...
2025-02-17 16:06:55.174 [info] Got 2 sessions for ...
2025-02-17 16:06:55.177 [info] Getting sessions for read:user,repo,user:email,workflow...
2025-02-17 16:06:55.177 [info] Got 1 sessions for read:user,repo,user:email,workflow...
2025-02-17 16:06:55.865 [info] Getting sessions for all scopes...
2025-02-17 16:06:55.865 [info] Got 2 sessions for ...
2025-02-17 16:06:55.866 [info] Getting sessions for all scopes...
2025-02-17 16:06:55.866 [info] Got 2 sessions for ...
2025-02-17 16:06:55.870 [info] Getting sessions for read:user,repo,user:email,workflow...
2025-02-17 16:06:55.870 [info] Got 1 sessions for read:user,repo,user:email,workflow...
2025-02-17 16:06:55.872 [info] Getting sessions for all scopes...
2025-02-17 16:06:55.873 [info] Got 2 sessions for ...
2025-02-17 16:06:55.875 [info] Getting sessions for read:user,repo,user:email,workflow...
2025-02-17 16:06:55.875 [info] Got 1 sessions for read:user,repo,user:email,workflow...
2025-02-17 16:06:55.887 [info] Getting sessions for all scopes...
2025-02-17 16:06:55.887 [info] Got 2 sessions for ...
2025-02-17 16:06:55.890 [info] Getting sessions for read:user,repo,user:email,workflow...
2025-02-17 16:06:55.890 [info] Got 1 sessions for read:user,repo,user:email,workflow...
2025-02-17 16:06:55.897 [info] Getting sessions for all scopes...
2025-02-17 16:06:55.897 [info] Got 2 sessions for ...
2025-02-17 16:06:55.899 [info] Getting sessions for read:user,repo,user:email,workflow...
2025-02-17 16:06:55.899 [info] Got 1 sessions for read:user,repo,user:email,workflow...
2025-02-17 16:13:40.022 [info] Getting sessions for read:user,repo,user:email,workflow...
2025-02-17 16:13:40.022 [info] Got 1 sessions for read:user,repo,user:email,workflow...
2025-02-17 16:21:56.807 [info] Getting sessions for all scopes...
2025-02-17 16:21:56.807 [info] Got 2 sessions for ...
2025-02-17 16:21:56.809 [info] Getting sessions for read:user,repo,user:email,workflow...
2025-02-17 16:21:56.809 [info] Got 1 sessions for read:user,repo,user:email,workflow...
2025-02-17 16:31:55.866 [info] Getting sessions for all scopes...
2025-02-17 16:31:55.867 [info] Got 2 sessions for ...
2025-02-17 16:31:55.868 [info] Getting sessions for read:user,repo,user:email,workflow...
2025-02-17 16:31:55.868 [info] Got 1 sessions for read:user,repo,user:email,workflow...
2025-02-17 16:31:56.560 [info] Getting sessions for all scopes...
2025-02-17 16:31:56.560 [info] Got 2 sessions for ...
2025-02-17 16:31:56.561 [info] Getting sessions for all scopes...
2025-02-17 16:31:56.561 [info] Got 2 sessions for ...
2025-02-17 16:31:56.562 [info] Getting sessions for read:user,repo,user:email,workflow...
2025-02-17 16:31:56.562 [info] Got 1 sessions for read:user,repo,user:email,workflow...
2025-02-17 16:31:56.563 [info] Getting sessions for all scopes...
2025-02-17 16:31:56.564 [info] Got 2 sessions for ...
2025-02-17 16:31:56.565 [info] Getting sessions for read:user,repo,user:email,workflow...
2025-02-17 16:31:56.565 [info] Got 1 sessions for read:user,repo,user:email,workflow...
2025-02-17 16:31:56.576 [info] Getting sessions for all scopes...
2025-02-17 16:31:56.576 [info] Got 2 sessions for ...
2025-02-17 16:31:56.577 [info] Getting sessions for read:user,repo,user:email,workflow...
2025-02-17 16:31:56.577 [info] Got 1 sessions for read:user,repo,user:email,workflow...
2025-02-17 16:31:56.581 [info] Getting sessions for all scopes...
2025-02-17 16:31:56.581 [info] Got 2 sessions for ...
2025-02-17 16:31:56.582 [info] Getting sessions for read:user,repo,user:email,workflow...
2025-02-17 16:31:56.582 [info] Got 1 sessions for read:user,repo,user:email,workflow...
2025-02-17 16:46:57.502 [info] Getting sessions for all scopes...
2025-02-17 16:46:57.502 [info] Got 2 sessions for ...
2025-02-17 16:46:57.504 [info] Getting sessions for read:user,repo,user:email,workflow...
2025-02-17 16:46:57.505 [info] Got 1 sessions for read:user,repo,user:email,workflow...
2025-02-17 16:56:56.562 [info] Getting sessions for all scopes...
2025-02-17 16:56:56.562 [info] Got 2 sessions for ...
2025-02-17 16:56:56.565 [info] Getting sessions for read:user,repo,user:email,workflow...
2025-02-17 16:56:56.565 [info] Got 1 sessions for read:user,repo,user:email,workflow...
2025-02-17 16:56:57.090 [info] Getting sessions for all scopes...
2025-02-17 16:56:57.091 [info] Got 2 sessions for ...
2025-02-17 16:56:57.091 [info] Getting sessions for all scopes...
2025-02-17 16:56:57.091 [info] Got 2 sessions for ...
2025-02-17 16:56:57.093 [info] Getting sessions for read:user,repo,user:email,workflow...
2025-02-17 16:56:57.093 [info] Got 1 sessions for read:user,repo,user:email,workflow...
2025-02-17 16:56:57.095 [info] Getting sessions for all scopes...
2025-02-17 16:56:57.095 [info] Got 2 sessions for ...
2025-02-17 16:56:57.097 [info] Getting sessions for read:user,repo,user:email,workflow...
2025-02-17 16:56:57.098 [info] Got 1 sessions for read:user,repo,user:email,workflow...
2025-02-17 16:56:57.110 [info] Getting sessions for all scopes...
2025-02-17 16:56:57.110 [info] Got 2 sessions for ...
2025-02-17 16:56:57.112 [info] Getting sessions for read:user,repo,user:email,workflow...
2025-02-17 16:56:57.112 [info] Got 1 sessions for read:user,repo,user:email,workflow...
2025-02-17 17:11:57.118 [info] Getting sessions for all scopes...
2025-02-17 17:11:57.118 [info] Got 2 sessions for ...
2025-02-17 17:11:57.121 [info] Getting sessions for read:user,repo,user:email,workflow...
2025-02-17 17:11:57.121 [info] Got 1 sessions for read:user,repo,user:email,workflow...
2025-02-17 17:21:57.091 [info] Getting sessions for all scopes...
2025-02-17 17:21:57.092 [info] Got 2 sessions for ...
2025-02-17 17:21:57.093 [info] Getting sessions for read:user,repo,user:email,workflow...
2025-02-17 17:21:57.093 [info] Got 1 sessions for read:user,repo,user:email,workflow...
2025-02-17 17:21:57.864 [info] Getting sessions for all scopes...
2025-02-17 17:21:57.864 [info] Got 2 sessions for ...
2025-02-17 17:21:57.864 [info] Getting sessions for all scopes...
2025-02-17 17:21:57.864 [info] Got 2 sessions for ...
2025-02-17 17:21:57.865 [info] Getting sessions for read:user,repo,user:email,workflow...
2025-02-17 17:21:57.865 [info] Got 1 sessions for read:user,repo,user:email,workflow...
2025-02-17 17:21:57.866 [info] Getting sessions for all scopes...
2025-02-17 17:21:57.866 [info] Got 2 sessions for ...
2025-02-17 17:21:57.867 [info] Getting sessions for read:user,repo,user:email,workflow...
2025-02-17 17:21:57.868 [info] Got 1 sessions for read:user,repo,user:email,workflow...
2025-02-17 17:21:57.878 [info] Getting sessions for all scopes...
2025-02-17 17:21:57.878 [info] Got 2 sessions for ...
2025-02-17 17:21:57.882 [info] Getting sessions for read:user,repo,user:email,workflow...
2025-02-17 17:21:57.882 [info] Got 1 sessions for read:user,repo,user:email,workflow...
2025-02-17 17:36:57.886 [info] Getting sessions for all scopes...
2025-02-17 17:36:57.886 [info] Got 2 sessions for ...
2025-02-17 17:36:57.887 [info] Getting sessions for read:user,repo,user:email,workflow...
2025-02-17 17:36:57.887 [info] Got 1 sessions for read:user,repo,user:email,workflow...
2025-02-17 17:42:32.141 [info] Getting sessions for read:user,repo,user:email,workflow...
2025-02-17 17:42:32.141 [info] Got 1 sessions for read:user,repo,user:email,workflow...
2025-02-17 17:46:57.865 [info] Getting sessions for all scopes...
2025-02-17 17:46:57.866 [info] Got 2 sessions for ...
2025-02-17 17:46:57.868 [info] Getting sessions for read:user,repo,user:email,workflow...
2025-02-17 17:46:57.868 [info] Got 1 sessions for read:user,repo,user:email,workflow...
2025-02-17 17:46:58.549 [info] Getting sessions for all scopes...
2025-02-17 17:46:58.549 [info] Got 2 sessions for ...
2025-02-17 17:46:58.549 [info] Getting sessions for all scopes...
2025-02-17 17:46:58.549 [info] Got 2 sessions for ...
2025-02-17 17:46:58.550 [info] Getting sessions for read:user,repo,user:email,workflow...
2025-02-17 17:46:58.550 [info] Got 1 sessions for read:user,repo,user:email,workflow...
2025-02-17 17:46:58.552 [info] Getting sessions for all scopes...
2025-02-17 17:46:58.552 [info] Got 2 sessions for ...
2025-02-17 17:46:58.553 [info] Getting sessions for read:user,repo,user:email,workflow...
2025-02-17 17:46:58.553 [info] Got 1 sessions for read:user,repo,user:email,workflow...
2025-02-17 17:46:58.559 [info] Getting sessions for all scopes...
2025-02-17 17:46:58.560 [info] Got 2 sessions for ...
2025-02-17 17:46:58.562 [info] Getting sessions for read:user,repo,user:email,workflow...
2025-02-17 17:46:58.562 [info] Got 1 sessions for read:user,repo,user:email,workflow...
2025-02-17 17:46:58.567 [info] Getting sessions for all scopes...
2025-02-17 17:46:58.567 [info] Got 2 sessions for ...
2025-02-17 17:46:58.569 [info] Getting sessions for read:user,repo,user:email,workflow...
2025-02-17 17:46:58.569 [info] Got 1 sessions for read:user,repo,user:email,workflow...
2025-02-17 18:01:59.289 [info] Getting sessions for all scopes...
2025-02-17 18:01:59.289 [info] Got 2 sessions for ...
2025-02-17 18:01:59.292 [info] Getting sessions for read:user,repo,user:email,workflow...
2025-02-17 18:01:59.292 [info] Got 1 sessions for read:user,repo,user:email,workflow...
2025-02-17 18:11:58.550 [info] Getting sessions for all scopes...
2025-02-17 18:11:58.550 [info] Got 2 sessions for ...
2025-02-17 18:11:58.552 [info] Getting sessions for read:user,repo,user:email,workflow...
2025-02-17 18:11:58.552 [info] Got 1 sessions for read:user,repo,user:email,workflow...
2025-02-17 18:11:59.246 [info] Getting sessions for all scopes...
2025-02-17 18:11:59.246 [info] Got 2 sessions for ...
2025-02-17 18:11:59.246 [info] Getting sessions for all scopes...
2025-02-17 18:11:59.246 [info] Got 2 sessions for ...
2025-02-17 18:11:59.248 [info] Getting sessions for read:user,repo,user:email,workflow...
2025-02-17 18:11:59.248 [info] Got 1 sessions for read:user,repo,user:email,workflow...
2025-02-17 18:11:59.250 [info] Getting sessions for all scopes...
2025-02-17 18:11:59.250 [info] Got 2 sessions for ...
2025-02-17 18:11:59.252 [info] Getting sessions for read:user,repo,user:email,workflow...
2025-02-17 18:11:59.252 [info] Got 1 sessions for read:user,repo,user:email,workflow...
2025-02-17 18:11:59.262 [info] Getting sessions for all scopes...
2025-02-17 18:11:59.262 [info] Got 2 sessions for ...
2025-02-17 18:11:59.264 [info] Getting sessions for read:user,repo,user:email,workflow...
2025-02-17 18:11:59.264 [info] Got 1 sessions for read:user,repo,user:email,workflow...
2025-02-17 18:11:59.270 [info] Getting sessions for all scopes...
2025-02-17 18:11:59.270 [info] Got 2 sessions for ...
2025-02-17 18:11:59.272 [info] Getting sessions for read:user,repo,user:email,workflow...
2025-02-17 18:11:59.272 [info] Got 1 sessions for read:user,repo,user:email,workflow...
2025-02-17 18:26:59.982 [info] Getting sessions for all scopes...
2025-02-17 18:26:59.982 [info] Got 2 sessions for ...
2025-02-17 18:26:59.985 [info] Getting sessions for read:user,repo,user:email,workflow...
2025-02-17 18:26:59.985 [info] Got 1 sessions for read:user,repo,user:email,workflow...
2025-02-17 18:36:59.246 [info] Getting sessions for all scopes...
2025-02-17 18:36:59.246 [info] Got 2 sessions for ...
2025-02-17 18:36:59.249 [info] Getting sessions for read:user,repo,user:email,workflow...
2025-02-17 18:36:59.249 [info] Got 1 sessions for read:user,repo,user:email,workflow...
2025-02-17 18:36:59.836 [info] Getting sessions for all scopes...
2025-02-17 18:36:59.836 [info] Got 2 sessions for ...
2025-02-17 18:36:59.836 [info] Getting sessions for all scopes...
2025-02-17 18:36:59.836 [info] Got 2 sessions for ...
2025-02-17 18:36:59.837 [info] Getting sessions for read:user,repo,user:email,workflow...
2025-02-17 18:36:59.837 [info] Got 1 sessions for read:user,repo,user:email,workflow...
2025-02-17 18:36:59.839 [info] Getting sessions for all scopes...
2025-02-17 18:36:59.839 [info] Got 2 sessions for ...
2025-02-17 18:36:59.841 [info] Getting sessions for read:user,repo,user:email,workflow...
2025-02-17 18:36:59.841 [info] Got 1 sessions for read:user,repo,user:email,workflow...
2025-02-17 18:36:59.849 [info] Getting sessions for all scopes...
2025-02-17 18:36:59.849 [info] Got 2 sessions for ...
2025-02-17 18:36:59.851 [info] Getting sessions for read:user,repo,user:email,workflow...
2025-02-17 18:36:59.851 [info] Got 1 sessions for read:user,repo,user:email,workflow...
2025-02-17 18:51:59.856 [info] Getting sessions for all scopes...
2025-02-17 18:51:59.856 [info] Got 2 sessions for ...
2025-02-17 18:51:59.858 [info] Getting sessions for read:user,repo,user:email,workflow...
2025-02-17 18:51:59.858 [info] Got 1 sessions for read:user,repo,user:email,workflow...
2025-02-17 19:01:59.837 [info] Getting sessions for all scopes...
2025-02-17 19:01:59.837 [info] Got 2 sessions for ...
2025-02-17 19:01:59.839 [info] Getting sessions for read:user,repo,user:email,workflow...
2025-02-17 19:01:59.839 [info] Got 1 sessions for read:user,repo,user:email,workflow...
2025-02-17 19:02:00.533 [info] Getting sessions for all scopes...
2025-02-17 19:02:00.533 [info] Got 2 sessions for ...
2025-02-17 19:02:00.533 [info] Getting sessions for all scopes...
2025-02-17 19:02:00.533 [info] Got 2 sessions for ...
2025-02-17 19:02:00.534 [info] Getting sessions for read:user,repo,user:email,workflow...
2025-02-17 19:02:00.534 [info] Got 1 sessions for read:user,repo,user:email,workflow...
2025-02-17 19:02:00.536 [info] Getting sessions for all scopes...
2025-02-17 19:02:00.536 [info] Got 2 sessions for ...
2025-02-17 19:02:00.539 [info] Getting sessions for read:user,repo,user:email,workflow...
2025-02-17 19:02:00.539 [info] Got 1 sessions for read:user,repo,user:email,workflow...
2025-02-17 19:02:00.549 [info] Getting sessions for all scopes...
2025-02-17 19:02:00.549 [info] Got 2 sessions for ...
2025-02-17 19:02:00.550 [info] Getting sessions for read:user,repo,user:email,workflow...
2025-02-17 19:02:00.550 [info] Got 1 sessions for read:user,repo,user:email,workflow...
2025-02-17 19:17:00.556 [info] Getting sessions for all scopes...
2025-02-17 19:17:00.556 [info] Got 2 sessions for ...
2025-02-17 19:17:00.559 [info] Getting sessions for read:user,repo,user:email,workflow...
2025-02-17 19:17:00.559 [info] Got 1 sessions for read:user,repo,user:email,workflow...
2025-02-17 19:27:00.535 [info] Getting sessions for all scopes...
2025-02-17 19:27:00.535 [info] Got 2 sessions for ...
2025-02-17 19:27:00.537 [info] Getting sessions for read:user,repo,user:email,workflow...
2025-02-17 19:27:00.537 [info] Got 1 sessions for read:user,repo,user:email,workflow...
2025-02-17 19:27:01.227 [info] Getting sessions for all scopes...
2025-02-17 19:27:01.227 [info] Got 2 sessions for ...
2025-02-17 19:27:01.227 [info] Getting sessions for all scopes...
2025-02-17 19:27:01.227 [info] Got 2 sessions for ...
2025-02-17 19:27:01.229 [info] Getting sessions for read:user,repo,user:email,workflow...
2025-02-17 19:27:01.229 [info] Got 1 sessions for read:user,repo,user:email,workflow...
2025-02-17 19:27:01.232 [info] Getting sessions for all scopes...
2025-02-17 19:27:01.232 [info] Got 2 sessions for ...
2025-02-17 19:27:01.234 [info] Getting sessions for read:user,repo,user:email,workflow...
2025-02-17 19:27:01.234 [info] Got 1 sessions for read:user,repo,user:email,workflow...
2025-02-17 19:27:01.245 [info] Getting sessions for all scopes...
2025-02-17 19:27:01.245 [info] Got 2 sessions for ...
2025-02-17 19:27:01.247 [info] Getting sessions for read:user,repo,user:email,workflow...
2025-02-17 19:27:01.248 [info] Got 1 sessions for read:user,repo,user:email,workflow...
