2025-02-18 14:39:10.924 [info] Reading sessions from keychain...
2025-02-18 14:39:10.924 [info] Getting sessions for all scopes...
2025-02-18 14:39:10.924 [info] Getting sessions for all scopes...
2025-02-18 14:39:10.924 [info] Getting sessions for all scopes...
2025-02-18 14:39:10.924 [info] Getting sessions for all scopes...
2025-02-18 14:39:10.924 [info] Getting sessions for all scopes...
2025-02-18 14:39:10.924 [info] Getting sessions for all scopes...
2025-02-18 14:39:10.924 [info] Getting sessions for all scopes...
2025-02-18 14:39:10.924 [info] Got stored sessions!
2025-02-18 14:39:10.924 [info] Got 2 verified sessions.
2025-02-18 14:39:10.924 [info] Got 2 sessions for ...
2025-02-18 14:39:10.924 [info] Got 2 sessions for ...
2025-02-18 14:39:10.924 [info] Got 2 sessions for ...
2025-02-18 14:39:10.924 [info] Got 2 sessions for ...
2025-02-18 14:39:10.924 [info] Got 2 sessions for ...
2025-02-18 14:39:10.924 [info] Got 2 sessions for ...
2025-02-18 14:39:10.924 [info] Got 2 sessions for ...
2025-02-18 14:39:11.510 [info] Getting sessions for all scopes...
2025-02-18 14:39:11.510 [info] Got 2 sessions for ...
2025-02-18 14:39:11.512 [info] Getting sessions for user:email...
2025-02-18 14:39:11.512 [info] Got 1 sessions for user:email...
2025-02-18 14:39:13.103 [info] Getting sessions for all scopes...
2025-02-18 14:39:13.103 [info] Got 2 sessions for ...
2025-02-18 14:39:13.549 [info] Getting sessions for read:user,repo,user:email,workflow...
2025-02-18 14:39:13.549 [info] Got 1 sessions for read:user,repo,user:email,workflow...
2025-02-18 14:39:13.550 [info] Getting sessions for all scopes...
2025-02-18 14:39:13.550 [info] Got 2 sessions for ...
2025-02-18 14:39:13.550 [info] Getting sessions for all scopes...
2025-02-18 14:39:13.550 [info] Got 2 sessions for ...
2025-02-18 14:39:13.725 [info] Getting sessions for read:user,repo,user:email,workflow...
2025-02-18 14:39:13.725 [info] Got 1 sessions for read:user,repo,user:email,workflow...
2025-02-18 14:39:13.963 [info] Getting sessions for read:user,repo,user:email,workflow...
2025-02-18 14:39:13.963 [info] Got 1 sessions for read:user,repo,user:email,workflow...
2025-02-18 14:39:15.176 [info] Getting sessions for all scopes...
2025-02-18 14:39:15.176 [info] Got 2 sessions for ...
2025-02-18 14:39:15.176 [info] Getting sessions for all scopes...
2025-02-18 14:39:15.176 [info] Got 2 sessions for ...
2025-02-18 14:39:15.412 [info] Getting sessions for read:user,repo,user:email,workflow...
2025-02-18 14:39:15.412 [info] Got 1 sessions for read:user,repo,user:email,workflow...
2025-02-18 14:39:16.032 [info] Getting sessions for read:user,repo,user:email,workflow...
2025-02-18 14:39:16.032 [info] Got 1 sessions for read:user,repo,user:email,workflow...
2025-02-18 14:39:16.042 [info] Getting sessions for all scopes...
2025-02-18 14:39:16.042 [info] Got 2 sessions for ...
2025-02-18 14:39:16.077 [info] Getting sessions for read:user,repo,user:email,workflow...
2025-02-18 14:39:16.077 [info] Got 1 sessions for read:user,repo,user:email,workflow...
2025-02-18 14:39:16.196 [info] Getting sessions for all scopes...
2025-02-18 14:39:16.196 [info] Got 2 sessions for ...
2025-02-18 14:39:16.196 [info] Getting sessions for all scopes...
2025-02-18 14:39:16.196 [info] Got 2 sessions for ...
2025-02-18 14:39:16.198 [info] Getting sessions for read:user,repo,user:email,workflow...
2025-02-18 14:39:16.198 [info] Got 1 sessions for read:user,repo,user:email,workflow...
2025-02-18 14:39:16.201 [info] Getting sessions for all scopes...
2025-02-18 14:39:16.201 [info] Got 2 sessions for ...
2025-02-18 14:39:16.203 [info] Getting sessions for read:user,repo,user:email,workflow...
2025-02-18 14:39:16.203 [info] Got 1 sessions for read:user,repo,user:email,workflow...
2025-02-18 14:39:16.276 [info] Getting sessions for all scopes...
2025-02-18 14:39:16.277 [info] Got 2 sessions for ...
2025-02-18 14:39:16.283 [info] Getting sessions for read:user,repo,user:email,workflow...
2025-02-18 14:39:16.283 [info] Got 1 sessions for read:user,repo,user:email,workflow...
2025-02-18 14:39:17.285 [info] Getting sessions for all scopes...
2025-02-18 14:39:17.285 [info] Got 2 sessions for ...
2025-02-18 14:39:17.290 [info] Getting sessions for read:user,repo,user:email,workflow...
2025-02-18 14:39:17.290 [info] Got 1 sessions for read:user,repo,user:email,workflow...
2025-02-18 14:54:17.295 [info] Getting sessions for all scopes...
2025-02-18 14:54:17.295 [info] Got 2 sessions for ...
2025-02-18 14:54:17.297 [info] Getting sessions for read:user,repo,user:email,workflow...
2025-02-18 14:54:17.297 [info] Got 1 sessions for read:user,repo,user:email,workflow...
2025-02-18 14:54:17.301 [info] Getting sessions for all scopes...
2025-02-18 14:54:17.301 [info] Got 2 sessions for ...
2025-02-18 14:54:17.303 [info] Getting sessions for read:user,repo,user:email,workflow...
2025-02-18 14:54:17.303 [info] Got 1 sessions for read:user,repo,user:email,workflow...
2025-02-18 15:04:16.178 [info] Getting sessions for all scopes...
2025-02-18 15:04:16.178 [info] Got 2 sessions for ...
2025-02-18 15:04:16.180 [info] Getting sessions for read:user,repo,user:email,workflow...
2025-02-18 15:04:16.180 [info] Got 1 sessions for read:user,repo,user:email,workflow...
2025-02-18 15:04:16.844 [info] Getting sessions for all scopes...
2025-02-18 15:04:16.844 [info] Got 2 sessions for ...
2025-02-18 15:04:16.845 [info] Getting sessions for all scopes...
2025-02-18 15:04:16.845 [info] Got 2 sessions for ...
2025-02-18 15:04:16.847 [info] Getting sessions for read:user,repo,user:email,workflow...
2025-02-18 15:04:16.847 [info] Got 1 sessions for read:user,repo,user:email,workflow...
2025-02-18 15:04:16.849 [info] Getting sessions for all scopes...
2025-02-18 15:04:16.849 [info] Got 2 sessions for ...
2025-02-18 15:04:16.851 [info] Getting sessions for read:user,repo,user:email,workflow...
2025-02-18 15:04:16.851 [info] Got 1 sessions for read:user,repo,user:email,workflow...
2025-02-18 15:04:16.864 [info] Getting sessions for all scopes...
2025-02-18 15:04:16.864 [info] Got 2 sessions for ...
2025-02-18 15:04:16.866 [info] Getting sessions for read:user,repo,user:email,workflow...
2025-02-18 15:04:16.866 [info] Got 1 sessions for read:user,repo,user:email,workflow...
2025-02-18 15:05:49.024 [info] Getting sessions for read:user,repo,user:email,workflow...
2025-02-18 15:05:49.024 [info] Got 1 sessions for read:user,repo,user:email,workflow...
2025-02-18 15:19:16.876 [info] Getting sessions for all scopes...
2025-02-18 15:19:16.877 [info] Got 2 sessions for ...
2025-02-18 15:19:16.879 [info] Getting sessions for read:user,repo,user:email,workflow...
2025-02-18 15:19:16.879 [info] Got 1 sessions for read:user,repo,user:email,workflow...
2025-02-18 15:19:16.882 [info] Getting sessions for all scopes...
2025-02-18 15:19:16.882 [info] Got 2 sessions for ...
2025-02-18 15:19:16.884 [info] Getting sessions for read:user,repo,user:email,workflow...
2025-02-18 15:19:16.884 [info] Got 1 sessions for read:user,repo,user:email,workflow...
2025-02-18 15:29:16.858 [info] Getting sessions for all scopes...
2025-02-18 15:29:16.858 [info] Got 2 sessions for ...
2025-02-18 15:29:16.863 [info] Getting sessions for read:user,repo,user:email,workflow...
2025-02-18 15:29:16.863 [info] Got 1 sessions for read:user,repo,user:email,workflow...
2025-02-18 15:29:17.540 [info] Getting sessions for all scopes...
2025-02-18 15:29:17.540 [info] Got 2 sessions for ...
2025-02-18 15:29:17.540 [info] Getting sessions for all scopes...
2025-02-18 15:29:17.540 [info] Got 2 sessions for ...
2025-02-18 15:29:17.541 [info] Getting sessions for read:user,repo,user:email,workflow...
2025-02-18 15:29:17.541 [info] Got 1 sessions for read:user,repo,user:email,workflow...
2025-02-18 15:29:17.544 [info] Getting sessions for all scopes...
2025-02-18 15:29:17.544 [info] Got 2 sessions for ...
2025-02-18 15:29:17.545 [info] Getting sessions for read:user,repo,user:email,workflow...
2025-02-18 15:29:17.545 [info] Got 1 sessions for read:user,repo,user:email,workflow...
2025-02-18 15:29:17.558 [info] Getting sessions for all scopes...
2025-02-18 15:29:17.558 [info] Got 2 sessions for ...
2025-02-18 15:29:17.561 [info] Getting sessions for read:user,repo,user:email,workflow...
2025-02-18 15:29:17.561 [info] Got 1 sessions for read:user,repo,user:email,workflow...
2025-02-18 15:33:31.998 [info] Getting sessions for read:user,repo,user:email,workflow...
2025-02-18 15:33:31.998 [info] Got 1 sessions for read:user,repo,user:email,workflow...
2025-02-18 15:33:32.537 [info] Getting sessions for read:user,repo,user:email,workflow...
2025-02-18 15:33:32.537 [info] Got 1 sessions for read:user,repo,user:email,workflow...
2025-02-18 15:34:19.423 [info] Getting sessions for read:user,repo,user:email,workflow...
2025-02-18 15:34:19.423 [info] Got 1 sessions for read:user,repo,user:email,workflow...
2025-02-18 15:34:42.781 [info] Getting sessions for read:user,repo,user:email,workflow...
2025-02-18 15:34:42.781 [info] Got 1 sessions for read:user,repo,user:email,workflow...
2025-02-18 15:37:05.084 [info] Getting sessions for all scopes...
2025-02-18 15:37:05.084 [info] Got 2 sessions for ...
2025-02-18 15:37:05.095 [info] Getting sessions for read:user,repo,user:email,workflow...
2025-02-18 15:37:05.095 [info] Got 1 sessions for read:user,repo,user:email,workflow...
2025-02-18 15:37:05.997 [info] Getting sessions for all scopes...
2025-02-18 15:37:05.997 [info] Got 2 sessions for ...
2025-02-18 15:37:05.999 [info] Getting sessions for read:user,repo,user:email,workflow...
2025-02-18 15:37:05.999 [info] Got 1 sessions for read:user,repo,user:email,workflow...
2025-02-18 15:37:06.393 [info] Getting sessions for all scopes...
2025-02-18 15:37:06.393 [info] Got 2 sessions for ...
2025-02-18 15:37:06.394 [info] Getting sessions for read:user,repo,user:email,workflow...
2025-02-18 15:37:06.395 [info] Got 1 sessions for read:user,repo,user:email,workflow...
2025-02-18 15:37:18.591 [info] Getting sessions for all scopes...
2025-02-18 15:37:18.591 [info] Got 2 sessions for ...
2025-02-18 15:37:18.592 [info] Getting sessions for read:user,repo,user:email,workflow...
2025-02-18 15:37:18.592 [info] Got 1 sessions for read:user,repo,user:email,workflow...
2025-02-18 15:37:19.157 [info] Getting sessions for all scopes...
2025-02-18 15:37:19.157 [info] Got 2 sessions for ...
2025-02-18 15:37:19.158 [info] Getting sessions for read:user,repo,user:email,workflow...
2025-02-18 15:37:19.158 [info] Got 1 sessions for read:user,repo,user:email,workflow...
2025-02-18 15:44:17.566 [info] Getting sessions for all scopes...
2025-02-18 15:44:17.566 [info] Got 2 sessions for ...
2025-02-18 15:44:17.568 [info] Getting sessions for read:user,repo,user:email,workflow...
2025-02-18 15:44:17.568 [info] Got 1 sessions for read:user,repo,user:email,workflow...
2025-02-18 15:54:17.541 [info] Getting sessions for all scopes...
2025-02-18 15:54:17.541 [info] Got 2 sessions for ...
2025-02-18 15:54:17.544 [info] Getting sessions for read:user,repo,user:email,workflow...
2025-02-18 15:54:17.544 [info] Got 1 sessions for read:user,repo,user:email,workflow...
2025-02-18 15:54:18.358 [info] Getting sessions for all scopes...
2025-02-18 15:54:18.358 [info] Got 2 sessions for ...
2025-02-18 15:54:18.358 [info] Getting sessions for all scopes...
2025-02-18 15:54:18.358 [info] Got 2 sessions for ...
2025-02-18 15:54:18.360 [info] Getting sessions for read:user,repo,user:email,workflow...
2025-02-18 15:54:18.360 [info] Got 1 sessions for read:user,repo,user:email,workflow...
2025-02-18 15:54:18.361 [info] Getting sessions for all scopes...
2025-02-18 15:54:18.361 [info] Got 2 sessions for ...
2025-02-18 15:54:18.363 [info] Getting sessions for read:user,repo,user:email,workflow...
2025-02-18 15:54:18.363 [info] Got 1 sessions for read:user,repo,user:email,workflow...
2025-02-18 15:54:18.373 [info] Getting sessions for all scopes...
2025-02-18 15:54:18.373 [info] Got 2 sessions for ...
2025-02-18 15:54:18.376 [info] Getting sessions for read:user,repo,user:email,workflow...
2025-02-18 15:54:18.376 [info] Got 1 sessions for read:user,repo,user:email,workflow...
2025-02-18 16:09:18.382 [info] Getting sessions for all scopes...
2025-02-18 16:09:18.382 [info] Got 2 sessions for ...
2025-02-18 16:09:18.384 [info] Getting sessions for read:user,repo,user:email,workflow...
2025-02-18 16:09:18.384 [info] Got 1 sessions for read:user,repo,user:email,workflow...
2025-02-18 16:19:18.361 [info] Getting sessions for all scopes...
2025-02-18 16:19:18.361 [info] Got 2 sessions for ...
2025-02-18 16:19:18.362 [info] Getting sessions for read:user,repo,user:email,workflow...
2025-02-18 16:19:18.362 [info] Got 1 sessions for read:user,repo,user:email,workflow...
2025-02-18 16:19:19.048 [info] Getting sessions for all scopes...
2025-02-18 16:19:19.048 [info] Got 2 sessions for ...
2025-02-18 16:19:19.048 [info] Getting sessions for all scopes...
2025-02-18 16:19:19.048 [info] Got 2 sessions for ...
2025-02-18 16:19:19.050 [info] Getting sessions for read:user,repo,user:email,workflow...
2025-02-18 16:19:19.050 [info] Got 1 sessions for read:user,repo,user:email,workflow...
2025-02-18 16:19:19.051 [info] Getting sessions for all scopes...
2025-02-18 16:19:19.051 [info] Got 2 sessions for ...
2025-02-18 16:19:19.053 [info] Getting sessions for read:user,repo,user:email,workflow...
2025-02-18 16:19:19.053 [info] Got 1 sessions for read:user,repo,user:email,workflow...
2025-02-18 16:19:19.064 [info] Getting sessions for all scopes...
2025-02-18 16:19:19.064 [info] Got 2 sessions for ...
2025-02-18 16:19:19.066 [info] Getting sessions for read:user,repo,user:email,workflow...
2025-02-18 16:19:19.067 [info] Got 1 sessions for read:user,repo,user:email,workflow...
2025-02-18 16:34:19.072 [info] Getting sessions for all scopes...
2025-02-18 16:34:19.072 [info] Got 2 sessions for ...
2025-02-18 16:34:19.074 [info] Getting sessions for read:user,repo,user:email,workflow...
2025-02-18 16:34:19.074 [info] Got 1 sessions for read:user,repo,user:email,workflow...
2025-02-18 16:44:19.051 [info] Getting sessions for all scopes...
2025-02-18 16:44:19.051 [info] Got 2 sessions for ...
2025-02-18 16:44:19.054 [info] Getting sessions for read:user,repo,user:email,workflow...
2025-02-18 16:44:19.054 [info] Got 1 sessions for read:user,repo,user:email,workflow...
2025-02-18 16:44:19.841 [info] Getting sessions for all scopes...
2025-02-18 16:44:19.841 [info] Got 2 sessions for ...
2025-02-18 16:44:19.841 [info] Getting sessions for all scopes...
2025-02-18 16:44:19.841 [info] Got 2 sessions for ...
2025-02-18 16:44:19.843 [info] Getting sessions for read:user,repo,user:email,workflow...
2025-02-18 16:44:19.843 [info] Got 1 sessions for read:user,repo,user:email,workflow...
2025-02-18 16:44:19.845 [info] Getting sessions for all scopes...
2025-02-18 16:44:19.845 [info] Got 2 sessions for ...
2025-02-18 16:44:19.846 [info] Getting sessions for read:user,repo,user:email,workflow...
2025-02-18 16:44:19.846 [info] Got 1 sessions for read:user,repo,user:email,workflow...
2025-02-18 16:44:19.857 [info] Getting sessions for all scopes...
2025-02-18 16:44:19.857 [info] Got 2 sessions for ...
2025-02-18 16:44:19.858 [info] Getting sessions for read:user,repo,user:email,workflow...
2025-02-18 16:44:19.858 [info] Got 1 sessions for read:user,repo,user:email,workflow...
2025-02-18 16:50:35.508 [info] Getting sessions for read:user,repo,user:email,workflow...
2025-02-18 16:50:35.508 [info] Got 1 sessions for read:user,repo,user:email,workflow...
2025-02-18 16:59:19.863 [info] Getting sessions for all scopes...
2025-02-18 16:59:19.863 [info] Got 2 sessions for ...
2025-02-18 16:59:19.866 [info] Getting sessions for read:user,repo,user:email,workflow...
2025-02-18 16:59:19.866 [info] Got 1 sessions for read:user,repo,user:email,workflow...
2025-02-18 16:59:19.869 [info] Getting sessions for all scopes...
2025-02-18 16:59:19.869 [info] Got 2 sessions for ...
2025-02-18 16:59:19.871 [info] Getting sessions for read:user,repo,user:email,workflow...
2025-02-18 16:59:19.871 [info] Got 1 sessions for read:user,repo,user:email,workflow...
2025-02-18 17:09:19.841 [info] Getting sessions for all scopes...
2025-02-18 17:09:19.841 [info] Got 2 sessions for ...
2025-02-18 17:09:19.844 [info] Getting sessions for read:user,repo,user:email,workflow...
2025-02-18 17:09:19.844 [info] Got 1 sessions for read:user,repo,user:email,workflow...
2025-02-18 17:09:20.537 [info] Getting sessions for all scopes...
2025-02-18 17:09:20.537 [info] Got 2 sessions for ...
2025-02-18 17:09:20.538 [info] Getting sessions for all scopes...
2025-02-18 17:09:20.538 [info] Got 2 sessions for ...
2025-02-18 17:09:20.539 [info] Getting sessions for read:user,repo,user:email,workflow...
2025-02-18 17:09:20.539 [info] Got 1 sessions for read:user,repo,user:email,workflow...
2025-02-18 17:09:20.541 [info] Getting sessions for all scopes...
2025-02-18 17:09:20.541 [info] Got 2 sessions for ...
2025-02-18 17:09:20.543 [info] Getting sessions for read:user,repo,user:email,workflow...
2025-02-18 17:09:20.543 [info] Got 1 sessions for read:user,repo,user:email,workflow...
2025-02-18 17:09:20.554 [info] Getting sessions for all scopes...
2025-02-18 17:09:20.554 [info] Got 2 sessions for ...
2025-02-18 17:09:20.556 [info] Getting sessions for read:user,repo,user:email,workflow...
2025-02-18 17:09:20.556 [info] Got 1 sessions for read:user,repo,user:email,workflow...
2025-02-18 17:18:04.264 [info] Getting sessions for read:user,repo,user:email,workflow...
2025-02-18 17:18:04.264 [info] Got 1 sessions for read:user,repo,user:email,workflow...
2025-02-18 17:24:20.561 [info] Getting sessions for all scopes...
2025-02-18 17:24:20.561 [info] Got 2 sessions for ...
2025-02-18 17:24:20.564 [info] Getting sessions for read:user,repo,user:email,workflow...
2025-02-18 17:24:20.564 [info] Got 1 sessions for read:user,repo,user:email,workflow...
2025-02-18 17:24:20.566 [info] Getting sessions for all scopes...
2025-02-18 17:24:20.566 [info] Got 2 sessions for ...
2025-02-18 17:24:20.568 [info] Getting sessions for read:user,repo,user:email,workflow...
2025-02-18 17:24:20.568 [info] Got 1 sessions for read:user,repo,user:email,workflow...
2025-02-18 17:34:20.539 [info] Getting sessions for all scopes...
2025-02-18 17:34:20.539 [info] Got 2 sessions for ...
2025-02-18 17:34:20.541 [info] Getting sessions for read:user,repo,user:email,workflow...
2025-02-18 17:34:20.541 [info] Got 1 sessions for read:user,repo,user:email,workflow...
2025-02-18 17:34:21.440 [info] Getting sessions for all scopes...
2025-02-18 17:34:21.440 [info] Got 2 sessions for ...
2025-02-18 17:34:21.440 [info] Getting sessions for all scopes...
2025-02-18 17:34:21.440 [info] Got 2 sessions for ...
2025-02-18 17:34:21.442 [info] Getting sessions for read:user,repo,user:email,workflow...
2025-02-18 17:34:21.442 [info] Got 1 sessions for read:user,repo,user:email,workflow...
2025-02-18 17:34:21.445 [info] Getting sessions for all scopes...
2025-02-18 17:34:21.445 [info] Got 2 sessions for ...
2025-02-18 17:34:21.446 [info] Getting sessions for read:user,repo,user:email,workflow...
2025-02-18 17:34:21.447 [info] Got 1 sessions for read:user,repo,user:email,workflow...
2025-02-18 17:34:21.459 [info] Getting sessions for all scopes...
2025-02-18 17:34:21.459 [info] Got 2 sessions for ...
2025-02-18 17:34:21.461 [info] Getting sessions for read:user,repo,user:email,workflow...
2025-02-18 17:34:21.461 [info] Got 1 sessions for read:user,repo,user:email,workflow...
2025-02-18 17:34:21.468 [info] Getting sessions for all scopes...
2025-02-18 17:34:21.468 [info] Got 2 sessions for ...
2025-02-18 17:34:21.470 [info] Getting sessions for read:user,repo,user:email,workflow...
2025-02-18 17:34:21.470 [info] Got 1 sessions for read:user,repo,user:email,workflow...
2025-02-18 17:49:22.182 [info] Getting sessions for all scopes...
2025-02-18 17:49:22.182 [info] Got 2 sessions for ...
2025-02-18 17:49:22.185 [info] Getting sessions for read:user,repo,user:email,workflow...
2025-02-18 17:49:22.185 [info] Got 1 sessions for read:user,repo,user:email,workflow...
2025-02-18 17:59:21.441 [info] Getting sessions for all scopes...
2025-02-18 17:59:21.441 [info] Got 2 sessions for ...
2025-02-18 17:59:21.444 [info] Getting sessions for read:user,repo,user:email,workflow...
2025-02-18 17:59:21.444 [info] Got 1 sessions for read:user,repo,user:email,workflow...
2025-02-18 17:59:22.348 [info] Getting sessions for all scopes...
2025-02-18 17:59:22.348 [info] Got 2 sessions for ...
2025-02-18 17:59:22.348 [info] Getting sessions for all scopes...
2025-02-18 17:59:22.348 [info] Got 2 sessions for ...
2025-02-18 17:59:22.350 [info] Getting sessions for read:user,repo,user:email,workflow...
2025-02-18 17:59:22.350 [info] Got 1 sessions for read:user,repo,user:email,workflow...
2025-02-18 17:59:22.351 [info] Getting sessions for all scopes...
2025-02-18 17:59:22.351 [info] Got 2 sessions for ...
2025-02-18 17:59:22.352 [info] Getting sessions for read:user,repo,user:email,workflow...
2025-02-18 17:59:22.352 [info] Got 1 sessions for read:user,repo,user:email,workflow...
2025-02-18 17:59:22.362 [info] Getting sessions for all scopes...
2025-02-18 17:59:22.362 [info] Got 2 sessions for ...
2025-02-18 17:59:22.364 [info] Getting sessions for read:user,repo,user:email,workflow...
2025-02-18 17:59:22.364 [info] Got 1 sessions for read:user,repo,user:email,workflow...
2025-02-18 18:14:22.394 [info] Getting sessions for all scopes...
2025-02-18 18:14:22.394 [info] Got 2 sessions for ...
2025-02-18 18:14:22.396 [info] Getting sessions for read:user,repo,user:email,workflow...
2025-02-18 18:14:22.396 [info] Got 1 sessions for read:user,repo,user:email,workflow...
2025-02-18 18:24:22.351 [info] Getting sessions for all scopes...
2025-02-18 18:24:22.351 [info] Got 2 sessions for ...
2025-02-18 18:24:22.353 [info] Getting sessions for read:user,repo,user:email,workflow...
2025-02-18 18:24:22.353 [info] Got 1 sessions for read:user,repo,user:email,workflow...
2025-02-18 18:24:23.045 [info] Getting sessions for all scopes...
2025-02-18 18:24:23.045 [info] Got 2 sessions for ...
2025-02-18 18:24:23.046 [info] Getting sessions for all scopes...
2025-02-18 18:24:23.046 [info] Got 2 sessions for ...
2025-02-18 18:24:23.047 [info] Getting sessions for read:user,repo,user:email,workflow...
2025-02-18 18:24:23.047 [info] Got 1 sessions for read:user,repo,user:email,workflow...
2025-02-18 18:24:23.049 [info] Getting sessions for all scopes...
2025-02-18 18:24:23.049 [info] Got 2 sessions for ...
2025-02-18 18:24:23.051 [info] Getting sessions for read:user,repo,user:email,workflow...
2025-02-18 18:24:23.051 [info] Got 1 sessions for read:user,repo,user:email,workflow...
2025-02-18 18:24:23.084 [info] Getting sessions for all scopes...
2025-02-18 18:24:23.084 [info] Got 2 sessions for ...
2025-02-18 18:24:23.086 [info] Getting sessions for read:user,repo,user:email,workflow...
2025-02-18 18:24:23.087 [info] Got 1 sessions for read:user,repo,user:email,workflow...
2025-02-18 18:34:21.350 [info] Getting sessions for read:user,repo,user:email,workflow...
2025-02-18 18:34:21.350 [info] Got 1 sessions for read:user,repo,user:email,workflow...
2025-02-18 18:39:23.091 [info] Getting sessions for all scopes...
2025-02-18 18:39:23.091 [info] Got 2 sessions for ...
2025-02-18 18:39:23.094 [info] Getting sessions for read:user,repo,user:email,workflow...
2025-02-18 18:39:23.094 [info] Got 1 sessions for read:user,repo,user:email,workflow...
2025-02-18 18:39:23.096 [info] Getting sessions for all scopes...
2025-02-18 18:39:23.096 [info] Got 2 sessions for ...
2025-02-18 18:39:23.097 [info] Getting sessions for read:user,repo,user:email,workflow...
2025-02-18 18:39:23.097 [info] Got 1 sessions for read:user,repo,user:email,workflow...
2025-02-18 18:40:17.117 [info] Getting sessions for all scopes...
2025-02-18 18:40:17.117 [info] Got 2 sessions for ...
2025-02-18 18:40:17.119 [info] Getting sessions for read:user,repo,user:email,workflow...
2025-02-18 18:40:17.119 [info] Got 1 sessions for read:user,repo,user:email,workflow...
2025-02-18 18:40:17.592 [info] Getting sessions for all scopes...
2025-02-18 18:40:17.592 [info] Got 2 sessions for ...
2025-02-18 18:40:17.593 [info] Getting sessions for read:user,repo,user:email,workflow...
2025-02-18 18:40:17.593 [info] Got 1 sessions for read:user,repo,user:email,workflow...
2025-02-18 18:49:23.046 [info] Getting sessions for all scopes...
2025-02-18 18:49:23.047 [info] Got 2 sessions for ...
2025-02-18 18:49:23.049 [info] Getting sessions for read:user,repo,user:email,workflow...
2025-02-18 18:49:23.049 [info] Got 1 sessions for read:user,repo,user:email,workflow...
2025-02-18 18:49:23.816 [info] Getting sessions for all scopes...
2025-02-18 18:49:23.816 [info] Got 2 sessions for ...
2025-02-18 18:49:23.816 [info] Getting sessions for all scopes...
2025-02-18 18:49:23.817 [info] Got 2 sessions for ...
2025-02-18 18:49:23.819 [info] Getting sessions for read:user,repo,user:email,workflow...
2025-02-18 18:49:23.819 [info] Got 1 sessions for read:user,repo,user:email,workflow...
2025-02-18 18:49:23.821 [info] Getting sessions for all scopes...
2025-02-18 18:49:23.821 [info] Got 2 sessions for ...
2025-02-18 18:49:23.822 [info] Getting sessions for read:user,repo,user:email,workflow...
2025-02-18 18:49:23.822 [info] Got 1 sessions for read:user,repo,user:email,workflow...
2025-02-18 18:49:23.834 [info] Getting sessions for all scopes...
2025-02-18 18:49:23.834 [info] Got 2 sessions for ...
2025-02-18 18:49:23.835 [info] Getting sessions for read:user,repo,user:email,workflow...
2025-02-18 18:49:23.835 [info] Got 1 sessions for read:user,repo,user:email,workflow...
2025-02-18 19:04:23.839 [info] Getting sessions for all scopes...
2025-02-18 19:04:23.839 [info] Got 2 sessions for ...
2025-02-18 19:04:23.841 [info] Getting sessions for read:user,repo,user:email,workflow...
2025-02-18 19:04:23.841 [info] Got 1 sessions for read:user,repo,user:email,workflow...
2025-02-18 19:04:23.843 [info] Getting sessions for all scopes...
2025-02-18 19:04:23.843 [info] Got 2 sessions for ...
2025-02-18 19:04:23.845 [info] Getting sessions for read:user,repo,user:email,workflow...
2025-02-18 19:04:23.845 [info] Got 1 sessions for read:user,repo,user:email,workflow...
2025-02-18 19:14:23.818 [info] Getting sessions for all scopes...
2025-02-18 19:14:23.818 [info] Got 2 sessions for ...
2025-02-18 19:14:23.821 [info] Getting sessions for read:user,repo,user:email,workflow...
2025-02-18 19:14:23.821 [info] Got 1 sessions for read:user,repo,user:email,workflow...
2025-02-18 19:14:24.683 [info] Getting sessions for all scopes...
2025-02-18 19:14:24.683 [info] Got 2 sessions for ...
2025-02-18 19:14:24.683 [info] Getting sessions for all scopes...
2025-02-18 19:14:24.683 [info] Got 2 sessions for ...
2025-02-18 19:14:24.684 [info] Getting sessions for read:user,repo,user:email,workflow...
2025-02-18 19:14:24.685 [info] Got 1 sessions for read:user,repo,user:email,workflow...
2025-02-18 19:14:24.688 [info] Getting sessions for all scopes...
2025-02-18 19:14:24.688 [info] Got 2 sessions for ...
2025-02-18 19:14:24.689 [info] Getting sessions for read:user,repo,user:email,workflow...
2025-02-18 19:14:24.689 [info] Got 1 sessions for read:user,repo,user:email,workflow...
2025-02-18 19:14:24.700 [info] Getting sessions for all scopes...
2025-02-18 19:14:24.700 [info] Got 2 sessions for ...
2025-02-18 19:14:24.702 [info] Getting sessions for read:user,repo,user:email,workflow...
2025-02-18 19:14:24.702 [info] Got 1 sessions for read:user,repo,user:email,workflow...
2025-02-18 19:14:24.708 [info] Getting sessions for all scopes...
2025-02-18 19:14:24.708 [info] Got 2 sessions for ...
2025-02-18 19:14:24.712 [info] Getting sessions for read:user,repo,user:email,workflow...
2025-02-18 19:14:24.712 [info] Got 1 sessions for read:user,repo,user:email,workflow...
2025-02-18 19:21:38.949 [info] Getting sessions for read:user,repo,user:email,workflow...
2025-02-18 19:21:38.949 [info] Got 1 sessions for read:user,repo,user:email,workflow...
2025-02-18 19:29:25.469 [info] Getting sessions for all scopes...
2025-02-18 19:29:25.469 [info] Got 2 sessions for ...
2025-02-18 19:29:25.472 [info] Getting sessions for read:user,repo,user:email,workflow...
2025-02-18 19:29:25.472 [info] Got 1 sessions for read:user,repo,user:email,workflow...
2025-02-18 19:29:25.475 [info] Getting sessions for all scopes...
2025-02-18 19:29:25.475 [info] Got 2 sessions for ...
2025-02-18 19:29:25.477 [info] Getting sessions for read:user,repo,user:email,workflow...
2025-02-18 19:29:25.477 [info] Got 1 sessions for read:user,repo,user:email,workflow...
2025-02-18 19:39:24.683 [info] Getting sessions for all scopes...
2025-02-18 19:39:24.684 [info] Got 2 sessions for ...
2025-02-18 19:39:24.685 [info] Getting sessions for read:user,repo,user:email,workflow...
2025-02-18 19:39:24.685 [info] Got 1 sessions for read:user,repo,user:email,workflow...
2025-02-18 19:39:25.345 [info] Getting sessions for all scopes...
2025-02-18 19:39:25.345 [info] Got 2 sessions for ...
2025-02-18 19:39:25.345 [info] Getting sessions for all scopes...
2025-02-18 19:39:25.345 [info] Got 2 sessions for ...
2025-02-18 19:39:25.347 [info] Getting sessions for read:user,repo,user:email,workflow...
2025-02-18 19:39:25.347 [info] Got 1 sessions for read:user,repo,user:email,workflow...
2025-02-18 19:39:25.349 [info] Getting sessions for all scopes...
2025-02-18 19:39:25.349 [info] Got 2 sessions for ...
2025-02-18 19:39:25.351 [info] Getting sessions for read:user,repo,user:email,workflow...
2025-02-18 19:39:25.351 [info] Got 1 sessions for read:user,repo,user:email,workflow...
2025-02-18 19:39:25.362 [info] Getting sessions for all scopes...
2025-02-18 19:39:25.362 [info] Got 2 sessions for ...
2025-02-18 19:39:25.364 [info] Getting sessions for read:user,repo,user:email,workflow...
2025-02-18 19:39:25.364 [info] Got 1 sessions for read:user,repo,user:email,workflow...
2025-02-18 21:31:04.717 [info] Getting sessions for all scopes...
2025-02-18 21:31:04.717 [info] Got 2 sessions for ...
2025-02-18 21:31:04.719 [info] Getting sessions for read:user,repo,user:email,workflow...
2025-02-18 21:31:04.719 [info] Got 1 sessions for read:user,repo,user:email,workflow...
2025-02-18 21:31:04.720 [info] Getting sessions for all scopes...
2025-02-18 21:31:04.720 [info] Got 2 sessions for ...
2025-02-18 21:31:04.721 [info] Getting sessions for read:user,repo,user:email,workflow...
2025-02-18 21:31:04.721 [info] Got 1 sessions for read:user,repo,user:email,workflow...
2025-02-18 21:31:05.235 [info] Getting sessions for all scopes...
2025-02-18 21:31:05.235 [info] Got 2 sessions for ...
2025-02-18 21:31:05.235 [info] Getting sessions for all scopes...
2025-02-18 21:31:05.235 [info] Got 2 sessions for ...
2025-02-18 21:31:05.237 [info] Getting sessions for read:user,repo,user:email,workflow...
2025-02-18 21:31:05.237 [info] Got 1 sessions for read:user,repo,user:email,workflow...
2025-02-18 21:31:05.238 [info] Getting sessions for all scopes...
2025-02-18 21:31:05.238 [info] Got 2 sessions for ...
2025-02-18 21:31:05.239 [info] Getting sessions for read:user,repo,user:email,workflow...
2025-02-18 21:31:05.239 [info] Got 1 sessions for read:user,repo,user:email,workflow...
2025-02-18 21:31:05.240 [info] Getting sessions for all scopes...
2025-02-18 21:31:05.240 [info] Got 2 sessions for ...
2025-02-18 21:31:05.241 [info] Getting sessions for read:user,repo,user:email,workflow...
2025-02-18 21:31:05.241 [info] Got 1 sessions for read:user,repo,user:email,workflow...
