2025-02-17 12:46:15.490 [info] Telemetry level is off
2025-02-17 12:46:15.491 [info] Experiments are disabled, only manually opted experiments are active.
2025-02-17 12:46:15.491 [warning] Dir "/home/basic/Projects/Vavilon/.pixi/envs" is not watchable (directory does not exist)
2025-02-17 12:46:15.491 [info] Python interpreter path: ./venv310/bin/python
2025-02-17 12:46:15.508 [info] > pyenv which python
2025-02-17 12:46:15.508 [info] cwd: .
2025-02-17 12:46:15.657 [info] > conda info --json
2025-02-17 12:46:27.208 [info] Starting Pylance language server.
2025-02-17 13:10:26.572 [info] Discover tests for workspace name: undefined - uri: /home/basic/.config/Code/User/settings.json
2025-02-17 13:11:14.226 [info] Send text to terminal: source /home/basic/Projects/Vavilon/venv310/bin/activate.fish
2025-02-17 13:13:22.772 [info] Send text to terminal: source /home/basic/Projects/Vavilon/venv310/bin/activate.fish
2025-02-17 13:15:05.540 [info] Send text to terminal: source /home/basic/Projects/Vavilon/venv310/bin/activate.fish
2025-02-17 13:41:13.551 [info] Discover tests for workspace name: undefined - uri: /home/basic/.config/Code/User/settings.json
2025-02-17 13:50:25.403 [info] Discover tests for workspace name: Vavilon - uri: /home/basic/Projects/Vavilon/audio-translator.py
2025-02-17 13:50:34.902 [info] Discover tests for workspace name: Vavilon - uri: /home/basic/Projects/Vavilon/audio-translator.py
2025-02-17 13:50:35.716 [info] Send text to terminal: source /home/basic/Projects/Vavilon/venv310/bin/activate.fish
2025-02-17 13:50:35.719 [info] CreateEnv Trigger - Skipping for /home/basic/Projects/Vavilon/audio-translator.py
2025-02-17 13:51:11.153 [info] Discover tests for workspace name: Vavilon - uri: /home/basic/Projects/Vavilon/audio-translator.py
2025-02-17 13:51:47.725 [info] Discover tests for workspace name: Vavilon - uri: /home/basic/Projects/Vavilon/audio-translator.py
2025-02-17 15:21:58.081 [info] Discover tests for workspace name: Vavilon - uri: /home/basic/Projects/Vavilon/main.py
2025-02-17 15:22:22.294 [info] Discover tests for workspace name: Vavilon - uri: /home/basic/Projects/Vavilon/main.py
2025-02-17 15:26:46.776 [info] Discover tests for workspace name: Vavilon - uri: /home/basic/Projects/Vavilon/auxiliary-functions.py
2025-02-17 15:31:21.922 [info] Discover tests for workspace name: Vavilon - uri: /home/basic/Projects/Vavilon/main.py
2025-02-17 15:31:45.129 [info] Discover tests for workspace name: Vavilon - uri: /home/basic/Projects/Vavilon/live_file_dubber_demo.py
2025-02-17 15:31:47.013 [info] Discover tests for workspace name: Vavilon - uri: /home/basic/Projects/Vavilon/audio_translator.py
2025-02-17 15:31:52.633 [info] Discover tests for workspace name: Vavilon - uri: /home/basic/Projects/Vavilon/file_dubber_demo.py
2025-02-17 15:32:38.603 [info] Discover tests for workspace name: Vavilon - uri: /home/basic/Projects/Vavilon/main.py
2025-02-17 15:33:08.390 [info] Discover tests for workspace name: Vavilon - uri: /home/basic/Projects/Vavilon/main.py
2025-02-17 15:33:33.833 [info] Discover tests for workspace name: Vavilon - uri: /home/basic/Projects/Vavilon/main.py
2025-02-17 15:33:40.075 [info] Discover tests for workspace name: Vavilon - uri: /home/basic/Projects/Vavilon/main.py
2025-02-17 15:34:14.656 [info] Discover tests for workspace name: Vavilon - uri: /home/basic/Projects/Vavilon/main.py
2025-02-17 15:35:40.319 [info] Discover tests for workspace name: Vavilon - uri: /home/basic/Projects/Vavilon/main.py
2025-02-17 15:37:33.877 [info] Discover tests for workspace name: Vavilon - uri: /home/basic/Projects/Vavilon/main.py
2025-02-17 15:39:08.397 [info] Discover tests for workspace name: Vavilon - uri: /home/basic/Projects/Vavilon/audio_translator.py
2025-02-17 15:43:05.039 [info] Discover tests for workspace name: Vavilon - uri: /home/basic/Projects/Vavilon/audio_translator.py
2025-02-17 15:43:12.009 [info] Discover tests for workspace name: Vavilon - uri: /home/basic/Projects/Vavilon/audio_translator.py
2025-02-17 15:51:01.488 [info] Discover tests for workspace name: Vavilon - uri: /home/basic/Projects/Vavilon/audio_translator.py
2025-02-17 15:51:52.790 [info] Discover tests for workspace name: Vavilon - uri: /home/basic/Projects/Vavilon/audio_translator.py
2025-02-17 15:52:19.977 [info] Discover tests for workspace name: Vavilon - uri: /home/basic/Projects/Vavilon/audio_translator.py
2025-02-17 16:06:46.478 [info] Discover tests for workspace name: Vavilon - uri: /home/basic/Projects/Vavilon/audio_translator.py
2025-02-17 16:07:03.970 [info] Discover tests for workspace name: Vavilon - uri: /home/basic/Projects/Vavilon/audio_translator.py
2025-02-17 16:07:44.238 [info] Discover tests for workspace name: Vavilon - uri: /home/basic/Projects/Vavilon/audio_translator.py
2025-02-17 16:07:48.358 [info] Starting Environment refresh
2025-02-17 16:07:48.358 [info] Searching for interpreters in posix paths locator
2025-02-17 16:07:48.361 [info] Searching for pyenv environments
2025-02-17 16:07:48.361 [info] Searching for conda environments
2025-02-17 16:07:48.361 [info] Searching for global virtual environments
2025-02-17 16:07:48.361 [info] Searching for custom virtual environments
2025-02-17 16:07:48.366 [info] pyenv is not installed
2025-02-17 16:07:48.366 [info] Finished searching for pyenv environments: 7 milliseconds
2025-02-17 16:07:48.366 [info] Finished searching for custom virtual envs: 6 milliseconds
2025-02-17 16:07:48.409 [info] > hatch env show --json
2025-02-17 16:07:48.409 [info] cwd: .
2025-02-17 16:07:48.412 [info] Finished searching for global virtual envs: 52 milliseconds
2025-02-17 16:07:48.419 [info] Found: /bin/python --> /bin/python3.13
2025-02-17 16:07:48.420 [info] Found: /bin/python3 --> /bin/python3.13
2025-02-17 16:07:48.420 [info] Found: /bin/python3.10 --> /bin/python3.10
2025-02-17 16:07:48.421 [info] Found: /bin/python3.13 --> /bin/python3.13
2025-02-17 16:07:48.453 [info] > ./.venv/bin/python -I ~/.vscode/extensions/ms-python.python-2025.0.0-linux-x64/python_files/get_output_via_markers.py ~/.vscode/extensions/ms-python.python-2025.0.0-linux-x64/python_files/interpreterInfo.py
2025-02-17 16:07:48.482 [info] > ./venv310/bin/python -I ~/.vscode/extensions/ms-python.python-2025.0.0-linux-x64/python_files/get_output_via_markers.py ~/.vscode/extensions/ms-python.python-2025.0.0-linux-x64/python_files/interpreterInfo.py
2025-02-17 16:07:48.486 [info] Found: /sbin/python --> /sbin/python3.13
2025-02-17 16:07:48.486 [info] Found: /sbin/python3 --> /sbin/python3.13
2025-02-17 16:07:48.487 [info] Found: /sbin/python3.10 --> /sbin/python3.10
2025-02-17 16:07:48.487 [info] Found: /sbin/python3.13 --> /sbin/python3.13
2025-02-17 16:07:48.492 [info] Found: /usr/bin/python --> /usr/bin/python3.13
2025-02-17 16:07:48.513 [info] > ./venv313/bin/python -I ~/.vscode/extensions/ms-python.python-2025.0.0-linux-x64/python_files/get_output_via_markers.py ~/.vscode/extensions/ms-python.python-2025.0.0-linux-x64/python_files/interpreterInfo.py
2025-02-17 16:07:48.514 [info] Found: /usr/bin/python3 --> /usr/bin/python3.13
2025-02-17 16:07:48.514 [info] Found: /usr/bin/python3.10 --> /usr/bin/python3.10
2025-02-17 16:07:48.514 [info] Found: /usr/bin/python3.13 --> /usr/bin/python3.13
2025-02-17 16:07:48.548 [info] Found: /usr/sbin/python --> /usr/sbin/python3.13
2025-02-17 16:07:48.548 [info] Found: /usr/sbin/python3 --> /usr/sbin/python3.13
2025-02-17 16:07:48.548 [info] Found: /usr/sbin/python3.10 --> /usr/sbin/python3.10
2025-02-17 16:07:48.548 [info] Found: /usr/sbin/python3.13 --> /usr/sbin/python3.13
2025-02-17 16:07:48.586 [info] > /bin/python -I ~/.vscode/extensions/ms-python.python-2025.0.0-linux-x64/python_files/get_output_via_markers.py ~/.vscode/extensions/ms-python.python-2025.0.0-linux-x64/python_files/interpreterInfo.py
2025-02-17 16:07:48.615 [info] > /bin/python3.10 -I ~/.vscode/extensions/ms-python.python-2025.0.0-linux-x64/python_files/get_output_via_markers.py ~/.vscode/extensions/ms-python.python-2025.0.0-linux-x64/python_files/interpreterInfo.py
2025-02-17 16:07:48.654 [info] > /sbin/python -I ~/.vscode/extensions/ms-python.python-2025.0.0-linux-x64/python_files/get_output_via_markers.py ~/.vscode/extensions/ms-python.python-2025.0.0-linux-x64/python_files/interpreterInfo.py
2025-02-17 16:07:48.703 [info] > /sbin/python3.10 -I ~/.vscode/extensions/ms-python.python-2025.0.0-linux-x64/python_files/get_output_via_markers.py ~/.vscode/extensions/ms-python.python-2025.0.0-linux-x64/python_files/interpreterInfo.py
2025-02-17 16:07:48.731 [info] > /usr/bin/python -I ~/.vscode/extensions/ms-python.python-2025.0.0-linux-x64/python_files/get_output_via_markers.py ~/.vscode/extensions/ms-python.python-2025.0.0-linux-x64/python_files/interpreterInfo.py
2025-02-17 16:07:48.765 [info] > /usr/bin/python3.10 -I ~/.vscode/extensions/ms-python.python-2025.0.0-linux-x64/python_files/get_output_via_markers.py ~/.vscode/extensions/ms-python.python-2025.0.0-linux-x64/python_files/interpreterInfo.py
2025-02-17 16:07:48.801 [info] Finished searching for interpreters in posix paths locator: 415 milliseconds
2025-02-17 16:07:48.801 [info] > /usr/sbin/python -I ~/.vscode/extensions/ms-python.python-2025.0.0-linux-x64/python_files/get_output_via_markers.py ~/.vscode/extensions/ms-python.python-2025.0.0-linux-x64/python_files/interpreterInfo.py
2025-02-17 16:07:48.838 [info] > /usr/sbin/python3.10 -I ~/.vscode/extensions/ms-python.python-2025.0.0-linux-x64/python_files/get_output_via_markers.py ~/.vscode/extensions/ms-python.python-2025.0.0-linux-x64/python_files/interpreterInfo.py
2025-02-17 16:07:48.838 [info] Environments refresh paths discovered (event): 482 milliseconds
2025-02-17 16:07:48.838 [info] Environments refresh paths discovered: 482 milliseconds
2025-02-17 16:07:48.861 [info] Environments refresh finished (event): 505 milliseconds
2025-02-17 16:07:48.880 [info] Environment refresh took 525 milliseconds
2025-02-17 16:07:50.820 [info] Discover tests for workspace name: Vavilon - uri: /home/basic/Projects/Vavilon
2025-02-17 16:07:50.820 [info] Python interpreter path: ./venv313/bin/python
2025-02-17 16:08:19.085 [info] Send text to terminal: source /home/basic/Projects/Vavilon/venv313/bin/activate.fish
2025-02-17 16:08:46.274 [info] Discover tests for workspace name: Vavilon - uri: /home/basic/Projects/Vavilon
2025-02-17 16:08:46.274 [info] Python interpreter path: ./venv310/bin/python
2025-02-17 16:08:52.517 [info] Send text to terminal: source /home/basic/Projects/Vavilon/venv310/bin/activate.fish
2025-02-17 16:14:00.760 [info] Discover tests for workspace name: Vavilon - uri: /home/basic/Projects/Vavilon/audio_translator.py
2025-02-17 16:14:06.846 [info] Discover tests for workspace name: Vavilon - uri: /home/basic/Projects/Vavilon/audio_translator.py
2025-02-17 16:16:43.633 [info] Discover tests for workspace name: Vavilon - uri: /home/basic/Projects/Vavilon/auxiliary_functions.py
2025-02-17 16:17:44.225 [info] Discover tests for workspace name: Vavilon - uri: /home/basic/Projects/Vavilon/auxiliary_functions.py
2025-02-17 16:17:53.213 [info] Discover tests for workspace name: Vavilon - uri: /home/basic/Projects/Vavilon/audio_translator.py
2025-02-17 16:19:14.287 [info] Discover tests for workspace name: Vavilon - uri: /home/basic/Projects/Vavilon/audio_translator.py
2025-02-17 16:19:32.213 [info] Discover tests for workspace name: Vavilon - uri: /home/basic/Projects/Vavilon/audio_translator.py
2025-02-17 16:19:36.287 [info] Discover tests for workspace name: Vavilon - uri: /home/basic/Projects/Vavilon/main.py
2025-02-17 16:19:48.777 [info] Discover tests for workspace name: Vavilon - uri: /home/basic/Projects/Vavilon/audio_translator.py
2025-02-17 16:20:09.751 [info] Discover tests for workspace name: Vavilon - uri: /home/basic/Projects/Vavilon/audio_translator.py
2025-02-17 16:20:33.749 [info] Discover tests for workspace name: Vavilon - uri: /home/basic/Projects/Vavilon/audio_translator.py
2025-02-17 16:20:52.603 [info] Discover tests for workspace name: Vavilon - uri: /home/basic/Projects/Vavilon/audio_translator.py
2025-02-17 16:33:04.352 [info] Discover tests for workspace name: Vavilon - uri: /home/basic/Projects/Vavilon/main.py
2025-02-17 16:33:05.714 [info] Discover tests for workspace name: Vavilon - uri: /home/basic/Projects/Vavilon/auxiliary_functions.py
2025-02-17 16:33:22.745 [info] Discover tests for workspace name: Vavilon - uri: /home/basic/Projects/Vavilon/audio_translator.py
2025-02-17 16:33:29.503 [info] Discover tests for workspace name: Vavilon - uri: /home/basic/Projects/Vavilon/audio_translator.py
2025-02-17 17:42:38.974 [info] Discover tests for workspace name: Vavilon - uri: /home/basic/Projects/Vavilon/auxiliary_functions.py
2025-02-17 17:43:15.344 [info] Discover tests for workspace name: Vavilon - uri: /home/basic/Projects/Vavilon/auxiliary_functions.py
2025-02-17 17:44:13.605 [info] Discover tests for workspace name: Vavilon - uri: /home/basic/Projects/Vavilon/auxiliary_functions.py
2025-02-17 17:44:41.734 [info] Discover tests for workspace name: Vavilon - uri: /home/basic/Projects/Vavilon/auxiliary_functions.py
2025-02-17 17:44:51.431 [info] Discover tests for workspace name: Vavilon - uri: /home/basic/Projects/Vavilon/auxiliary_functions.py
2025-02-17 17:46:20.578 [info] Discover tests for workspace name: Vavilon - uri: /home/basic/Projects/Vavilon/audio_translator.py
2025-02-17 17:46:39.017 [info] Discover tests for workspace name: Vavilon - uri: /home/basic/Projects/Vavilon/audio_translator.py
2025-02-17 17:46:46.540 [info] Discover tests for workspace name: Vavilon - uri: /home/basic/Projects/Vavilon/audio_translator.py
2025-02-17 17:51:43.977 [info] Discover tests for workspace name: Vavilon - uri: /home/basic/Projects/Vavilon/audio_translator.py
2025-02-17 17:52:09.530 [info] Discover tests for workspace name: Vavilon - uri: /home/basic/Projects/Vavilon/audio_translator.py
2025-02-17 17:53:44.831 [info] Discover tests for workspace name: Vavilon - uri: /home/basic/Projects/Vavilon/audio_translator.py
2025-02-17 17:55:12.169 [info] Discover tests for workspace name: Vavilon - uri: /home/basic/Projects/Vavilon/main.py
