2025-02-19 10:45:36.932 [info] Reading sessions from keychain...
2025-02-19 10:45:36.932 [info] Getting sessions for all scopes...
2025-02-19 10:45:36.932 [info] Getting sessions for all scopes...
2025-02-19 10:45:36.932 [info] Getting sessions for all scopes...
2025-02-19 10:45:36.932 [info] Getting sessions for all scopes...
2025-02-19 10:45:36.932 [info] Getting sessions for all scopes...
2025-02-19 10:45:36.932 [info] Getting sessions for all scopes...
2025-02-19 10:45:36.932 [info] Getting sessions for all scopes...
2025-02-19 10:45:36.932 [info] Got stored sessions!
2025-02-19 10:45:36.932 [info] Got 2 verified sessions.
2025-02-19 10:45:36.932 [info] Got 2 sessions for ...
2025-02-19 10:45:36.932 [info] Got 2 sessions for ...
2025-02-19 10:45:36.932 [info] Got 2 sessions for ...
2025-02-19 10:45:36.932 [info] Got 2 sessions for ...
2025-02-19 10:45:36.932 [info] Got 2 sessions for ...
2025-02-19 10:45:36.932 [info] Got 2 sessions for ...
2025-02-19 10:45:36.932 [info] Got 2 sessions for ...
2025-02-19 10:45:36.932 [info] Getting sessions for all scopes...
2025-02-19 10:45:36.932 [info] Got 2 sessions for ...
2025-02-19 10:45:36.932 [info] Getting sessions for user:email...
2025-02-19 10:45:36.932 [info] Got 1 sessions for user:email...
2025-02-19 10:45:36.932 [info] Getting sessions for all scopes...
2025-02-19 10:45:36.932 [info] Got 2 sessions for ...
2025-02-19 10:45:39.474 [info] Getting sessions for read:user,repo,user:email,workflow...
2025-02-19 10:45:39.474 [info] Got 1 sessions for read:user,repo,user:email,workflow...
2025-02-19 10:45:39.475 [info] Getting sessions for all scopes...
2025-02-19 10:45:39.475 [info] Got 2 sessions for ...
2025-02-19 10:45:39.475 [info] Getting sessions for all scopes...
2025-02-19 10:45:39.475 [info] Got 2 sessions for ...
2025-02-19 10:45:39.645 [info] Getting sessions for read:user,repo,user:email,workflow...
2025-02-19 10:45:39.645 [info] Got 1 sessions for read:user,repo,user:email,workflow...
2025-02-19 10:45:41.575 [info] Getting sessions for all scopes...
2025-02-19 10:45:41.575 [info] Got 2 sessions for ...
2025-02-19 10:45:41.576 [info] Getting sessions for all scopes...
2025-02-19 10:45:41.576 [info] Got 2 sessions for ...
2025-02-19 10:45:41.600 [info] Getting sessions for read:user,repo,user:email,workflow...
2025-02-19 10:45:41.600 [info] Got 1 sessions for read:user,repo,user:email,workflow...
2025-02-19 10:45:41.785 [info] Getting sessions for read:user,repo,user:email,workflow...
2025-02-19 10:45:41.785 [info] Got 1 sessions for read:user,repo,user:email,workflow...
2025-02-19 10:45:42.191 [info] Getting sessions for all scopes...
2025-02-19 10:45:42.191 [info] Got 2 sessions for ...
2025-02-19 10:45:42.193 [info] Getting sessions for read:user,repo,user:email,workflow...
2025-02-19 10:45:42.193 [info] Got 1 sessions for read:user,repo,user:email,workflow...
2025-02-19 10:45:42.568 [info] Getting sessions for all scopes...
2025-02-19 10:45:42.568 [info] Got 2 sessions for ...
2025-02-19 10:45:42.568 [info] Getting sessions for all scopes...
2025-02-19 10:45:42.568 [info] Got 2 sessions for ...
2025-02-19 10:45:42.568 [info] Getting sessions for read:user,repo,user:email,workflow...
2025-02-19 10:45:42.568 [info] Got 1 sessions for read:user,repo,user:email,workflow...
2025-02-19 10:45:42.596 [info] Getting sessions for read:user,repo,user:email,workflow...
2025-02-19 10:45:42.596 [info] Got 1 sessions for read:user,repo,user:email,workflow...
2025-02-19 10:45:42.600 [info] Getting sessions for all scopes...
2025-02-19 10:45:42.600 [info] Got 2 sessions for ...
2025-02-19 10:45:42.602 [info] Getting sessions for read:user,repo,user:email,workflow...
2025-02-19 10:45:42.602 [info] Got 1 sessions for read:user,repo,user:email,workflow...
2025-02-19 10:45:42.702 [info] Getting sessions for all scopes...
2025-02-19 10:45:42.702 [info] Got 2 sessions for ...
2025-02-19 10:45:42.705 [info] Getting sessions for read:user,repo,user:email,workflow...
2025-02-19 10:45:42.705 [info] Got 1 sessions for read:user,repo,user:email,workflow...
2025-02-19 10:45:43.481 [info] Getting sessions for all scopes...
2025-02-19 10:45:43.481 [info] Got 2 sessions for ...
2025-02-19 10:45:43.486 [info] Getting sessions for read:user,repo,user:email,workflow...
2025-02-19 10:45:43.486 [info] Got 1 sessions for read:user,repo,user:email,workflow...
2025-02-19 11:00:43.490 [info] Getting sessions for all scopes...
2025-02-19 11:00:43.490 [info] Got 2 sessions for ...
2025-02-19 11:00:43.492 [info] Getting sessions for read:user,repo,user:email,workflow...
2025-02-19 11:00:43.492 [info] Got 1 sessions for read:user,repo,user:email,workflow...
2025-02-19 11:10:42.558 [info] Getting sessions for all scopes...
2025-02-19 11:10:42.559 [info] Got 2 sessions for ...
2025-02-19 11:10:42.561 [info] Getting sessions for read:user,repo,user:email,workflow...
2025-02-19 11:10:42.561 [info] Got 1 sessions for read:user,repo,user:email,workflow...
2025-02-19 11:10:44.642 [info] Getting sessions for all scopes...
2025-02-19 11:10:44.643 [info] Got 2 sessions for ...
2025-02-19 11:10:44.643 [info] Getting sessions for all scopes...
2025-02-19 11:10:44.643 [info] Got 2 sessions for ...
2025-02-19 11:10:44.645 [info] Getting sessions for read:user,repo,user:email,workflow...
2025-02-19 11:10:44.645 [info] Got 1 sessions for read:user,repo,user:email,workflow...
2025-02-19 11:10:44.648 [info] Getting sessions for all scopes...
2025-02-19 11:10:44.648 [info] Got 2 sessions for ...
2025-02-19 11:10:44.650 [info] Getting sessions for read:user,repo,user:email,workflow...
2025-02-19 11:10:44.650 [info] Got 1 sessions for read:user,repo,user:email,workflow...
2025-02-19 11:10:44.665 [info] Getting sessions for all scopes...
2025-02-19 11:10:44.665 [info] Got 2 sessions for ...
2025-02-19 11:10:44.668 [info] Getting sessions for read:user,repo,user:email,workflow...
2025-02-19 11:10:44.668 [info] Got 1 sessions for read:user,repo,user:email,workflow...
2025-02-19 11:48:29.501 [info] Getting sessions for read:user,repo,user:email,workflow...
2025-02-19 11:48:29.501 [info] Got 1 sessions for read:user,repo,user:email,workflow...
2025-02-19 11:51:14.863 [info] Getting sessions for all scopes...
2025-02-19 11:51:14.863 [info] Got 2 sessions for ...
2025-02-19 11:51:14.866 [info] Getting sessions for read:user,repo,user:email,workflow...
2025-02-19 11:51:14.866 [info] Got 1 sessions for read:user,repo,user:email,workflow...
2025-02-19 11:51:14.869 [info] Getting sessions for all scopes...
2025-02-19 11:51:14.869 [info] Got 2 sessions for ...
2025-02-19 11:51:14.872 [info] Getting sessions for read:user,repo,user:email,workflow...
2025-02-19 11:51:14.872 [info] Got 1 sessions for read:user,repo,user:email,workflow...
2025-02-19 11:51:15.680 [info] Getting sessions for all scopes...
2025-02-19 11:51:15.680 [info] Got 2 sessions for ...
2025-02-19 11:51:15.681 [info] Getting sessions for all scopes...
2025-02-19 11:51:15.681 [info] Got 2 sessions for ...
2025-02-19 11:51:15.683 [info] Getting sessions for read:user,repo,user:email,workflow...
2025-02-19 11:51:15.683 [info] Got 1 sessions for read:user,repo,user:email,workflow...
2025-02-19 11:51:15.687 [info] Getting sessions for all scopes...
2025-02-19 11:51:15.687 [info] Got 2 sessions for ...
2025-02-19 11:51:15.690 [info] Getting sessions for read:user,repo,user:email,workflow...
2025-02-19 11:51:15.690 [info] Got 1 sessions for read:user,repo,user:email,workflow...
2025-02-19 11:51:15.694 [info] Getting sessions for all scopes...
2025-02-19 11:51:15.694 [info] Got 2 sessions for ...
2025-02-19 11:51:15.697 [info] Getting sessions for read:user,repo,user:email,workflow...
2025-02-19 11:51:15.697 [info] Got 1 sessions for read:user,repo,user:email,workflow...
2025-02-19 11:51:16.554 [info] Getting sessions for all scopes...
2025-02-19 11:51:16.554 [info] Got 2 sessions for ...
2025-02-19 11:51:16.556 [info] Getting sessions for read:user,repo,user:email,workflow...
2025-02-19 11:51:16.557 [info] Got 1 sessions for read:user,repo,user:email,workflow...
2025-02-19 12:06:16.562 [info] Getting sessions for all scopes...
2025-02-19 12:06:16.562 [info] Got 2 sessions for ...
2025-02-19 12:06:16.565 [info] Getting sessions for read:user,repo,user:email,workflow...
2025-02-19 12:06:16.565 [info] Got 1 sessions for read:user,repo,user:email,workflow...
2025-02-19 12:16:15.672 [info] Getting sessions for all scopes...
2025-02-19 12:16:15.672 [info] Got 2 sessions for ...
2025-02-19 12:16:15.675 [info] Getting sessions for read:user,repo,user:email,workflow...
2025-02-19 12:16:15.675 [info] Got 1 sessions for read:user,repo,user:email,workflow...
2025-02-19 12:16:16.473 [info] Getting sessions for all scopes...
2025-02-19 12:16:16.473 [info] Got 2 sessions for ...
2025-02-19 12:16:16.473 [info] Getting sessions for all scopes...
2025-02-19 12:16:16.473 [info] Got 2 sessions for ...
2025-02-19 12:16:16.475 [info] Getting sessions for read:user,repo,user:email,workflow...
2025-02-19 12:16:16.475 [info] Got 1 sessions for read:user,repo,user:email,workflow...
2025-02-19 12:16:16.478 [info] Getting sessions for all scopes...
2025-02-19 12:16:16.478 [info] Got 2 sessions for ...
2025-02-19 12:16:16.480 [info] Getting sessions for read:user,repo,user:email,workflow...
2025-02-19 12:16:16.480 [info] Got 1 sessions for read:user,repo,user:email,workflow...
2025-02-19 12:16:16.493 [info] Getting sessions for all scopes...
2025-02-19 12:16:16.493 [info] Got 2 sessions for ...
2025-02-19 12:16:16.496 [info] Getting sessions for read:user,repo,user:email,workflow...
2025-02-19 12:16:16.496 [info] Got 1 sessions for read:user,repo,user:email,workflow...
2025-02-19 12:31:16.505 [info] Getting sessions for all scopes...
2025-02-19 12:31:16.505 [info] Got 2 sessions for ...
2025-02-19 12:31:16.508 [info] Getting sessions for read:user,repo,user:email,workflow...
2025-02-19 12:31:16.508 [info] Got 1 sessions for read:user,repo,user:email,workflow...
2025-02-19 12:41:16.475 [info] Getting sessions for all scopes...
2025-02-19 12:41:16.475 [info] Got 2 sessions for ...
2025-02-19 12:41:16.478 [info] Getting sessions for read:user,repo,user:email,workflow...
2025-02-19 12:41:16.478 [info] Got 1 sessions for read:user,repo,user:email,workflow...
2025-02-19 12:41:17.382 [info] Getting sessions for all scopes...
2025-02-19 12:41:17.382 [info] Got 2 sessions for ...
2025-02-19 12:41:17.383 [info] Getting sessions for all scopes...
2025-02-19 12:41:17.383 [info] Got 2 sessions for ...
2025-02-19 12:41:17.385 [info] Getting sessions for read:user,repo,user:email,workflow...
2025-02-19 12:41:17.385 [info] Got 1 sessions for read:user,repo,user:email,workflow...
2025-02-19 12:41:17.387 [info] Getting sessions for all scopes...
2025-02-19 12:41:17.387 [info] Got 2 sessions for ...
2025-02-19 12:41:17.390 [info] Getting sessions for read:user,repo,user:email,workflow...
2025-02-19 12:41:17.390 [info] Got 1 sessions for read:user,repo,user:email,workflow...
2025-02-19 12:41:17.402 [info] Getting sessions for all scopes...
2025-02-19 12:41:17.402 [info] Got 2 sessions for ...
2025-02-19 12:41:17.405 [info] Getting sessions for read:user,repo,user:email,workflow...
2025-02-19 12:41:17.405 [info] Got 1 sessions for read:user,repo,user:email,workflow...
2025-02-19 12:44:37.588 [info] Getting sessions for read:user,repo,user:email,workflow...
2025-02-19 12:44:37.588 [info] Got 1 sessions for read:user,repo,user:email,workflow...
2025-02-19 12:56:17.411 [info] Getting sessions for all scopes...
2025-02-19 12:56:17.411 [info] Got 2 sessions for ...
2025-02-19 12:56:17.413 [info] Getting sessions for read:user,repo,user:email,workflow...
2025-02-19 12:56:17.413 [info] Got 1 sessions for read:user,repo,user:email,workflow...
2025-02-19 12:56:17.415 [info] Getting sessions for all scopes...
2025-02-19 12:56:17.415 [info] Got 2 sessions for ...
2025-02-19 12:56:17.416 [info] Getting sessions for read:user,repo,user:email,workflow...
2025-02-19 12:56:17.416 [info] Got 1 sessions for read:user,repo,user:email,workflow...
2025-02-19 13:06:17.404 [info] Getting sessions for all scopes...
2025-02-19 13:06:17.404 [info] Got 2 sessions for ...
2025-02-19 13:06:17.406 [info] Getting sessions for read:user,repo,user:email,workflow...
2025-02-19 13:06:17.406 [info] Got 1 sessions for read:user,repo,user:email,workflow...
2025-02-19 13:06:18.181 [info] Getting sessions for all scopes...
2025-02-19 13:06:18.181 [info] Got 2 sessions for ...
2025-02-19 13:06:18.182 [info] Getting sessions for all scopes...
2025-02-19 13:06:18.182 [info] Got 2 sessions for ...
2025-02-19 13:06:18.208 [info] Getting sessions for read:user,repo,user:email,workflow...
2025-02-19 13:06:18.208 [info] Got 1 sessions for read:user,repo,user:email,workflow...
2025-02-19 13:06:18.211 [info] Getting sessions for all scopes...
2025-02-19 13:06:18.211 [info] Got 2 sessions for ...
2025-02-19 13:06:18.212 [info] Getting sessions for read:user,repo,user:email,workflow...
2025-02-19 13:06:18.212 [info] Got 1 sessions for read:user,repo,user:email,workflow...
2025-02-19 13:06:18.222 [info] Getting sessions for all scopes...
2025-02-19 13:06:18.222 [info] Got 2 sessions for ...
2025-02-19 13:06:18.224 [info] Getting sessions for read:user,repo,user:email,workflow...
2025-02-19 13:06:18.224 [info] Got 1 sessions for read:user,repo,user:email,workflow...
2025-02-19 13:06:18.229 [info] Getting sessions for all scopes...
2025-02-19 13:06:18.229 [info] Got 2 sessions for ...
2025-02-19 13:06:18.231 [info] Getting sessions for read:user,repo,user:email,workflow...
2025-02-19 13:06:18.231 [info] Got 1 sessions for read:user,repo,user:email,workflow...
2025-02-19 13:19:35.638 [info] Getting sessions for read:user,repo,user:email,workflow...
2025-02-19 13:19:35.638 [info] Got 1 sessions for read:user,repo,user:email,workflow...
2025-02-19 13:21:18.914 [info] Getting sessions for all scopes...
2025-02-19 13:21:18.914 [info] Got 2 sessions for ...
2025-02-19 13:21:18.916 [info] Getting sessions for read:user,repo,user:email,workflow...
2025-02-19 13:21:18.916 [info] Got 1 sessions for read:user,repo,user:email,workflow...
2025-02-19 13:21:18.918 [info] Getting sessions for all scopes...
2025-02-19 13:21:18.918 [info] Got 2 sessions for ...
2025-02-19 13:21:18.919 [info] Getting sessions for read:user,repo,user:email,workflow...
2025-02-19 13:21:18.919 [info] Got 1 sessions for read:user,repo,user:email,workflow...
2025-02-19 13:31:18.184 [info] Getting sessions for all scopes...
2025-02-19 13:31:18.184 [info] Got 2 sessions for ...
2025-02-19 13:31:18.187 [info] Getting sessions for read:user,repo,user:email,workflow...
2025-02-19 13:31:18.187 [info] Got 1 sessions for read:user,repo,user:email,workflow...
2025-02-19 13:31:18.957 [info] Getting sessions for all scopes...
2025-02-19 13:31:18.957 [info] Got 2 sessions for ...
2025-02-19 13:31:18.958 [info] Getting sessions for all scopes...
2025-02-19 13:31:18.958 [info] Got 2 sessions for ...
2025-02-19 13:31:18.959 [info] Getting sessions for read:user,repo,user:email,workflow...
2025-02-19 13:31:18.959 [info] Got 1 sessions for read:user,repo,user:email,workflow...
2025-02-19 13:31:18.962 [info] Getting sessions for all scopes...
2025-02-19 13:31:18.962 [info] Got 2 sessions for ...
2025-02-19 13:31:18.964 [info] Getting sessions for read:user,repo,user:email,workflow...
2025-02-19 13:31:18.964 [info] Got 1 sessions for read:user,repo,user:email,workflow...
2025-02-19 13:31:18.977 [info] Getting sessions for all scopes...
2025-02-19 13:31:18.977 [info] Got 2 sessions for ...
2025-02-19 13:31:18.979 [info] Getting sessions for read:user,repo,user:email,workflow...
2025-02-19 13:31:18.979 [info] Got 1 sessions for read:user,repo,user:email,workflow...
2025-02-19 13:44:43.859 [info] Getting sessions for read:user,repo,user:email,workflow...
2025-02-19 13:44:43.859 [info] Got 1 sessions for read:user,repo,user:email,workflow...
2025-02-19 13:46:18.985 [info] Getting sessions for all scopes...
2025-02-19 13:46:18.985 [info] Got 2 sessions for ...
2025-02-19 13:46:18.988 [info] Getting sessions for read:user,repo,user:email,workflow...
2025-02-19 13:46:18.988 [info] Got 1 sessions for read:user,repo,user:email,workflow...
2025-02-19 13:56:18.958 [info] Getting sessions for all scopes...
2025-02-19 13:56:18.958 [info] Got 2 sessions for ...
2025-02-19 13:56:18.960 [info] Getting sessions for read:user,repo,user:email,workflow...
2025-02-19 13:56:18.960 [info] Got 1 sessions for read:user,repo,user:email,workflow...
2025-02-19 13:56:19.551 [info] Getting sessions for all scopes...
2025-02-19 13:56:19.551 [info] Got 2 sessions for ...
2025-02-19 13:56:19.551 [info] Getting sessions for all scopes...
2025-02-19 13:56:19.551 [info] Got 2 sessions for ...
2025-02-19 13:56:19.554 [info] Getting sessions for read:user,repo,user:email,workflow...
2025-02-19 13:56:19.554 [info] Got 1 sessions for read:user,repo,user:email,workflow...
2025-02-19 13:56:19.556 [info] Getting sessions for all scopes...
2025-02-19 13:56:19.556 [info] Got 2 sessions for ...
2025-02-19 13:56:19.558 [info] Getting sessions for read:user,repo,user:email,workflow...
2025-02-19 13:56:19.558 [info] Got 1 sessions for read:user,repo,user:email,workflow...
2025-02-19 13:56:19.568 [info] Getting sessions for all scopes...
2025-02-19 13:56:19.568 [info] Got 2 sessions for ...
2025-02-19 13:56:19.570 [info] Getting sessions for read:user,repo,user:email,workflow...
2025-02-19 13:56:19.570 [info] Got 1 sessions for read:user,repo,user:email,workflow...
2025-02-19 14:56:34.651 [info] Getting sessions for all scopes...
2025-02-19 14:56:34.651 [info] Got 2 sessions for ...
2025-02-19 14:56:34.654 [info] Getting sessions for read:user,repo,user:email,workflow...
2025-02-19 14:56:34.654 [info] Got 1 sessions for read:user,repo,user:email,workflow...
2025-02-19 14:56:34.656 [info] Getting sessions for all scopes...
2025-02-19 14:56:34.656 [info] Got 2 sessions for ...
2025-02-19 14:56:34.658 [info] Getting sessions for read:user,repo,user:email,workflow...
2025-02-19 14:56:34.658 [info] Got 1 sessions for read:user,repo,user:email,workflow...
2025-02-19 14:56:35.373 [info] Getting sessions for all scopes...
2025-02-19 14:56:35.373 [info] Got 2 sessions for ...
2025-02-19 14:56:35.373 [info] Getting sessions for all scopes...
2025-02-19 14:56:35.373 [info] Got 2 sessions for ...
2025-02-19 14:56:35.374 [info] Getting sessions for read:user,repo,user:email,workflow...
2025-02-19 14:56:35.374 [info] Got 1 sessions for read:user,repo,user:email,workflow...
2025-02-19 14:56:35.376 [info] Getting sessions for all scopes...
2025-02-19 14:56:35.376 [info] Got 2 sessions for ...
2025-02-19 14:56:35.378 [info] Getting sessions for read:user,repo,user:email,workflow...
2025-02-19 14:56:35.378 [info] Got 1 sessions for read:user,repo,user:email,workflow...
2025-02-19 14:56:35.381 [info] Getting sessions for all scopes...
2025-02-19 14:56:35.381 [info] Got 2 sessions for ...
2025-02-19 14:56:35.383 [info] Getting sessions for read:user,repo,user:email,workflow...
2025-02-19 14:56:35.383 [info] Got 1 sessions for read:user,repo,user:email,workflow...
2025-02-19 15:11:35.388 [info] Getting sessions for all scopes...
2025-02-19 15:11:35.388 [info] Got 2 sessions for ...
2025-02-19 15:11:35.391 [info] Getting sessions for read:user,repo,user:email,workflow...
2025-02-19 15:11:35.391 [info] Got 1 sessions for read:user,repo,user:email,workflow...
2025-02-19 15:21:35.365 [info] Getting sessions for all scopes...
2025-02-19 15:21:35.365 [info] Got 2 sessions for ...
2025-02-19 15:21:35.368 [info] Getting sessions for read:user,repo,user:email,workflow...
2025-02-19 15:21:35.368 [info] Got 1 sessions for read:user,repo,user:email,workflow...
2025-02-19 15:21:36.164 [info] Getting sessions for all scopes...
2025-02-19 15:21:36.164 [info] Got 2 sessions for ...
2025-02-19 15:21:36.164 [info] Getting sessions for all scopes...
2025-02-19 15:21:36.164 [info] Got 2 sessions for ...
2025-02-19 15:21:36.166 [info] Getting sessions for read:user,repo,user:email,workflow...
2025-02-19 15:21:36.166 [info] Got 1 sessions for read:user,repo,user:email,workflow...
2025-02-19 15:21:36.168 [info] Getting sessions for all scopes...
2025-02-19 15:21:36.168 [info] Got 2 sessions for ...
2025-02-19 15:21:36.169 [info] Getting sessions for read:user,repo,user:email,workflow...
2025-02-19 15:21:36.169 [info] Got 1 sessions for read:user,repo,user:email,workflow...
2025-02-19 15:21:36.175 [info] Getting sessions for all scopes...
2025-02-19 15:21:36.175 [info] Got 2 sessions for ...
2025-02-19 15:21:36.176 [info] Getting sessions for read:user,repo,user:email,workflow...
2025-02-19 15:21:36.176 [info] Got 1 sessions for read:user,repo,user:email,workflow...
2025-02-19 15:36:36.181 [info] Getting sessions for all scopes...
2025-02-19 15:36:36.181 [info] Got 2 sessions for ...
2025-02-19 15:36:36.184 [info] Getting sessions for read:user,repo,user:email,workflow...
2025-02-19 15:36:36.184 [info] Got 1 sessions for read:user,repo,user:email,workflow...
2025-02-19 15:46:36.167 [info] Getting sessions for all scopes...
2025-02-19 15:46:36.167 [info] Got 2 sessions for ...
2025-02-19 15:46:36.169 [info] Getting sessions for read:user,repo,user:email,workflow...
2025-02-19 15:46:36.169 [info] Got 1 sessions for read:user,repo,user:email,workflow...
2025-02-19 15:46:36.801 [info] Getting sessions for all scopes...
2025-02-19 15:46:36.801 [info] Got 2 sessions for ...
2025-02-19 15:46:36.801 [info] Getting sessions for all scopes...
2025-02-19 15:46:36.801 [info] Got 2 sessions for ...
2025-02-19 15:46:36.802 [info] Getting sessions for read:user,repo,user:email,workflow...
2025-02-19 15:46:36.802 [info] Got 1 sessions for read:user,repo,user:email,workflow...
2025-02-19 15:46:36.804 [info] Getting sessions for all scopes...
2025-02-19 15:46:36.804 [info] Got 2 sessions for ...
2025-02-19 15:46:36.805 [info] Getting sessions for read:user,repo,user:email,workflow...
2025-02-19 15:46:36.805 [info] Got 1 sessions for read:user,repo,user:email,workflow...
2025-02-19 15:46:36.811 [info] Getting sessions for all scopes...
2025-02-19 15:46:36.811 [info] Got 2 sessions for ...
2025-02-19 15:46:36.812 [info] Getting sessions for read:user,repo,user:email,workflow...
2025-02-19 15:46:36.812 [info] Got 1 sessions for read:user,repo,user:email,workflow...
2025-02-19 16:01:36.819 [info] Getting sessions for all scopes...
2025-02-19 16:01:36.819 [info] Got 2 sessions for ...
2025-02-19 16:01:36.821 [info] Getting sessions for read:user,repo,user:email,workflow...
2025-02-19 16:01:36.821 [info] Got 1 sessions for read:user,repo,user:email,workflow...
2025-02-19 16:11:36.801 [info] Getting sessions for all scopes...
2025-02-19 16:11:36.802 [info] Got 2 sessions for ...
2025-02-19 16:11:36.804 [info] Getting sessions for read:user,repo,user:email,workflow...
2025-02-19 16:11:36.804 [info] Got 1 sessions for read:user,repo,user:email,workflow...
2025-02-19 16:11:37.373 [info] Getting sessions for all scopes...
2025-02-19 16:11:37.373 [info] Got 2 sessions for ...
2025-02-19 16:11:37.373 [info] Getting sessions for all scopes...
2025-02-19 16:11:37.373 [info] Got 2 sessions for ...
2025-02-19 16:11:37.374 [info] Getting sessions for read:user,repo,user:email,workflow...
2025-02-19 16:11:37.374 [info] Got 1 sessions for read:user,repo,user:email,workflow...
2025-02-19 16:11:37.376 [info] Getting sessions for all scopes...
2025-02-19 16:11:37.376 [info] Got 2 sessions for ...
2025-02-19 16:11:37.378 [info] Getting sessions for read:user,repo,user:email,workflow...
2025-02-19 16:11:37.378 [info] Got 1 sessions for read:user,repo,user:email,workflow...
2025-02-19 16:11:37.388 [info] Getting sessions for all scopes...
2025-02-19 16:11:37.388 [info] Got 2 sessions for ...
2025-02-19 16:11:37.390 [info] Getting sessions for read:user,repo,user:email,workflow...
2025-02-19 16:11:37.390 [info] Got 1 sessions for read:user,repo,user:email,workflow...
2025-02-19 16:26:37.396 [info] Getting sessions for all scopes...
2025-02-19 16:26:37.396 [info] Got 2 sessions for ...
2025-02-19 16:26:37.399 [info] Getting sessions for read:user,repo,user:email,workflow...
2025-02-19 16:26:37.399 [info] Got 1 sessions for read:user,repo,user:email,workflow...
2025-02-19 16:36:37.374 [info] Getting sessions for all scopes...
2025-02-19 16:36:37.374 [info] Got 2 sessions for ...
2025-02-19 16:36:37.376 [info] Getting sessions for read:user,repo,user:email,workflow...
2025-02-19 16:36:37.376 [info] Got 1 sessions for read:user,repo,user:email,workflow...
2025-02-19 16:36:38.043 [info] Getting sessions for all scopes...
2025-02-19 16:36:38.043 [info] Got 2 sessions for ...
2025-02-19 16:36:38.044 [info] Getting sessions for all scopes...
2025-02-19 16:36:38.044 [info] Got 2 sessions for ...
2025-02-19 16:36:38.045 [info] Getting sessions for read:user,repo,user:email,workflow...
2025-02-19 16:36:38.045 [info] Got 1 sessions for read:user,repo,user:email,workflow...
2025-02-19 16:36:38.046 [info] Getting sessions for all scopes...
2025-02-19 16:36:38.046 [info] Got 2 sessions for ...
2025-02-19 16:36:38.048 [info] Getting sessions for read:user,repo,user:email,workflow...
2025-02-19 16:36:38.048 [info] Got 1 sessions for read:user,repo,user:email,workflow...
2025-02-19 16:36:38.057 [info] Getting sessions for all scopes...
2025-02-19 16:36:38.057 [info] Got 2 sessions for ...
2025-02-19 16:36:38.058 [info] Getting sessions for read:user,repo,user:email,workflow...
2025-02-19 16:36:38.058 [info] Got 1 sessions for read:user,repo,user:email,workflow...
2025-02-19 16:51:38.063 [info] Getting sessions for all scopes...
2025-02-19 16:51:38.063 [info] Got 2 sessions for ...
2025-02-19 16:51:38.065 [info] Getting sessions for read:user,repo,user:email,workflow...
2025-02-19 16:51:38.065 [info] Got 1 sessions for read:user,repo,user:email,workflow...
2025-02-19 17:01:38.045 [info] Getting sessions for all scopes...
2025-02-19 17:01:38.045 [info] Got 2 sessions for ...
2025-02-19 17:01:38.048 [info] Getting sessions for read:user,repo,user:email,workflow...
2025-02-19 17:01:38.048 [info] Got 1 sessions for read:user,repo,user:email,workflow...
2025-02-19 17:01:38.846 [info] Getting sessions for all scopes...
2025-02-19 17:01:38.846 [info] Got 2 sessions for ...
2025-02-19 17:01:38.846 [info] Getting sessions for all scopes...
2025-02-19 17:01:38.846 [info] Got 2 sessions for ...
2025-02-19 17:01:38.847 [info] Getting sessions for read:user,repo,user:email,workflow...
2025-02-19 17:01:38.847 [info] Got 1 sessions for read:user,repo,user:email,workflow...
2025-02-19 17:01:38.849 [info] Getting sessions for all scopes...
2025-02-19 17:01:38.849 [info] Got 2 sessions for ...
2025-02-19 17:01:38.850 [info] Getting sessions for read:user,repo,user:email,workflow...
2025-02-19 17:01:38.850 [info] Got 1 sessions for read:user,repo,user:email,workflow...
2025-02-19 17:01:38.860 [info] Getting sessions for all scopes...
2025-02-19 17:01:38.860 [info] Got 2 sessions for ...
2025-02-19 17:01:38.862 [info] Getting sessions for read:user,repo,user:email,workflow...
2025-02-19 17:01:38.862 [info] Got 1 sessions for read:user,repo,user:email,workflow...
2025-02-19 17:16:38.869 [info] Getting sessions for all scopes...
2025-02-19 17:16:38.869 [info] Got 2 sessions for ...
2025-02-19 17:16:38.871 [info] Getting sessions for read:user,repo,user:email,workflow...
2025-02-19 17:16:38.871 [info] Got 1 sessions for read:user,repo,user:email,workflow...
2025-02-19 17:26:38.847 [info] Getting sessions for all scopes...
2025-02-19 17:26:38.847 [info] Got 2 sessions for ...
2025-02-19 17:26:38.849 [info] Getting sessions for read:user,repo,user:email,workflow...
2025-02-19 17:26:38.850 [info] Got 1 sessions for read:user,repo,user:email,workflow...
2025-02-19 17:26:39.515 [info] Getting sessions for all scopes...
2025-02-19 17:26:39.515 [info] Got 2 sessions for ...
2025-02-19 17:26:39.515 [info] Getting sessions for all scopes...
2025-02-19 17:26:39.515 [info] Got 2 sessions for ...
2025-02-19 17:26:39.516 [info] Getting sessions for read:user,repo,user:email,workflow...
2025-02-19 17:26:39.516 [info] Got 1 sessions for read:user,repo,user:email,workflow...
2025-02-19 17:26:39.517 [info] Getting sessions for all scopes...
2025-02-19 17:26:39.517 [info] Got 2 sessions for ...
2025-02-19 17:26:39.518 [info] Getting sessions for read:user,repo,user:email,workflow...
2025-02-19 17:26:39.518 [info] Got 1 sessions for read:user,repo,user:email,workflow...
2025-02-19 17:26:39.523 [info] Getting sessions for all scopes...
2025-02-19 17:26:39.523 [info] Got 2 sessions for ...
2025-02-19 17:26:39.525 [info] Getting sessions for read:user,repo,user:email,workflow...
2025-02-19 17:26:39.526 [info] Got 1 sessions for read:user,repo,user:email,workflow...
2025-02-19 17:41:39.531 [info] Getting sessions for all scopes...
2025-02-19 17:41:39.531 [info] Got 2 sessions for ...
2025-02-19 17:41:39.533 [info] Getting sessions for read:user,repo,user:email,workflow...
2025-02-19 17:41:39.533 [info] Got 1 sessions for read:user,repo,user:email,workflow...
2025-02-19 17:41:39.535 [info] Getting sessions for all scopes...
2025-02-19 17:41:39.535 [info] Got 2 sessions for ...
2025-02-19 17:41:39.536 [info] Getting sessions for read:user,repo,user:email,workflow...
2025-02-19 17:41:39.537 [info] Got 1 sessions for read:user,repo,user:email,workflow...
2025-02-19 17:51:39.516 [info] Getting sessions for all scopes...
2025-02-19 17:51:39.517 [info] Got 2 sessions for ...
2025-02-19 17:51:39.518 [info] Getting sessions for read:user,repo,user:email,workflow...
2025-02-19 17:51:39.518 [info] Got 1 sessions for read:user,repo,user:email,workflow...
2025-02-19 17:51:40.448 [info] Getting sessions for all scopes...
2025-02-19 17:51:40.448 [info] Got 2 sessions for ...
2025-02-19 17:51:40.449 [info] Getting sessions for all scopes...
2025-02-19 17:51:40.449 [info] Got 2 sessions for ...
2025-02-19 17:51:40.451 [info] Getting sessions for read:user,repo,user:email,workflow...
2025-02-19 17:51:40.451 [info] Got 1 sessions for read:user,repo,user:email,workflow...
2025-02-19 17:51:40.452 [info] Getting sessions for all scopes...
2025-02-19 17:51:40.452 [info] Got 2 sessions for ...
2025-02-19 17:51:40.453 [info] Getting sessions for read:user,repo,user:email,workflow...
2025-02-19 17:51:40.453 [info] Got 1 sessions for read:user,repo,user:email,workflow...
2025-02-19 17:51:40.458 [info] Getting sessions for all scopes...
2025-02-19 17:51:40.458 [info] Got 2 sessions for ...
2025-02-19 17:51:40.460 [info] Getting sessions for read:user,repo,user:email,workflow...
2025-02-19 17:51:40.460 [info] Got 1 sessions for read:user,repo,user:email,workflow...
2025-02-19 18:06:40.465 [info] Getting sessions for all scopes...
2025-02-19 18:06:40.465 [info] Got 2 sessions for ...
2025-02-19 18:06:40.468 [info] Getting sessions for read:user,repo,user:email,workflow...
2025-02-19 18:06:40.468 [info] Got 1 sessions for read:user,repo,user:email,workflow...
2025-02-19 18:06:40.471 [info] Getting sessions for all scopes...
2025-02-19 18:06:40.471 [info] Got 2 sessions for ...
2025-02-19 18:06:40.473 [info] Getting sessions for read:user,repo,user:email,workflow...
2025-02-19 18:06:40.473 [info] Got 1 sessions for read:user,repo,user:email,workflow...
2025-02-19 18:16:40.450 [info] Getting sessions for all scopes...
2025-02-19 18:16:40.450 [info] Got 2 sessions for ...
2025-02-19 18:16:40.452 [info] Getting sessions for read:user,repo,user:email,workflow...
2025-02-19 18:16:40.452 [info] Got 1 sessions for read:user,repo,user:email,workflow...
2025-02-19 18:16:41.169 [info] Getting sessions for all scopes...
2025-02-19 18:16:41.169 [info] Got 2 sessions for ...
2025-02-19 18:16:41.170 [info] Getting sessions for all scopes...
2025-02-19 18:16:41.170 [info] Got 2 sessions for ...
2025-02-19 18:16:41.172 [info] Getting sessions for read:user,repo,user:email,workflow...
2025-02-19 18:16:41.172 [info] Got 1 sessions for read:user,repo,user:email,workflow...
2025-02-19 18:16:41.174 [info] Getting sessions for all scopes...
2025-02-19 18:16:41.174 [info] Got 2 sessions for ...
2025-02-19 18:16:41.175 [info] Getting sessions for read:user,repo,user:email,workflow...
2025-02-19 18:16:41.175 [info] Got 1 sessions for read:user,repo,user:email,workflow...
2025-02-19 18:16:41.186 [info] Getting sessions for all scopes...
2025-02-19 18:16:41.186 [info] Got 2 sessions for ...
2025-02-19 18:16:41.188 [info] Getting sessions for read:user,repo,user:email,workflow...
2025-02-19 18:16:41.188 [info] Got 1 sessions for read:user,repo,user:email,workflow...
2025-02-19 18:31:41.194 [info] Getting sessions for all scopes...
2025-02-19 18:31:41.194 [info] Got 2 sessions for ...
2025-02-19 18:31:41.197 [info] Getting sessions for read:user,repo,user:email,workflow...
2025-02-19 18:31:41.197 [info] Got 1 sessions for read:user,repo,user:email,workflow...
2025-02-19 18:41:41.171 [info] Getting sessions for all scopes...
2025-02-19 18:41:41.171 [info] Got 2 sessions for ...
2025-02-19 18:41:41.173 [info] Getting sessions for read:user,repo,user:email,workflow...
2025-02-19 18:41:41.173 [info] Got 1 sessions for read:user,repo,user:email,workflow...
2025-02-19 18:41:41.803 [info] Getting sessions for all scopes...
2025-02-19 18:41:41.803 [info] Got 2 sessions for ...
2025-02-19 18:41:41.803 [info] Getting sessions for all scopes...
2025-02-19 18:41:41.803 [info] Got 2 sessions for ...
2025-02-19 18:41:41.804 [info] Getting sessions for read:user,repo,user:email,workflow...
2025-02-19 18:41:41.804 [info] Got 1 sessions for read:user,repo,user:email,workflow...
2025-02-19 18:41:41.807 [info] Getting sessions for all scopes...
2025-02-19 18:41:41.807 [info] Got 2 sessions for ...
2025-02-19 18:41:41.808 [info] Getting sessions for read:user,repo,user:email,workflow...
2025-02-19 18:41:41.808 [info] Got 1 sessions for read:user,repo,user:email,workflow...
2025-02-19 18:41:41.818 [info] Getting sessions for all scopes...
2025-02-19 18:41:41.818 [info] Got 2 sessions for ...
2025-02-19 18:41:41.823 [info] Getting sessions for read:user,repo,user:email,workflow...
2025-02-19 18:41:41.823 [info] Got 1 sessions for read:user,repo,user:email,workflow...
2025-02-19 18:56:41.831 [info] Getting sessions for all scopes...
2025-02-19 18:56:41.831 [info] Got 2 sessions for ...
2025-02-19 18:56:41.833 [info] Getting sessions for read:user,repo,user:email,workflow...
2025-02-19 18:56:41.833 [info] Got 1 sessions for read:user,repo,user:email,workflow...
2025-02-19 19:06:41.804 [info] Getting sessions for all scopes...
2025-02-19 19:06:41.804 [info] Got 2 sessions for ...
2025-02-19 19:06:41.806 [info] Getting sessions for read:user,repo,user:email,workflow...
2025-02-19 19:06:41.806 [info] Got 1 sessions for read:user,repo,user:email,workflow...
2025-02-19 19:06:42.612 [info] Getting sessions for all scopes...
2025-02-19 19:06:42.613 [info] Got 2 sessions for ...
2025-02-19 19:06:42.613 [info] Getting sessions for all scopes...
2025-02-19 19:06:42.613 [info] Got 2 sessions for ...
2025-02-19 19:06:42.614 [info] Getting sessions for read:user,repo,user:email,workflow...
2025-02-19 19:06:42.614 [info] Got 1 sessions for read:user,repo,user:email,workflow...
2025-02-19 19:06:42.616 [info] Getting sessions for all scopes...
2025-02-19 19:06:42.616 [info] Got 2 sessions for ...
2025-02-19 19:06:42.617 [info] Getting sessions for read:user,repo,user:email,workflow...
2025-02-19 19:06:42.617 [info] Got 1 sessions for read:user,repo,user:email,workflow...
2025-02-19 19:06:42.623 [info] Getting sessions for all scopes...
2025-02-19 19:06:42.623 [info] Got 2 sessions for ...
2025-02-19 19:06:42.624 [info] Getting sessions for read:user,repo,user:email,workflow...
2025-02-19 19:06:42.624 [info] Got 1 sessions for read:user,repo,user:email,workflow...
2025-02-19 19:21:42.628 [info] Getting sessions for all scopes...
2025-02-19 19:21:42.628 [info] Got 2 sessions for ...
2025-02-19 19:21:42.630 [info] Getting sessions for read:user,repo,user:email,workflow...
2025-02-19 19:21:42.630 [info] Got 1 sessions for read:user,repo,user:email,workflow...
2025-02-19 19:31:42.614 [info] Getting sessions for all scopes...
2025-02-19 19:31:42.614 [info] Got 2 sessions for ...
2025-02-19 19:31:42.617 [info] Getting sessions for read:user,repo,user:email,workflow...
2025-02-19 19:31:42.617 [info] Got 1 sessions for read:user,repo,user:email,workflow...
2025-02-19 19:31:43.343 [info] Getting sessions for all scopes...
2025-02-19 19:31:43.343 [info] Got 2 sessions for ...
2025-02-19 19:31:43.343 [info] Getting sessions for all scopes...
2025-02-19 19:31:43.343 [info] Got 2 sessions for ...
2025-02-19 19:31:43.345 [info] Getting sessions for read:user,repo,user:email,workflow...
2025-02-19 19:31:43.345 [info] Got 1 sessions for read:user,repo,user:email,workflow...
2025-02-19 19:31:43.348 [info] Getting sessions for all scopes...
2025-02-19 19:31:43.348 [info] Got 2 sessions for ...
2025-02-19 19:31:43.351 [info] Getting sessions for read:user,repo,user:email,workflow...
2025-02-19 19:31:43.351 [info] Got 1 sessions for read:user,repo,user:email,workflow...
2025-02-19 19:31:43.362 [info] Getting sessions for all scopes...
2025-02-19 19:31:43.362 [info] Got 2 sessions for ...
2025-02-19 19:31:43.364 [info] Getting sessions for read:user,repo,user:email,workflow...
2025-02-19 19:31:43.364 [info] Got 1 sessions for read:user,repo,user:email,workflow...
2025-02-19 19:46:43.370 [info] Getting sessions for all scopes...
2025-02-19 19:46:43.370 [info] Got 2 sessions for ...
2025-02-19 19:46:43.372 [info] Getting sessions for read:user,repo,user:email,workflow...
2025-02-19 19:46:43.372 [info] Got 1 sessions for read:user,repo,user:email,workflow...
2025-02-19 19:56:43.344 [info] Getting sessions for all scopes...
2025-02-19 19:56:43.344 [info] Got 2 sessions for ...
2025-02-19 19:56:43.346 [info] Getting sessions for read:user,repo,user:email,workflow...
2025-02-19 19:56:43.346 [info] Got 1 sessions for read:user,repo,user:email,workflow...
2025-02-19 19:56:44.140 [info] Getting sessions for all scopes...
2025-02-19 19:56:44.140 [info] Got 2 sessions for ...
2025-02-19 19:56:44.140 [info] Getting sessions for all scopes...
2025-02-19 19:56:44.140 [info] Got 2 sessions for ...
2025-02-19 19:56:44.141 [info] Getting sessions for read:user,repo,user:email,workflow...
2025-02-19 19:56:44.141 [info] Got 1 sessions for read:user,repo,user:email,workflow...
2025-02-19 19:56:44.143 [info] Getting sessions for all scopes...
2025-02-19 19:56:44.143 [info] Got 2 sessions for ...
2025-02-19 19:56:44.145 [info] Getting sessions for read:user,repo,user:email,workflow...
2025-02-19 19:56:44.145 [info] Got 1 sessions for read:user,repo,user:email,workflow...
2025-02-19 19:56:44.154 [info] Getting sessions for all scopes...
2025-02-19 19:56:44.154 [info] Got 2 sessions for ...
2025-02-19 19:56:44.156 [info] Getting sessions for read:user,repo,user:email,workflow...
2025-02-19 19:56:44.156 [info] Got 1 sessions for read:user,repo,user:email,workflow...
2025-02-19 20:11:44.162 [info] Getting sessions for all scopes...
2025-02-19 20:11:44.162 [info] Got 2 sessions for ...
2025-02-19 20:11:44.165 [info] Getting sessions for read:user,repo,user:email,workflow...
2025-02-19 20:11:44.165 [info] Got 1 sessions for read:user,repo,user:email,workflow...
2025-02-19 20:21:44.142 [info] Getting sessions for all scopes...
2025-02-19 20:21:44.142 [info] Got 2 sessions for ...
2025-02-19 20:21:44.145 [info] Getting sessions for read:user,repo,user:email,workflow...
2025-02-19 20:21:44.145 [info] Got 1 sessions for read:user,repo,user:email,workflow...
2025-02-19 20:21:44.869 [info] Getting sessions for all scopes...
2025-02-19 20:21:44.869 [info] Got 2 sessions for ...
2025-02-19 20:21:44.869 [info] Getting sessions for all scopes...
2025-02-19 20:21:44.869 [info] Got 2 sessions for ...
2025-02-19 20:21:44.871 [info] Getting sessions for read:user,repo,user:email,workflow...
2025-02-19 20:21:44.871 [info] Got 1 sessions for read:user,repo,user:email,workflow...
2025-02-19 20:21:44.873 [info] Getting sessions for all scopes...
2025-02-19 20:21:44.873 [info] Got 2 sessions for ...
2025-02-19 20:21:44.874 [info] Getting sessions for read:user,repo,user:email,workflow...
2025-02-19 20:21:44.874 [info] Got 1 sessions for read:user,repo,user:email,workflow...
2025-02-19 20:21:44.884 [info] Getting sessions for all scopes...
2025-02-19 20:21:44.884 [info] Got 2 sessions for ...
2025-02-19 20:21:44.886 [info] Getting sessions for read:user,repo,user:email,workflow...
2025-02-19 20:21:44.886 [info] Got 1 sessions for read:user,repo,user:email,workflow...
2025-02-19 23:00:28.683 [info] Getting sessions for all scopes...
2025-02-19 23:00:28.683 [info] Got 2 sessions for ...
2025-02-19 23:00:28.685 [info] Getting sessions for read:user,repo,user:email,workflow...
2025-02-19 23:00:28.686 [info] Got 1 sessions for read:user,repo,user:email,workflow...
2025-02-19 23:00:28.688 [info] Getting sessions for all scopes...
2025-02-19 23:00:28.688 [info] Got 2 sessions for ...
2025-02-19 23:00:28.690 [info] Getting sessions for read:user,repo,user:email,workflow...
2025-02-19 23:00:28.690 [info] Got 1 sessions for read:user,repo,user:email,workflow...
2025-02-19 23:00:29.565 [info] Getting sessions for all scopes...
2025-02-19 23:00:29.565 [info] Got 2 sessions for ...
2025-02-19 23:00:29.566 [info] Getting sessions for all scopes...
2025-02-19 23:00:29.566 [info] Got 2 sessions for ...
2025-02-19 23:00:29.567 [info] Getting sessions for read:user,repo,user:email,workflow...
2025-02-19 23:00:29.567 [info] Got 1 sessions for read:user,repo,user:email,workflow...
2025-02-19 23:00:29.569 [info] Getting sessions for all scopes...
2025-02-19 23:00:29.569 [info] Got 2 sessions for ...
2025-02-19 23:00:29.570 [info] Getting sessions for read:user,repo,user:email,workflow...
2025-02-19 23:00:29.570 [info] Got 1 sessions for read:user,repo,user:email,workflow...
2025-02-19 23:00:29.580 [info] Getting sessions for all scopes...
2025-02-19 23:00:29.580 [info] Got 2 sessions for ...
2025-02-19 23:00:29.583 [info] Getting sessions for read:user,repo,user:email,workflow...
2025-02-19 23:00:29.583 [info] Got 1 sessions for read:user,repo,user:email,workflow...
