2025-02-17 12:57:53.475 [info] Reading sessions from keychain...
2025-02-17 12:57:53.475 [info] Getting sessions for all scopes...
2025-02-17 12:57:53.475 [info] Getting sessions for all scopes...
2025-02-17 12:57:53.475 [info] Getting sessions for all scopes...
2025-02-17 12:57:53.475 [info] Getting sessions for all scopes...
2025-02-17 12:57:53.475 [info] Getting sessions for all scopes...
2025-02-17 12:57:53.475 [info] Getting sessions for all scopes...
2025-02-17 12:57:53.475 [info] Getting sessions for all scopes...
2025-02-17 12:57:53.475 [info] Got stored sessions!
2025-02-17 12:57:53.475 [info] Got 1 verified sessions.
2025-02-17 12:57:53.475 [info] Got 1 sessions for ...
2025-02-17 12:57:53.475 [info] Got 1 sessions for ...
2025-02-17 12:57:53.475 [info] Got 1 sessions for ...
2025-02-17 12:57:53.475 [info] Got 1 sessions for ...
2025-02-17 12:57:53.475 [info] Got 1 sessions for ...
2025-02-17 12:57:53.475 [info] Got 1 sessions for ...
2025-02-17 12:57:53.475 [info] Got 1 sessions for ...
2025-02-17 12:57:53.475 [info] Getting sessions for all scopes...
2025-02-17 12:57:53.475 [info] Got 1 sessions for ...
2025-02-17 12:57:54.533 [info] Getting sessions for user:email...
2025-02-17 12:57:54.533 [info] Got 1 sessions for user:email...
