2025-02-17 17:39:05.203 [info] Reading sessions from keychain...
2025-02-17 17:39:05.203 [info] Getting sessions for all scopes...
2025-02-17 17:39:05.203 [info] Getting sessions for all scopes...
2025-02-17 17:39:05.203 [info] Getting sessions for all scopes...
2025-02-17 17:39:05.203 [info] Getting sessions for all scopes...
2025-02-17 17:39:05.203 [info] Getting sessions for all scopes...
2025-02-17 17:39:05.203 [info] Getting sessions for all scopes...
2025-02-17 17:39:05.203 [info] Getting sessions for all scopes...
2025-02-17 17:39:05.203 [info] Getting sessions for all scopes...
2025-02-17 17:39:05.203 [info] Got stored sessions!
2025-02-17 17:39:05.203 [info] Got 2 verified sessions.
2025-02-17 17:39:05.203 [info] Got 2 sessions for ...
2025-02-17 17:39:05.203 [info] Got 2 sessions for ...
2025-02-17 17:39:05.203 [info] Got 2 sessions for ...
2025-02-17 17:39:05.203 [info] Got 2 sessions for ...
2025-02-17 17:39:05.203 [info] Got 2 sessions for ...
2025-02-17 17:39:05.203 [info] Got 2 sessions for ...
2025-02-17 17:39:05.203 [info] Got 2 sessions for ...
2025-02-17 17:39:05.203 [info] Got 2 sessions for ...
2025-02-17 17:39:05.303 [info] Getting sessions for user:email...
2025-02-17 17:39:05.303 [info] Got 1 sessions for user:email...
2025-02-17 17:39:06.684 [info] Getting sessions for read:user,repo,user:email,workflow...
2025-02-17 17:39:06.684 [info] Got 1 sessions for read:user,repo,user:email,workflow...
2025-02-17 17:39:06.695 [info] Getting sessions for all scopes...
2025-02-17 17:39:06.695 [info] Got 2 sessions for ...
2025-02-17 17:39:06.695 [info] Getting sessions for all scopes...
2025-02-17 17:39:06.695 [info] Got 2 sessions for ...
2025-02-17 17:39:07.864 [info] Getting sessions for all scopes...
2025-02-17 17:39:07.864 [info] Got 2 sessions for ...
