2025-03-19 17:47:27.768 [info] [main] Log level: Info
2025-03-19 17:47:27.768 [info] [main] Validating found git in: "git"
2025-03-19 17:47:27.768 [info] [main] Using git "2.48.1" from "git"
2025-03-19 17:47:27.768 [info] [Model][doInitialScan] Initial repository scan started
2025-03-19 17:47:27.768 [info] > git rev-parse --show-toplevel [3ms]
2025-03-19 17:47:27.768 [info] > git rev-parse --git-dir --git-common-dir [3ms]
2025-03-19 17:47:27.768 [info] [Model][openRepository] Opened repository: /home/basic/dotfiles
2025-03-19 17:47:27.768 [info] > git config --get commit.template [11ms]
2025-03-19 17:47:27.768 [info] > git rev-parse --show-toplevel [7ms]
2025-03-19 17:47:27.768 [info] [Model][doInitialScan] Initial repository scan completed - repositories (1), closed repositories (0), parent repositories (0), unsafe repositories (0)
2025-03-19 17:47:27.770 [info] > git for-each-ref --format=%(refname)%00%(upstream:short)%00%(objectname)%00%(upstream:track)%00%(upstream:remotename)%00%(upstream:remoteref) refs/heads/main refs/remotes/main [2ms]
2025-03-19 17:47:27.792 [info] > git for-each-ref --sort -committerdate --format %(refname) %(objectname) %(*objectname) [4ms]
2025-03-19 17:47:29.410 [info] > git status -z -uall [1630ms] (cancelled)
2025-03-19 17:47:29.411 [info] > git check-ignore -v -z --stdin [560ms]
2025-03-19 17:47:30.271 [info] > git show --textconv :.gitignore [96ms]
2025-03-19 17:47:30.272 [info] > git ls-files --stage -- /home/basic/dotfiles/.gitignore [73ms]
2025-03-19 17:47:30.293 [info] > git for-each-ref --format=%(refname)%00%(upstream:short)%00%(objectname)%00%(upstream:track)%00%(upstream:remotename)%00%(upstream:remoteref) refs/heads/main refs/remotes/main [884ms]
2025-03-19 17:47:30.311 [info] > git fetch [2579ms]
2025-03-19 17:47:30.341 [info] > git config --get --local branch.main.vscode-merge-base [29ms]
2025-03-19 17:47:30.341 [warning] [Git][config] git config failed: Failed to execute git
2025-03-19 17:47:30.364 [info] > git cat-file -s e69de29bb2d1d6434b8b29ae775ad8c2e48c5391 [73ms]
2025-03-19 17:47:30.365 [info] > git config --get commit.template [103ms]
2025-03-19 17:47:30.371 [info] > git reflog main --grep-reflog=branch: Created from *. [7ms]
2025-03-19 17:47:30.394 [info] > git config --get commit.template [57ms]
2025-03-19 17:47:30.417 [info] > git symbolic-ref --short refs/remotes/origin/HEAD [23ms]
2025-03-19 17:47:30.475 [info] > git for-each-ref --format=%(refname)%00%(upstream:short)%00%(objectname)%00%(upstream:track)%00%(upstream:remotename)%00%(upstream:remoteref) refs/heads/origin/main refs/remotes/origin/main [41ms]
2025-03-19 17:47:30.499 [info] > git for-each-ref --format=%(refname)%00%(upstream:short)%00%(objectname)%00%(upstream:track)%00%(upstream:remotename)%00%(upstream:remoteref) refs/heads/main refs/remotes/main [85ms]
2025-03-19 17:47:30.504 [info] > git config --add --local branch.main.vscode-merge-base origin/main [5ms]
2025-03-19 17:47:30.504 [info] > git for-each-ref --format=%(refname)%00%(upstream:short)%00%(objectname)%00%(upstream:track)%00%(upstream:remotename)%00%(upstream:remoteref) refs/heads/main refs/remotes/main [31ms]
2025-03-19 17:47:30.527 [info] > git config --get commit.template [2ms]
2025-03-19 17:47:31.792 [info] > git blame --root --incremental c526c2370dc2c265dad4634e76f804ab7e042430 -- /home/basic/dotfiles/.gitignore [1223ms]
2025-03-19 17:47:31.794 [info] > git for-each-ref --format=%(refname)%00%(upstream:short)%00%(objectname)%00%(upstream:track)%00%(upstream:remotename)%00%(upstream:remoteref) refs/heads/main refs/remotes/main [1247ms]
2025-03-19 17:47:31.823 [info] > git config --get --local branch.main.vscode-merge-base [3ms]
2025-03-19 17:47:31.847 [info] > git for-each-ref --format=%(refname)%00%(upstream:short)%00%(objectname)%00%(upstream:track)%00%(upstream:remotename)%00%(upstream:remoteref) refs/heads/main refs/remotes/main [61ms]
2025-03-19 17:47:31.867 [info] > git for-each-ref --format=%(refname)%00%(upstream:short)%00%(objectname)%00%(upstream:track)%00%(upstream:remotename)%00%(upstream:remoteref) refs/heads/main refs/remotes/main [101ms]
2025-03-19 17:47:31.982 [info] > git config --get --local branch.main.vscode-merge-base [116ms]
2025-03-19 17:47:32.008 [info] > git for-each-ref --format=%(refname)%00%(upstream:short)%00%(objectname)%00%(upstream:track)%00%(upstream:remotename)%00%(upstream:remoteref) refs/heads/origin/main refs/remotes/origin/main [161ms]
2025-03-19 17:47:32.051 [info] > git merge-base refs/heads/main refs/remotes/origin/main [23ms]
2025-03-19 17:47:32.072 [info] > git for-each-ref --format=%(refname)%00%(upstream:short)%00%(objectname)%00%(upstream:track)%00%(upstream:remotename)%00%(upstream:remoteref) refs/heads/origin/main refs/remotes/origin/main [63ms]
2025-03-19 17:47:32.116 [info] > git merge-base refs/heads/main refs/remotes/origin/main [25ms]
2025-03-19 17:47:32.140 [info] > git diff --name-status -z --diff-filter=ADMR 88ef188083e018dc5f1efa7f0e78880851ed1877...refs/remotes/origin/main [69ms]
2025-03-19 17:47:32.190 [info] > git diff --name-status -z --diff-filter=ADMR 88ef188083e018dc5f1efa7f0e78880851ed1877...refs/remotes/origin/main [50ms]
2025-03-19 17:47:32.194 [info] > git for-each-ref --sort -committerdate --format %(refname) %(objectname) %(*objectname) [7ms]
2025-03-19 17:47:32.321 [info] > git status -z -uall [161ms] (cancelled)
2025-03-19 17:47:33.325 [info] > git ls-files --stage -- /home/basic/dotfiles/.gitignore [2ms]
2025-03-19 17:47:33.346 [info] > git cat-file -s e69de29bb2d1d6434b8b29ae775ad8c2e48c5391 [1ms]
2025-03-19 17:47:33.385 [info] > git show --textconv :.gitignore [2ms]
2025-03-19 17:47:38.360 [info] > git log --format=%H%n%aN%n%aE%n%at%n%ct%n%P%n%D%n%B -z --shortstat --diff-merges=first-parent -n50 --skip=0 --topo-order --decorate=full --stdin [2ms]
2025-03-19 17:47:39.413 [info] > git check-ignore -v -z --stdin [2ms]
2025-03-19 17:52:48.612 [info] > git ls-files --stage -- /home/basic/dotfiles/.gitignore [2ms]
2025-03-19 17:52:48.633 [info] > git cat-file -s 6740a4a9d1912b891813dfbb35f41baed5a20b6e [1ms]
2025-03-19 17:52:48.670 [info] > git show --textconv :.gitignore [2ms]
2025-03-19 17:52:49.590 [info] > git check-ignore -v -z --stdin [1ms]
2025-03-19 17:52:49.806 [info] > git ls-files --stage -- /home/basic/dotfiles/.gitignore [2ms]
2025-03-19 17:52:49.839 [info] > git cat-file -s 6740a4a9d1912b891813dfbb35f41baed5a20b6e [1ms]
2025-03-19 17:52:49.873 [info] > git show --textconv :.gitignore [2ms]
2025-03-19 17:52:50.433 [info] > git fetch [1843ms]
2025-03-19 17:52:50.468 [info] > git config --get commit.template [1ms]
2025-03-19 17:52:50.512 [info] > git for-each-ref --format=%(refname)%00%(upstream:short)%00%(objectname)%00%(upstream:track)%00%(upstream:remotename)%00%(upstream:remoteref) refs/heads/main refs/remotes/main [3ms]
2025-03-19 17:52:50.587 [info] > git for-each-ref --sort -committerdate --format %(refname) %(objectname) %(*objectname) [2ms]
2025-03-19 17:52:51.575 [info] > git status -z -uall [1022ms] (cancelled)
2025-03-19 17:52:51.575 [info] > git merge-base refs/heads/main refs/remotes/origin/main [773ms]
2025-03-19 17:52:51.603 [info] > git blame --root --incremental df598e5bf4b92db1590fb6b01a57b10d8d68821f -- /home/basic/dotfiles/.gitignore [830ms]
2025-03-19 17:52:51.648 [info] > git diff --name-status -z --diff-filter=ADMR df598e5bf4b92db1590fb6b01a57b10d8d68821f...refs/remotes/origin/main [45ms]
2025-03-19 17:52:51.652 [info] > git log --format=%H%n%aN%n%aE%n%at%n%ct%n%P%n%D%n%B -z --shortstat --diff-merges=first-parent -n50 --skip=0 --topo-order --decorate=full --stdin [7ms]
2025-03-19 17:52:51.757 [info] > git ls-files --stage -- /home/basic/dotfiles/.gitignore [2ms]
2025-03-19 17:52:51.798 [info] > git cat-file -s 6740a4a9d1912b891813dfbb35f41baed5a20b6e [17ms]
2025-03-19 17:52:51.831 [info] > git show --textconv :.gitignore [3ms]
2025-03-19 17:52:52.817 [info] > git check-ignore -v -z --stdin [2ms]
2025-03-19 17:52:53.671 [info] > git check-ignore -v -z --stdin [1ms]
2025-03-19 17:52:54.613 [info] > git check-ignore -v -z --stdin [2ms]
2025-03-19 17:52:55.954 [info] > git check-ignore -v -z --stdin [2ms]
2025-03-19 17:53:04.536 [info] > git show --textconv :HOME/.config/alacritty/themes/LICENSE [42ms]
2025-03-19 17:53:04.574 [info] > git ls-files --stage -- /home/basic/dotfiles/HOME/.config/alacritty/themes/LICENSE [39ms]
2025-03-19 17:53:04.596 [info] > git hash-object -t tree /dev/null [23ms]
2025-03-19 17:53:04.596 [warning] [GitFileSystemProvider][readFile] File not found - git:/home/basic/dotfiles/HOME/.config/alacritty/themes/LICENSE.git?%7B%22path%22%3A%22%2Fhome%2Fbasic%2Fdotfiles%2FHOME%2F.config%2Falacritty%2Fthemes%2FLICENSE%22%2C%22ref%22%3A%22%22%7D
2025-03-19 17:53:04.597 [info] > git hash-object -t tree /dev/null [2ms]
2025-03-19 17:53:04.597 [warning] [GitFileSystemProvider][stat] File not found - git:/home/basic/dotfiles/HOME/.config/alacritty/themes/LICENSE.git?%7B%22path%22%3A%22%2Fhome%2Fbasic%2Fdotfiles%2FHOME%2F.config%2Falacritty%2Fthemes%2FLICENSE%22%2C%22ref%22%3A%22%22%7D
2025-03-19 17:53:05.294 [info] > git show --textconv :HOME/.config/alacritty/themes/print_colors.sh [31ms]
2025-03-19 17:53:05.295 [warning] [GitFileSystemProvider][readFile] File not found - git:/home/basic/dotfiles/HOME/.config/alacritty/themes/print_colors.sh.git?%7B%22path%22%3A%22%2Fhome%2Fbasic%2Fdotfiles%2FHOME%2F.config%2Falacritty%2Fthemes%2Fprint_colors.sh%22%2C%22ref%22%3A%22%22%7D
2025-03-19 17:53:05.296 [info] > git ls-files --stage -- /home/basic/dotfiles/HOME/.config/alacritty/themes/print_colors.sh [3ms]
2025-03-19 17:53:05.296 [warning] [GitFileSystemProvider][stat] File not found - git:/home/basic/dotfiles/HOME/.config/alacritty/themes/print_colors.sh.git?%7B%22path%22%3A%22%2Fhome%2Fbasic%2Fdotfiles%2FHOME%2F.config%2Falacritty%2Fthemes%2Fprint_colors.sh%22%2C%22ref%22%3A%22%22%7D
2025-03-19 17:53:07.356 [info] > git show --textconv :HOME/.config/alacritty/themes/LICENSE [32ms]
2025-03-19 17:53:07.356 [info] > git ls-files --stage -- /home/basic/dotfiles/HOME/.config/alacritty/themes/LICENSE [2ms]
2025-03-19 17:53:07.357 [warning] [GitFileSystemProvider][stat] File not found - git:/home/basic/dotfiles/HOME/.config/alacritty/themes/LICENSE.git?%7B%22path%22%3A%22%2Fhome%2Fbasic%2Fdotfiles%2FHOME%2F.config%2Falacritty%2Fthemes%2FLICENSE%22%2C%22ref%22%3A%22%22%7D
2025-03-19 17:53:07.358 [warning] [GitFileSystemProvider][readFile] File not found - git:/home/basic/dotfiles/HOME/.config/alacritty/themes/LICENSE.git?%7B%22path%22%3A%22%2Fhome%2Fbasic%2Fdotfiles%2FHOME%2F.config%2Falacritty%2Fthemes%2FLICENSE%22%2C%22ref%22%3A%22%22%7D
2025-03-19 17:53:08.983 [info] > git show --textconv :HOME/.config/alacritty/themes/print_colors.sh [40ms]
2025-03-19 17:53:08.984 [warning] [GitFileSystemProvider][readFile] File not found - git:/home/basic/dotfiles/HOME/.config/alacritty/themes/print_colors.sh.git?%7B%22path%22%3A%22%2Fhome%2Fbasic%2Fdotfiles%2FHOME%2F.config%2Falacritty%2Fthemes%2Fprint_colors.sh%22%2C%22ref%22%3A%22%22%7D
2025-03-19 17:53:09.005 [info] > git ls-files --stage -- /home/basic/dotfiles/HOME/.config/alacritty/themes/print_colors.sh [23ms]
2025-03-19 17:53:09.006 [warning] [GitFileSystemProvider][stat] File not found - git:/home/basic/dotfiles/HOME/.config/alacritty/themes/print_colors.sh.git?%7B%22path%22%3A%22%2Fhome%2Fbasic%2Fdotfiles%2FHOME%2F.config%2Falacritty%2Fthemes%2Fprint_colors.sh%22%2C%22ref%22%3A%22%22%7D
2025-03-19 17:53:11.332 [info] > git show --textconv :HOME/.config/alacritty/themes/README.md [43ms]
2025-03-19 17:53:11.333 [warning] [GitFileSystemProvider][readFile] File not found - git:/home/basic/dotfiles/HOME/.config/alacritty/themes/README.md.git?%7B%22path%22%3A%22%2Fhome%2Fbasic%2Fdotfiles%2FHOME%2F.config%2Falacritty%2Fthemes%2FREADME.md%22%2C%22ref%22%3A%22%22%7D
2025-03-19 17:53:11.334 [info] > git ls-files --stage -- /home/basic/dotfiles/HOME/.config/alacritty/themes/README.md [3ms]
2025-03-19 17:53:11.335 [warning] [GitFileSystemProvider][stat] File not found - git:/home/basic/dotfiles/HOME/.config/alacritty/themes/README.md.git?%7B%22path%22%3A%22%2Fhome%2Fbasic%2Fdotfiles%2FHOME%2F.config%2Falacritty%2Fthemes%2FREADME.md%22%2C%22ref%22%3A%22%22%7D
2025-03-19 17:53:15.032 [info] > git show --textconv :HOME/.config/alacritty/alacritty.toml [93ms]
2025-03-19 17:53:15.032 [info] > git show --textconv HEAD:HOME/.config/alacritty/alacritty.toml [51ms]
2025-03-19 17:53:15.032 [info] > git ls-files --stage -- /home/basic/dotfiles/HOME/.config/alacritty/alacritty.toml [30ms]
2025-03-19 17:53:15.052 [warning] [GitFileSystemProvider][readFile] File not found - git:/home/basic/dotfiles/HOME/.config/alacritty/alacritty.toml.git?%7B%22path%22%3A%22%2Fhome%2Fbasic%2Fdotfiles%2FHOME%2F.config%2Falacritty%2Falacritty.toml%22%2C%22ref%22%3A%22HEAD%22%7D
2025-03-19 17:53:15.054 [info] > git cat-file -s 8461e36aa8aa69f23e23a7e2d040f4a455367f7f [3ms]
2025-03-19 17:53:15.054 [info] > git ls-tree -l HEAD -- /home/basic/dotfiles/HOME/.config/alacritty/alacritty.toml [23ms]
2025-03-19 17:53:15.054 [warning] [GitFileSystemProvider][stat] File not found - git:/home/basic/dotfiles/HOME/.config/alacritty/alacritty.toml.git?%7B%22path%22%3A%22%2Fhome%2Fbasic%2Fdotfiles%2FHOME%2F.config%2Falacritty%2Falacritty.toml%22%2C%22ref%22%3A%22HEAD%22%7D
2025-03-19 17:53:17.508 [info] > git show --textconv :HOME/.config/alacritty/alacritty.toml.1737461918177.bak [122ms]
2025-03-19 17:53:17.508 [info] > git show --textconv HEAD:HOME/.config/alacritty/alacritty.toml.1737461918177.bak [86ms]
2025-03-19 17:53:17.509 [info] > git ls-files --stage -- /home/basic/dotfiles/HOME/.config/alacritty/alacritty.toml.1737461918177.bak [43ms]
2025-03-19 17:53:17.544 [warning] [GitFileSystemProvider][readFile] File not found - git:/home/basic/dotfiles/HOME/.config/alacritty/alacritty.toml.1737461918177.bak.git?%7B%22path%22%3A%22%2Fhome%2Fbasic%2Fdotfiles%2FHOME%2F.config%2Falacritty%2Falacritty.toml.1737461918177.bak%22%2C%22ref%22%3A%22HEAD%22%7D
2025-03-19 17:53:17.547 [info] > git cat-file -s a7aad906478925074fd514e13ac9fadd82f27595 [3ms]
2025-03-19 17:53:17.547 [info] > git ls-tree -l HEAD -- /home/basic/dotfiles/HOME/.config/alacritty/alacritty.toml.1737461918177.bak [40ms]
2025-03-19 17:53:17.548 [warning] [GitFileSystemProvider][stat] File not found - git:/home/basic/dotfiles/HOME/.config/alacritty/alacritty.toml.1737461918177.bak.git?%7B%22path%22%3A%22%2Fhome%2Fbasic%2Fdotfiles%2FHOME%2F.config%2Falacritty%2Falacritty.toml.1737461918177.bak%22%2C%22ref%22%3A%22HEAD%22%7D
2025-03-19 17:53:21.235 [info] > git show --textconv :.gitignore [32ms]
2025-03-19 17:53:21.238 [info] > git ls-files --stage -- /home/basic/dotfiles/.gitignore [4ms]
2025-03-19 17:53:21.275 [info] > git cat-file -s 6740a4a9d1912b891813dfbb35f41baed5a20b6e [2ms]
2025-03-19 17:53:21.575 [info] > git check-ignore -v -z --stdin [3ms]
2025-03-19 17:53:38.685 [info] > git check-ignore -v -z --stdin [2ms]
2025-03-19 17:56:12.391 [info] > git ls-files --stage -- /home/basic/dotfiles/.gitignore [1ms]
2025-03-19 17:56:12.422 [info] > git cat-file -s f718ab29a366fb047abea1a5a08d1bf7a7f3ad3b [1ms]
2025-03-19 17:56:12.455 [info] > git show --textconv :.gitignore [2ms]
2025-03-19 17:56:13.592 [info] > git ls-files --stage -- /home/basic/dotfiles/.gitignore [2ms]
2025-03-19 17:56:13.625 [info] > git cat-file -s f718ab29a366fb047abea1a5a08d1bf7a7f3ad3b [2ms]
2025-03-19 17:56:13.653 [info] > git show --textconv :.gitignore [2ms]
2025-03-19 17:56:14.420 [info] > git fetch [2063ms]
2025-03-19 17:56:14.462 [info] > git config --get commit.template [1ms]
2025-03-19 17:56:14.496 [info] > git for-each-ref --format=%(refname)%00%(upstream:short)%00%(objectname)%00%(upstream:track)%00%(upstream:remotename)%00%(upstream:remoteref) refs/heads/main refs/remotes/main [2ms]
2025-03-19 17:56:14.555 [info] > git for-each-ref --sort -committerdate --format %(refname) %(objectname) %(*objectname) [1ms]
2025-03-19 17:56:15.597 [info] > git status -z -uall [1070ms] (cancelled)
2025-03-19 17:56:15.597 [info] > git merge-base refs/heads/main refs/remotes/origin/main [851ms]
2025-03-19 17:56:15.629 [info] > git blame --root --incremental 8c6440f780d8d267c2e5b862dccf558db39284f6 -- /home/basic/dotfiles/.gitignore [906ms]
2025-03-19 17:56:15.638 [info] > git diff --name-status -z --diff-filter=ADMR 8c6440f780d8d267c2e5b862dccf558db39284f6...refs/remotes/origin/main [9ms]
2025-03-19 17:56:15.780 [info] > git ls-files --stage -- /home/basic/dotfiles/.gitignore [2ms]
2025-03-19 17:56:15.810 [info] > git cat-file -s f718ab29a366fb047abea1a5a08d1bf7a7f3ad3b [1ms]
2025-03-19 17:56:15.846 [info] > git show --textconv :.gitignore [2ms]
2025-03-19 17:56:23.587 [info] > git check-ignore -v -z --stdin [2ms]
2025-03-19 17:56:32.662 [info] > git ls-files --stage -- /home/basic/dotfiles/.gitignore [1ms]
2025-03-19 17:56:32.693 [info] > git cat-file -s f718ab29a366fb047abea1a5a08d1bf7a7f3ad3b [2ms]
2025-03-19 17:56:32.729 [info] > git show --textconv :.gitignore [1ms]
2025-03-19 17:56:35.397 [info] > git check-ignore -v -z --stdin [1ms]
2025-03-19 17:57:47.902 [info] > git ls-files --stage -- /home/basic/dotfiles/.gitignore [1ms]
2025-03-19 17:57:47.940 [info] > git cat-file -s f718ab29a366fb047abea1a5a08d1bf7a7f3ad3b [1ms]
2025-03-19 17:57:47.981 [info] > git show --textconv :.gitignore [7ms]
2025-03-19 17:58:36.947 [info] > git check-ignore -v -z --stdin [2ms]
