2025-02-19 10:45:39.476 [info] [main] Log level: Info
2025-02-19 10:45:39.476 [info] [main] Validating found git in: "git"
2025-02-19 10:45:39.476 [info] [main] Using git "2.48.1" from "git"
2025-02-19 10:45:39.476 [info] [Model][doInitialScan] Initial repository scan started
2025-02-19 10:45:39.476 [info] > git rev-parse --show-toplevel [25ms]
2025-02-19 10:45:39.476 [info] > git rev-parse --git-dir --git-common-dir [612ms]
2025-02-19 10:45:39.476 [info] [Model][openRepository] Opened repository: /home/basic/Projects/Vavilon
2025-02-19 10:45:39.508 [info] > git config --get commit.template [45ms]
2025-02-19 10:45:39.596 [info] > git for-each-ref --format=%(refname)%00%(upstream:short)%00%(objectname)%00%(upstream:track)%00%(upstream:remotename)%00%(upstream:remoteref) refs/heads/main refs/remotes/main [44ms]
2025-02-19 10:45:41.365 [info] > git rev-parse --show-toplevel [1742ms]
2025-02-19 10:45:41.438 [info] > git fetch [2061ms]
2025-02-19 10:45:41.438 [info] Missing or invalid credentials.
Skip silent fetch commands
Missing or invalid credentials.
Skip silent fetch commands
remote: Repository not found.
fatal: Authentication failed for 'https://github.com/Bolsic/Audio-Dubbing.git/'
2025-02-19 10:45:41.499 [info] > git check-ignore -v -z --stdin [103ms]
2025-02-19 10:45:41.501 [info] > git rev-parse --show-toplevel [81ms]
2025-02-19 10:45:41.546 [info] > git config --get commit.template [49ms]
2025-02-19 10:45:41.546 [info] > git for-each-ref --format=%(refname)%00%(upstream:short)%00%(objectname)%00%(upstream:track)%00%(upstream:remotename)%00%(upstream:remoteref) refs/heads/main refs/remotes/main [72ms]
2025-02-19 10:45:41.577 [info] > git config --get --local branch.main.vscode-merge-base [3ms]
2025-02-19 10:45:41.598 [info] > git rev-parse --show-toplevel [54ms]
2025-02-19 10:45:41.599 [info] > git config --get commit.template [76ms]
2025-02-19 10:45:41.645 [info] > git for-each-ref --format=%(refname)%00%(upstream:short)%00%(objectname)%00%(upstream:track)%00%(upstream:remotename)%00%(upstream:remoteref) refs/heads/origin/main refs/remotes/origin/main [47ms]
2025-02-19 10:45:41.702 [info] > git rev-parse --show-toplevel [60ms]
2025-02-19 10:45:41.702 [info] > git for-each-ref --format=%(refname)%00%(upstream:short)%00%(objectname)%00%(upstream:track)%00%(upstream:remotename)%00%(upstream:remoteref) refs/heads/main refs/remotes/main [79ms]
2025-02-19 10:45:41.735 [info] > git for-each-ref --format=%(refname)%00%(upstream:short)%00%(objectname)%00%(upstream:track)%00%(upstream:remotename)%00%(upstream:remoteref) refs/heads/main refs/remotes/main [37ms]
2025-02-19 10:45:41.735 [info] > git merge-base refs/heads/main refs/remotes/origin/main [64ms]
2025-02-19 10:45:41.755 [info] > git rev-parse --show-toplevel [21ms]
2025-02-19 10:45:41.814 [info] > git diff --name-status -z --diff-filter=ADMR f7c1af6cd0a8067f0ce98cad7db882809f377ed1...refs/remotes/origin/main [60ms]
2025-02-19 10:45:41.882 [info] > git status -z -uall [37ms]
2025-02-19 10:45:41.883 [info] > git merge-base refs/heads/main refs/remotes/origin/main [71ms]
2025-02-19 10:45:41.907 [info] > git rev-parse --show-toplevel [122ms]
2025-02-19 10:45:41.938 [info] > git diff --name-status -z --diff-filter=ADMR f7c1af6cd0a8067f0ce98cad7db882809f377ed1...refs/remotes/origin/main [32ms]
2025-02-19 10:45:41.939 [info] > git for-each-ref --sort -committerdate --format %(refname) %(objectname) %(*objectname) [65ms]
2025-02-19 10:45:41.974 [info] > git rev-parse --show-toplevel [37ms]
2025-02-19 10:45:42.004 [info] > git rev-parse --show-toplevel [2ms]
2025-02-19 10:45:42.004 [info] [Model][doInitialScan] Initial repository scan completed - repositories (1), closed repositories (0), parent repositories (0), unsafe repositories (0)
2025-02-19 10:45:42.064 [info] > git show --textconv :main.py [41ms]
2025-02-19 10:45:42.065 [info] > git ls-files --stage -- /home/basic/Projects/Vavilon/main.py [23ms]
2025-02-19 10:45:42.085 [info] > git cat-file -s 2a97480563cbda7bc84aa4ce79f6c27ae5f1610a [2ms]
2025-02-19 10:45:42.086 [info] > git config --get commit.template [23ms]
2025-02-19 10:45:42.107 [info] > git for-each-ref --format=%(refname)%00%(upstream:short)%00%(objectname)%00%(upstream:track)%00%(upstream:remotename)%00%(upstream:remoteref) refs/heads/main refs/remotes/main [2ms]
2025-02-19 10:45:42.162 [info] > git status -z -uall [33ms]
2025-02-19 10:45:42.163 [info] > git for-each-ref --sort -committerdate --format %(refname) %(objectname) %(*objectname) [15ms]
2025-02-19 10:45:42.189 [info] > git blame --root --incremental f7c1af6cd0a8067f0ce98cad7db882809f377ed1 -- /home/basic/Projects/Vavilon/main.py [2ms]
2025-02-19 10:46:05.466 [info] > git show --textconv :main.py [45ms]
2025-02-19 10:46:05.473 [info] > git ls-files --stage -- /home/basic/Projects/Vavilon/main.py [8ms]
2025-02-19 10:46:05.512 [info] > git cat-file -s 2a97480563cbda7bc84aa4ce79f6c27ae5f1610a [4ms]
2025-02-19 10:51:09.839 [info] > git config --get commit.template [41ms]
2025-02-19 10:51:09.840 [info] > git for-each-ref --format=%(refname)%00%(upstream:short)%00%(objectname)%00%(upstream:track)%00%(upstream:remotename)%00%(upstream:remoteref) refs/heads/main refs/remotes/main [3ms]
2025-02-19 10:51:09.917 [info] > git status -z -uall [35ms]
2025-02-19 10:51:09.919 [info] > git for-each-ref --sort -committerdate --format %(refname) %(objectname) %(*objectname) [3ms]
2025-02-19 11:40:36.017 [info] > git show --textconv :audio_translator.py [42ms]
2025-02-19 11:40:36.017 [info] > git ls-files --stage -- /home/basic/Projects/Vavilon/audio_translator.py [5ms]
2025-02-19 11:40:36.063 [info] > git cat-file -s b6404e615740c674acd4b625e1818529dfc114a2 [3ms]
2025-02-19 11:40:36.129 [info] > git blame --root --incremental f7c1af6cd0a8067f0ce98cad7db882809f377ed1 -- /home/basic/Projects/Vavilon/audio_translator.py [4ms]
2025-02-19 11:48:42.224 [info] > git config --get commit.template [44ms]
2025-02-19 11:48:42.226 [info] > git for-each-ref --format=%(refname)%00%(upstream:short)%00%(objectname)%00%(upstream:track)%00%(upstream:remotename)%00%(upstream:remoteref) refs/heads/main refs/remotes/main [3ms]
2025-02-19 11:48:42.303 [info] > git status -z -uall [33ms]
2025-02-19 11:48:42.305 [info] > git for-each-ref --sort -committerdate --format %(refname) %(objectname) %(*objectname) [3ms]
2025-02-19 11:50:29.722 [info] > git config --get commit.template [45ms]
2025-02-19 11:50:29.723 [info] > git for-each-ref --format=%(refname)%00%(upstream:short)%00%(objectname)%00%(upstream:track)%00%(upstream:remotename)%00%(upstream:remoteref) refs/heads/main refs/remotes/main [2ms]
2025-02-19 11:50:29.810 [info] > git status -z -uall [41ms]
2025-02-19 11:50:29.812 [info] > git for-each-ref --sort -committerdate --format %(refname) %(objectname) %(*objectname) [2ms]
2025-02-19 11:51:32.041 [info] > git config --get commit.template [43ms]
2025-02-19 11:51:32.042 [info] > git for-each-ref --format=%(refname)%00%(upstream:short)%00%(objectname)%00%(upstream:track)%00%(upstream:remotename)%00%(upstream:remoteref) refs/heads/main refs/remotes/main [2ms]
2025-02-19 11:51:32.111 [info] > git status -z -uall [33ms]
2025-02-19 11:51:32.113 [info] > git for-each-ref --sort -committerdate --format %(refname) %(objectname) %(*objectname) [3ms]
2025-02-19 12:45:02.652 [info] > git config --get commit.template [1ms]
2025-02-19 12:45:02.679 [info] > git for-each-ref --format=%(refname)%00%(upstream:short)%00%(objectname)%00%(upstream:track)%00%(upstream:remotename)%00%(upstream:remoteref) refs/heads/main refs/remotes/main [1ms]
2025-02-19 12:45:02.728 [info] > git status -z -uall [29ms]
2025-02-19 12:45:02.730 [info] > git for-each-ref --sort -committerdate --format %(refname) %(objectname) %(*objectname) [2ms]
2025-02-19 12:45:42.042 [info] > git config --get commit.template [42ms]
2025-02-19 12:45:42.044 [info] > git for-each-ref --format=%(refname)%00%(upstream:short)%00%(objectname)%00%(upstream:track)%00%(upstream:remotename)%00%(upstream:remoteref) refs/heads/main refs/remotes/main [3ms]
2025-02-19 12:45:42.094 [info] > git status -z -uall [29ms]
2025-02-19 12:45:42.096 [info] > git for-each-ref --sort -committerdate --format %(refname) %(objectname) %(*objectname) [3ms]
2025-02-19 12:45:42.971 [info] > git show --textconv :main.py [33ms]
2025-02-19 12:45:42.977 [info] > git ls-files --stage -- /home/basic/Projects/Vavilon/main.py [6ms]
2025-02-19 12:45:43.007 [info] > git cat-file -s 2a97480563cbda7bc84aa4ce79f6c27ae5f1610a [1ms]
2025-02-19 12:45:47.142 [info] > git config --get commit.template [1ms]
2025-02-19 12:45:47.174 [info] > git for-each-ref --format=%(refname)%00%(upstream:short)%00%(objectname)%00%(upstream:track)%00%(upstream:remotename)%00%(upstream:remoteref) refs/heads/main refs/remotes/main [1ms]
2025-02-19 12:45:47.251 [info] > git status -z -uall [37ms]
2025-02-19 12:45:47.251 [info] > git for-each-ref --sort -committerdate --format %(refname) %(objectname) %(*objectname) [5ms]
2025-02-19 12:46:32.903 [info] > git show --textconv :audio_translator.py [42ms]
2025-02-19 12:46:32.909 [info] > git ls-files --stage -- /home/basic/Projects/Vavilon/audio_translator.py [7ms]
2025-02-19 12:46:32.944 [info] > git cat-file -s b6404e615740c674acd4b625e1818529dfc114a2 [2ms]
2025-02-19 12:48:41.645 [info] > git config --get commit.template [40ms]
2025-02-19 12:48:41.647 [info] > git for-each-ref --format=%(refname)%00%(upstream:short)%00%(objectname)%00%(upstream:track)%00%(upstream:remotename)%00%(upstream:remoteref) refs/heads/main refs/remotes/main [2ms]
2025-02-19 12:48:41.722 [info] > git status -z -uall [33ms]
2025-02-19 12:48:41.722 [info] > git for-each-ref --sort -committerdate --format %(refname) %(objectname) %(*objectname) [3ms]
2025-02-19 12:48:48.356 [info] > git config --get commit.template [1ms]
2025-02-19 12:48:48.392 [info] > git for-each-ref --format=%(refname)%00%(upstream:short)%00%(objectname)%00%(upstream:track)%00%(upstream:remotename)%00%(upstream:remoteref) refs/heads/main refs/remotes/main [1ms]
2025-02-19 12:48:48.442 [info] > git status -z -uall [21ms]
2025-02-19 12:48:48.442 [info] > git for-each-ref --sort -committerdate --format %(refname) %(objectname) %(*objectname) [1ms]
2025-02-19 12:57:45.725 [info] > git config --get commit.template [1ms]
2025-02-19 12:57:45.760 [info] > git for-each-ref --format=%(refname)%00%(upstream:short)%00%(objectname)%00%(upstream:track)%00%(upstream:remotename)%00%(upstream:remoteref) refs/heads/main refs/remotes/main [2ms]
2025-02-19 12:57:45.828 [info] > git status -z -uall [35ms]
2025-02-19 12:57:45.829 [info] > git for-each-ref --sort -committerdate --format %(refname) %(objectname) %(*objectname) [2ms]
2025-02-19 13:00:58.369 [info] > git show --textconv :venv310/lib/python3.10/site-packages/azure/cognitiveservices/speech/translation.py [26ms]
2025-02-19 13:00:58.403 [info] > git hash-object -t tree /dev/null [4ms]
2025-02-19 13:00:58.403 [warning] [GitFileSystemProvider][readFile] File not found - git:/home/basic/Projects/Vavilon/venv310/lib/python3.10/site-packages/azure/cognitiveservices/speech/translation.py.git?%7B%22path%22%3A%22%2Fhome%2Fbasic%2FProjects%2FVavilon%2Fvenv310%2Flib%2Fpython3.10%2Fsite-packages%2Fazure%2Fcognitiveservices%2Fspeech%2Ftranslation.py%22%2C%22ref%22%3A%22%22%7D
2025-02-19 13:00:58.412 [info] > git ls-files --stage -- /home/basic/Projects/Vavilon/venv310/lib/python3.10/site-packages/azure/cognitiveservices/speech/translation.py [44ms]
2025-02-19 13:00:58.412 [warning] [GitFileSystemProvider][stat] File not found - git:/home/basic/Projects/Vavilon/venv310/lib/python3.10/site-packages/azure/cognitiveservices/speech/translation.py.git?%7B%22path%22%3A%22%2Fhome%2Fbasic%2FProjects%2FVavilon%2Fvenv310%2Flib%2Fpython3.10%2Fsite-packages%2Fazure%2Fcognitiveservices%2Fspeech%2Ftranslation.py%22%2C%22ref%22%3A%22%22%7D
2025-02-19 13:00:58.444 [info] > git blame --root --incremental f7c1af6cd0a8067f0ce98cad7db882809f377ed1 -- /home/basic/Projects/Vavilon/venv310/lib/python3.10/site-packages/azure/cognitiveservices/speech/translation.py [4ms]
2025-02-19 13:00:58.444 [info] fatal: no such path venv310/lib/python3.10/site-packages/azure/cognitiveservices/speech/translation.py in f7c1af6cd0a8067f0ce98cad7db882809f377ed1
2025-02-19 13:00:58.823 [info] > git check-ignore -v -z --stdin [1ms]
2025-02-19 13:01:27.734 [info] > git show --textconv :audio_translator.py [22ms]
2025-02-19 13:01:27.735 [info] > git ls-files --stage -- /home/basic/Projects/Vavilon/audio_translator.py [2ms]
2025-02-19 13:01:27.772 [info] > git cat-file -s b6404e615740c674acd4b625e1818529dfc114a2 [3ms]
2025-02-19 13:01:28.095 [info] > git check-ignore -v -z --stdin [2ms]
2025-02-19 13:01:29.526 [info] > git show --textconv :venv310/lib/python3.10/site-packages/azure/cognitiveservices/speech/translation.py [41ms]
2025-02-19 13:01:29.527 [warning] [GitFileSystemProvider][readFile] File not found - git:/home/basic/Projects/Vavilon/venv310/lib/python3.10/site-packages/azure/cognitiveservices/speech/translation.py.git?%7B%22path%22%3A%22%2Fhome%2Fbasic%2FProjects%2FVavilon%2Fvenv310%2Flib%2Fpython3.10%2Fsite-packages%2Fazure%2Fcognitiveservices%2Fspeech%2Ftranslation.py%22%2C%22ref%22%3A%22%22%7D
2025-02-19 13:01:29.529 [info] > git ls-files --stage -- /home/basic/Projects/Vavilon/venv310/lib/python3.10/site-packages/azure/cognitiveservices/speech/translation.py [4ms]
2025-02-19 13:01:29.530 [warning] [GitFileSystemProvider][stat] File not found - git:/home/basic/Projects/Vavilon/venv310/lib/python3.10/site-packages/azure/cognitiveservices/speech/translation.py.git?%7B%22path%22%3A%22%2Fhome%2Fbasic%2FProjects%2FVavilon%2Fvenv310%2Flib%2Fpython3.10%2Fsite-packages%2Fazure%2Fcognitiveservices%2Fspeech%2Ftranslation.py%22%2C%22ref%22%3A%22%22%7D
2025-02-19 13:03:11.486 [info] > git show --textconv :audio_translator.py [36ms]
2025-02-19 13:03:11.490 [info] > git ls-files --stage -- /home/basic/Projects/Vavilon/audio_translator.py [5ms]
2025-02-19 13:03:11.530 [info] > git cat-file -s b6404e615740c674acd4b625e1818529dfc114a2 [3ms]
2025-02-19 13:08:15.045 [info] > git config --get commit.template [2ms]
2025-02-19 13:08:15.086 [info] > git for-each-ref --format=%(refname)%00%(upstream:short)%00%(objectname)%00%(upstream:track)%00%(upstream:remotename)%00%(upstream:remoteref) refs/heads/main refs/remotes/main [1ms]
2025-02-19 13:08:15.156 [info] > git status -z -uall [32ms]
2025-02-19 13:08:15.158 [info] > git for-each-ref --sort -committerdate --format %(refname) %(objectname) %(*objectname) [2ms]
2025-02-19 13:08:24.047 [info] > git config --get commit.template [1ms]
2025-02-19 13:08:24.081 [info] > git for-each-ref --format=%(refname)%00%(upstream:short)%00%(objectname)%00%(upstream:track)%00%(upstream:remotename)%00%(upstream:remoteref) refs/heads/main refs/remotes/main [2ms]
2025-02-19 13:08:24.133 [info] > git status -z -uall [21ms]
2025-02-19 13:08:24.134 [info] > git for-each-ref --sort -committerdate --format %(refname) %(objectname) %(*objectname) [2ms]
2025-02-19 13:20:53.244 [info] > git config --get commit.template [2ms]
2025-02-19 13:20:53.267 [info] > git for-each-ref --format=%(refname)%00%(upstream:short)%00%(objectname)%00%(upstream:track)%00%(upstream:remotename)%00%(upstream:remoteref) refs/heads/main refs/remotes/main [2ms]
2025-02-19 13:20:53.310 [info] > git status -z -uall [22ms]
2025-02-19 13:20:53.311 [info] > git for-each-ref --sort -committerdate --format %(refname) %(objectname) %(*objectname) [2ms]
2025-02-19 13:21:01.492 [info] > git config --get commit.template [33ms]
2025-02-19 13:21:01.492 [info] > git for-each-ref --format=%(refname)%00%(upstream:short)%00%(objectname)%00%(upstream:track)%00%(upstream:remotename)%00%(upstream:remoteref) refs/heads/main refs/remotes/main [1ms]
2025-02-19 13:21:01.557 [info] > git status -z -uall [33ms]
2025-02-19 13:21:01.557 [info] > git for-each-ref --sort -committerdate --format %(refname) %(objectname) %(*objectname) [1ms]
2025-02-19 13:21:35.210 [info] > git config --get commit.template [2ms]
2025-02-19 13:21:35.236 [info] > git for-each-ref --format=%(refname)%00%(upstream:short)%00%(objectname)%00%(upstream:track)%00%(upstream:remotename)%00%(upstream:remoteref) refs/heads/main refs/remotes/main [2ms]
2025-02-19 13:21:35.279 [info] > git status -z -uall [23ms]
2025-02-19 13:21:35.282 [info] > git for-each-ref --sort -committerdate --format %(refname) %(objectname) %(*objectname) [4ms]
2025-02-19 13:21:40.324 [info] > git config --get commit.template [2ms]
2025-02-19 13:21:40.366 [info] > git for-each-ref --format=%(refname)%00%(upstream:short)%00%(objectname)%00%(upstream:track)%00%(upstream:remotename)%00%(upstream:remoteref) refs/heads/main refs/remotes/main [3ms]
2025-02-19 13:21:40.441 [info] > git status -z -uall [38ms]
2025-02-19 13:21:40.442 [info] > git for-each-ref --sort -committerdate --format %(refname) %(objectname) %(*objectname) [2ms]
2025-02-19 13:22:53.097 [info] > git config --get commit.template [2ms]
2025-02-19 13:22:53.131 [info] > git for-each-ref --format=%(refname)%00%(upstream:short)%00%(objectname)%00%(upstream:track)%00%(upstream:remotename)%00%(upstream:remoteref) refs/heads/main refs/remotes/main [1ms]
2025-02-19 13:22:53.187 [info] > git status -z -uall [24ms]
2025-02-19 13:22:53.188 [info] > git for-each-ref --sort -committerdate --format %(refname) %(objectname) %(*objectname) [2ms]
2025-02-19 13:22:58.257 [info] > git config --get commit.template [31ms]
2025-02-19 13:22:58.257 [info] > git for-each-ref --format=%(refname)%00%(upstream:short)%00%(objectname)%00%(upstream:track)%00%(upstream:remotename)%00%(upstream:remoteref) refs/heads/main refs/remotes/main [1ms]
2025-02-19 13:22:58.355 [info] > git status -z -uall [30ms]
2025-02-19 13:22:58.355 [info] > git for-each-ref --sort -committerdate --format %(refname) %(objectname) %(*objectname) [2ms]
2025-02-19 13:23:23.529 [info] > git config --get commit.template [2ms]
2025-02-19 13:23:23.572 [info] > git for-each-ref --format=%(refname)%00%(upstream:short)%00%(objectname)%00%(upstream:track)%00%(upstream:remotename)%00%(upstream:remoteref) refs/heads/main refs/remotes/main [3ms]
2025-02-19 13:23:23.633 [info] > git status -z -uall [31ms]
2025-02-19 13:23:23.634 [info] > git for-each-ref --sort -committerdate --format %(refname) %(objectname) %(*objectname) [1ms]
2025-02-19 13:23:28.677 [info] > git config --get commit.template [1ms]
2025-02-19 13:23:28.711 [info] > git for-each-ref --format=%(refname)%00%(upstream:short)%00%(objectname)%00%(upstream:track)%00%(upstream:remotename)%00%(upstream:remoteref) refs/heads/main refs/remotes/main [1ms]
2025-02-19 13:23:28.774 [info] > git status -z -uall [23ms]
2025-02-19 13:23:28.775 [info] > git for-each-ref --sort -committerdate --format %(refname) %(objectname) %(*objectname) [2ms]
2025-02-19 13:35:09.903 [info] > git config --get commit.template [3ms]
2025-02-19 13:35:09.949 [info] > git for-each-ref --format=%(refname)%00%(upstream:short)%00%(objectname)%00%(upstream:track)%00%(upstream:remotename)%00%(upstream:remoteref) refs/heads/main refs/remotes/main [2ms]
2025-02-19 13:35:10.031 [info] > git status -z -uall [40ms]
2025-02-19 13:35:10.032 [info] > git for-each-ref --sort -committerdate --format %(refname) %(objectname) %(*objectname) [2ms]
2025-02-19 13:36:09.710 [info] > git config --get commit.template [29ms]
2025-02-19 13:36:09.711 [info] > git for-each-ref --format=%(refname)%00%(upstream:short)%00%(objectname)%00%(upstream:track)%00%(upstream:remotename)%00%(upstream:remoteref) refs/heads/main refs/remotes/main [2ms]
2025-02-19 13:36:09.784 [info] > git status -z -uall [36ms]
2025-02-19 13:36:09.784 [info] > git for-each-ref --sort -committerdate --format %(refname) %(objectname) %(*objectname) [2ms]
2025-02-19 13:36:18.416 [info] > git config --get commit.template [3ms]
2025-02-19 13:36:18.451 [info] > git for-each-ref --format=%(refname)%00%(upstream:short)%00%(objectname)%00%(upstream:track)%00%(upstream:remotename)%00%(upstream:remoteref) refs/heads/main refs/remotes/main [2ms]
2025-02-19 13:36:18.529 [info] > git status -z -uall [42ms]
2025-02-19 13:36:18.530 [info] > git for-each-ref --sort -committerdate --format %(refname) %(objectname) %(*objectname) [3ms]
2025-02-19 13:36:56.704 [info] > git config --get commit.template [42ms]
2025-02-19 13:36:56.706 [info] > git for-each-ref --format=%(refname)%00%(upstream:short)%00%(objectname)%00%(upstream:track)%00%(upstream:remotename)%00%(upstream:remoteref) refs/heads/main refs/remotes/main [3ms]
2025-02-19 13:36:56.786 [info] > git status -z -uall [40ms]
2025-02-19 13:36:56.787 [info] > git for-each-ref --sort -committerdate --format %(refname) %(objectname) %(*objectname) [4ms]
2025-02-19 13:37:01.884 [info] > git config --get commit.template [47ms]
2025-02-19 13:37:01.885 [info] > git for-each-ref --format=%(refname)%00%(upstream:short)%00%(objectname)%00%(upstream:track)%00%(upstream:remotename)%00%(upstream:remoteref) refs/heads/main refs/remotes/main [2ms]
2025-02-19 13:37:01.972 [info] > git status -z -uall [39ms]
2025-02-19 13:37:01.973 [info] > git for-each-ref --sort -committerdate --format %(refname) %(objectname) %(*objectname) [3ms]
2025-02-19 13:37:40.939 [info] > git for-each-ref --format=%(refname)%00%(upstream:short)%00%(objectname)%00%(upstream:track)%00%(upstream:remotename)%00%(upstream:remoteref) refs/heads/main refs/remotes/main [3ms]
2025-02-19 13:37:40.939 [info] > git config --get commit.template [53ms]
2025-02-19 13:37:41.036 [info] > git status -z -uall [52ms]
2025-02-19 13:37:41.038 [info] > git for-each-ref --sort -committerdate --format %(refname) %(objectname) %(*objectname) [3ms]
2025-02-19 13:37:46.135 [info] > git config --get commit.template [45ms]
2025-02-19 13:37:46.136 [info] > git for-each-ref --format=%(refname)%00%(upstream:short)%00%(objectname)%00%(upstream:track)%00%(upstream:remotename)%00%(upstream:remoteref) refs/heads/main refs/remotes/main [2ms]
2025-02-19 13:37:46.225 [info] > git status -z -uall [42ms]
2025-02-19 13:37:46.226 [info] > git for-each-ref --sort -committerdate --format %(refname) %(objectname) %(*objectname) [2ms]
2025-02-19 13:39:52.474 [info] > git config --get commit.template [3ms]
2025-02-19 13:39:52.522 [info] > git for-each-ref --format=%(refname)%00%(upstream:short)%00%(objectname)%00%(upstream:track)%00%(upstream:remotename)%00%(upstream:remoteref) refs/heads/main refs/remotes/main [3ms]
2025-02-19 13:39:52.618 [info] > git status -z -uall [48ms]
2025-02-19 13:39:52.621 [info] > git for-each-ref --sort -committerdate --format %(refname) %(objectname) %(*objectname) [4ms]
2025-02-19 13:40:47.326 [info] > git config --get commit.template [29ms]
2025-02-19 13:40:47.328 [info] > git for-each-ref --format=%(refname)%00%(upstream:short)%00%(objectname)%00%(upstream:track)%00%(upstream:remotename)%00%(upstream:remoteref) refs/heads/main refs/remotes/main [2ms]
2025-02-19 13:40:47.393 [info] > git status -z -uall [38ms]
2025-02-19 13:40:47.394 [info] > git for-each-ref --sort -committerdate --format %(refname) %(objectname) %(*objectname) [2ms]
2025-02-19 13:41:14.534 [info] > git config --get commit.template [47ms]
2025-02-19 13:41:14.535 [info] > git for-each-ref --format=%(refname)%00%(upstream:short)%00%(objectname)%00%(upstream:track)%00%(upstream:remotename)%00%(upstream:remoteref) refs/heads/main refs/remotes/main [2ms]
2025-02-19 13:41:14.624 [info] > git status -z -uall [44ms]
2025-02-19 13:41:14.625 [info] > git for-each-ref --sort -committerdate --format %(refname) %(objectname) %(*objectname) [2ms]
2025-02-19 13:42:26.228 [info] > git config --get commit.template [38ms]
2025-02-19 13:42:26.229 [info] > git for-each-ref --format=%(refname)%00%(upstream:short)%00%(objectname)%00%(upstream:track)%00%(upstream:remotename)%00%(upstream:remoteref) refs/heads/main refs/remotes/main [2ms]
2025-02-19 13:42:26.302 [info] > git status -z -uall [35ms]
2025-02-19 13:42:26.303 [info] > git for-each-ref --sort -committerdate --format %(refname) %(objectname) %(*objectname) [3ms]
2025-02-19 13:42:31.402 [info] > git config --get commit.template [47ms]
2025-02-19 13:42:31.403 [info] > git for-each-ref --format=%(refname)%00%(upstream:short)%00%(objectname)%00%(upstream:track)%00%(upstream:remotename)%00%(upstream:remoteref) refs/heads/main refs/remotes/main [2ms]
2025-02-19 13:42:31.496 [info] > git status -z -uall [44ms]
2025-02-19 13:42:31.496 [info] > git for-each-ref --sort -committerdate --format %(refname) %(objectname) %(*objectname) [2ms]
2025-02-19 13:43:30.727 [info] > git config --get commit.template [47ms]
2025-02-19 13:43:30.728 [info] > git for-each-ref --format=%(refname)%00%(upstream:short)%00%(objectname)%00%(upstream:track)%00%(upstream:remotename)%00%(upstream:remoteref) refs/heads/main refs/remotes/main [2ms]
2025-02-19 13:43:30.805 [info] > git status -z -uall [35ms]
2025-02-19 13:43:30.806 [info] > git for-each-ref --sort -committerdate --format %(refname) %(objectname) %(*objectname) [3ms]
2025-02-19 13:43:35.863 [info] > git config --get commit.template [2ms]
2025-02-19 13:43:35.909 [info] > git for-each-ref --format=%(refname)%00%(upstream:short)%00%(objectname)%00%(upstream:track)%00%(upstream:remotename)%00%(upstream:remoteref) refs/heads/main refs/remotes/main [2ms]
2025-02-19 13:43:36.001 [info] > git status -z -uall [47ms]
2025-02-19 13:43:36.002 [info] > git for-each-ref --sort -committerdate --format %(refname) %(objectname) %(*objectname) [2ms]
2025-02-19 13:44:53.404 [info] > git config --get commit.template [47ms]
2025-02-19 13:44:53.405 [info] > git for-each-ref --format=%(refname)%00%(upstream:short)%00%(objectname)%00%(upstream:track)%00%(upstream:remotename)%00%(upstream:remoteref) refs/heads/main refs/remotes/main [2ms]
2025-02-19 13:44:53.498 [info] > git status -z -uall [48ms]
2025-02-19 13:44:53.498 [info] > git for-each-ref --sort -committerdate --format %(refname) %(objectname) %(*objectname) [3ms]
2025-02-19 13:45:06.756 [info] > git config --get commit.template [38ms]
2025-02-19 13:45:06.758 [info] > git for-each-ref --format=%(refname)%00%(upstream:short)%00%(objectname)%00%(upstream:track)%00%(upstream:remotename)%00%(upstream:remoteref) refs/heads/main refs/remotes/main [3ms]
2025-02-19 13:45:06.849 [info] > git status -z -uall [48ms]
2025-02-19 13:45:06.851 [info] > git for-each-ref --sort -committerdate --format %(refname) %(objectname) %(*objectname) [2ms]
2025-02-19 13:47:58.105 [info] > git config --get commit.template [48ms]
2025-02-19 13:47:58.106 [info] > git for-each-ref --format=%(refname)%00%(upstream:short)%00%(objectname)%00%(upstream:track)%00%(upstream:remotename)%00%(upstream:remoteref) refs/heads/main refs/remotes/main [3ms]
2025-02-19 13:47:58.183 [info] > git status -z -uall [36ms]
2025-02-19 13:47:58.183 [info] > git for-each-ref --sort -committerdate --format %(refname) %(objectname) %(*objectname) [3ms]
2025-02-19 13:48:03.279 [info] > git config --get commit.template [44ms]
2025-02-19 13:48:03.280 [info] > git for-each-ref --format=%(refname)%00%(upstream:short)%00%(objectname)%00%(upstream:track)%00%(upstream:remotename)%00%(upstream:remoteref) refs/heads/main refs/remotes/main [2ms]
2025-02-19 13:48:03.369 [info] > git status -z -uall [46ms]
2025-02-19 13:48:03.370 [info] > git for-each-ref --sort -committerdate --format %(refname) %(objectname) %(*objectname) [2ms]
