2025-02-18 14:39:13.072 [info] [Info  - 2:39:13 PM] (1668) Server root directory: file:///home/basic/.vscode/extensions/ms-python.vscode-pylance-2025.2.1/dist
2025-02-18 14:39:13.502 [info] [Info  - 2:39:13 PM] (1668) Pylance language server 2025.2.1 (pyright version 1.1.393, commit 3763156f) starting
2025-02-18 14:39:13.505 [info] (Client) Pylance async client (2025.2.1) started with python extension (2025.0.0)
2025-02-18 14:39:13.546 [info] [Info  - 2:39:13 PM] (1668) Starting service instance "Vavilon"
2025-02-18 14:39:15.267 [info] [Info  - 2:39:15 PM] (1668) Setting environmentName for service "Vavilon": "3.10.16 (venv310 venv)"
2025-02-18 14:39:15.350 [info] [Info  - 2:39:15 PM] (1668) Setting pythonPath for service "Vavilon": "/home/basic/Projects/Vavilon/venv310/bin/python"
2025-02-18 14:39:15.373 [info] [Info  - 2:39:15 PM] (1668) No include entries specified; assuming /home/basic/Projects/Vavilon
2025-02-18 14:39:15.411 [info] [Info  - 2:39:15 PM] (1668) Auto-excluding **/node_modules
2025-02-18 14:39:15.437 [info] [Info  - 2:39:15 PM] (1668) Auto-excluding **/__pycache__
2025-02-18 14:39:15.502 [info] [Info  - 2:39:15 PM] (1668) Auto-excluding **/.*
2025-02-18 14:39:15.546 [info] [Info  - 2:39:15 PM] (1668) Assuming Python version 3.10.16.final.0
2025-02-18 14:39:15.642 [info] [Info  - 2:39:15 PM] (1668) Auto-excluding /home/basic/Projects/Vavilon/venv310
2025-02-18 14:39:15.722 [info] [Info  - 2:39:15 PM] (1668) Auto-excluding /home/basic/Projects/Vavilon/venv313
2025-02-18 14:39:15.786 [info] [Info  - 2:39:15 PM] (1668) Found 5 source files
2025-02-18 14:39:16.036 [info] [Info  - 2:39:16 PM] (1668) Background analysis(1) root directory: file:///home/basic/.vscode/extensions/ms-python.vscode-pylance-2025.2.1/dist
2025-02-18 14:39:16.037 [info] [Info  - 2:39:16 PM] (1668) Background analysis(1) started
2025-02-18 14:39:16.039 [info] [Info  - 2:39:16 PM] (1668) Indexer background runner(2) root directory: file:///home/basic/.vscode/extensions/ms-python.vscode-pylance-2025.2.1/dist (index)
2025-02-18 14:39:16.039 [info] [Info  - 2:39:16 PM] (1668) Indexing(2) started
2025-02-18 14:39:16.550 [info] [Info  - 2:39:16 PM] (1668) scanned(2) 20 files over 1 exec env
2025-02-18 14:39:16.740 [info] [Info  - 2:39:16 PM] (1668) indexed(2) 20 files over 1 exec env
2025-02-18 14:39:16.765 [info] [Info  - 2:39:16 PM] (1668) Indexing finished(2).
2025-02-18 14:52:41.968 [info] [Info  - 2:52:41 PM] (1668) Starting service instance "<default>"
2025-02-18 14:52:42.035 [info] [Info  - 2:52:42 PM] (1668) Setting environmentName for service "<default>": "3.10.16 (venv310 venv)"
2025-02-18 14:52:42.035 [info] [Info  - 2:52:42 PM] (1668) Setting pythonPath for service "<default>": "/home/basic/Projects/Vavilon/venv310/bin/python"
2025-02-18 14:52:42.036 [info] [Info  - 2:52:42 PM] (1668) No include entries specified; assuming /<default workspace root>
2025-02-18 14:52:42.037 [info] [Info  - 2:52:42 PM] (1668) Auto-excluding **/node_modules
2025-02-18 14:52:42.037 [info] [Info  - 2:52:42 PM] (1668) Auto-excluding **/__pycache__
2025-02-18 14:52:42.037 [info] [Info  - 2:52:42 PM] (1668) Auto-excluding **/.*
2025-02-18 14:52:42.070 [info] [Info  - 2:52:42 PM] (1668) Assuming Python version 3.10.16.final.0
2025-02-18 14:52:42.124 [info] [Error - 2:52:42 PM] (1668) File or directory "/<default workspace root>" does not exist.
2025-02-18 14:52:42.124 [info] [Info  - 2:52:42 PM] (1668) No source files found.
2025-02-18 14:52:42.636 [info] [Info  - 2:52:42 PM] (1668) Background analysis(3) root directory: file:///home/basic/.vscode/extensions/ms-python.vscode-pylance-2025.2.1/dist
2025-02-18 14:52:42.638 [info] [Info  - 2:52:42 PM] (1668) Background analysis(3) started
2025-02-18 15:33:31.997 [info] [Info  - 3:33:31 PM] (1668) Setting environmentName for service "Vavilon": "3.10.16 (venv310 venv)"
2025-02-18 15:33:31.997 [info] [Info  - 3:33:31 PM] (1668) Setting pythonPath for service "Vavilon": "/home/basic/Projects/Vavilon/venv310/bin/python"
2025-02-18 15:33:31.997 [info] [Info  - 3:33:31 PM] (1668) No include entries specified; assuming /home/basic/Projects/Vavilon
2025-02-18 15:33:31.998 [info] [Info  - 3:33:31 PM] (1668) Auto-excluding **/node_modules
2025-02-18 15:33:31.998 [info] [Info  - 3:33:31 PM] (1668) Auto-excluding **/__pycache__
2025-02-18 15:33:31.998 [info] [Info  - 3:33:31 PM] (1668) Auto-excluding **/.*
2025-02-18 15:33:32.039 [info] [Info  - 3:33:32 PM] (1668) Assuming Python version 3.10.16.final.0
2025-02-18 15:33:32.088 [info] [Info  - 3:33:32 PM] (1668) Auto-excluding /home/basic/Projects/Vavilon/venv310
2025-02-18 15:33:32.089 [info] [Info  - 3:33:32 PM] (1668) Auto-excluding /home/basic/Projects/Vavilon/venv313
2025-02-18 15:33:32.090 [info] [Info  - 3:33:32 PM] (1668) Found 5 source files
2025-02-18 15:33:32.153 [info] [Info  - 3:33:32 PM] (1668) Setting environmentName for service "<default>": "3.10.16 (venv310 venv)"
2025-02-18 15:33:32.153 [info] [Info  - 3:33:32 PM] (1668) Setting pythonPath for service "<default>": "/home/basic/Projects/Vavilon/venv310/bin/python"
2025-02-18 15:33:32.153 [info] [Info  - 3:33:32 PM] (1668) No include entries specified; assuming /<default workspace root>
2025-02-18 15:33:32.154 [info] [Info  - 3:33:32 PM] (1668) Auto-excluding **/node_modules
2025-02-18 15:33:32.154 [info] [Info  - 3:33:32 PM] (1668) Auto-excluding **/__pycache__
2025-02-18 15:33:32.154 [info] [Info  - 3:33:32 PM] (1668) Auto-excluding **/.*
2025-02-18 15:33:32.185 [info] [Info  - 3:33:32 PM] (1668) Assuming Python version 3.10.16.final.0
2025-02-18 15:33:32.248 [info] [Error - 3:33:32 PM] (1668) File or directory "/<default workspace root>" does not exist.
2025-02-18 15:33:32.248 [info] [Info  - 3:33:32 PM] (1668) No source files found.
2025-02-18 15:33:32.822 [info] [Info  - 3:33:32 PM] (1668) Indexer background runner(4) root directory: file:///home/basic/.vscode/extensions/ms-python.vscode-pylance-2025.2.1/dist (index)
2025-02-18 15:33:32.822 [info] [Info  - 3:33:32 PM] (1668) Indexing(4) started
2025-02-18 15:33:33.096 [info] [Info  - 3:33:33 PM] (1668) scanned(4) 20 files over 1 exec env
2025-02-18 15:33:33.230 [info] [Info  - 3:33:33 PM] (1668) indexed(4) 20 files over 1 exec env
2025-02-18 15:33:33.245 [info] [Info  - 3:33:33 PM] (1668) Indexing finished(4).
2025-02-18 15:55:58.587 [info] [Info  - 3:55:58 PM] (1668) Auto-excluding /home/basic/Projects/Vavilon/venv310
2025-02-18 15:55:58.588 [info] [Info  - 3:55:58 PM] (1668) Auto-excluding /home/basic/Projects/Vavilon/venv313
2025-02-18 15:55:58.606 [info] [Info  - 3:55:58 PM] (1668) Found 6 source files
