2025-02-18 14:39:10.924 [info] Telemetry level is off
2025-02-18 14:39:10.924 [info] Experiments are disabled, only manually opted experiments are active.
2025-02-18 14:39:10.924 [warning] Dir "/home/basic/Projects/Vavilon/.pixi/envs" is not watchable (directory does not exist)
2025-02-18 14:39:11.021 [info] Python interpreter path: ./venv310/bin/python
2025-02-18 14:39:11.583 [info] > pyenv which python
2025-02-18 14:39:11.583 [info] cwd: .
2025-02-18 14:39:11.766 [info] > conda info --json
2025-02-18 14:39:13.584 [info] Starting Pylance language server.
2025-02-18 14:40:50.072 [info] Discover tests for workspace name: Vavilon - uri: /home/basic/Projects/Vavilon/auxiliary_functions.py
2025-02-18 14:42:44.506 [info] CreateEnv Trigger - Skipping for /home/basic/Projects/Vavilon/main.py
2025-02-18 14:42:44.511 [info] Send text to terminal: source /home/basic/Projects/Vavilon/venv310/bin/activate.fish
2025-02-18 14:43:24.117 [info] Discover tests for workspace name: Vavilon - uri: /home/basic/Projects/Vavilon/audio_translator.py
2025-02-18 14:43:53.572 [info] Discover tests for workspace name: Vavilon - uri: /home/basic/Projects/Vavilon/audio_translator.py
2025-02-18 14:49:45.164 [info] Discover tests for workspace name: Vavilon - uri: /home/basic/Projects/Vavilon/auxiliary_functions.py
2025-02-18 14:52:43.444 [info] Discover tests for workspace name: Vavilon - uri: /home/basic/Projects/Vavilon/audio_translator.py
2025-02-18 14:53:28.076 [info] Discover tests for workspace name: Vavilon - uri: /home/basic/Projects/Vavilon/audio_translator.py
2025-02-18 14:58:49.611 [info] Discover tests for workspace name: Vavilon - uri: /home/basic/Projects/Vavilon/audio_translator.py
2025-02-18 15:16:32.420 [info] Discover tests for workspace name: Vavilon - uri: /home/basic/Projects/Vavilon/audio_translator.py
2025-02-18 15:19:43.835 [info] Discover tests for workspace name: Vavilon - uri: /home/basic/Projects/Vavilon/audio_translator.py
2025-02-18 15:21:00.249 [info] Discover tests for workspace name: Vavilon - uri: /home/basic/Projects/Vavilon/audio_translator.py
2025-02-18 15:22:38.094 [info] Discover tests for workspace name: Vavilon - uri: /home/basic/Projects/Vavilon/audio_translator.py
2025-02-18 15:23:13.639 [info] Discover tests for workspace name: Vavilon - uri: /home/basic/Projects/Vavilon/audio_translator.py
2025-02-18 15:24:11.441 [info] Discover tests for workspace name: Vavilon - uri: /home/basic/Projects/Vavilon/audio_translator.py
2025-02-18 15:29:57.308 [info] Discover tests for workspace name: Vavilon - uri: /home/basic/Projects/Vavilon/auxiliary_functions.py
2025-02-18 15:29:59.414 [info] Discover tests for workspace name: Vavilon - uri: /home/basic/Projects/Vavilon/audio_translator.py
2025-02-18 15:30:33.483 [info] Discover tests for workspace name: Vavilon - uri: /home/basic/Projects/Vavilon/main.py
2025-02-18 15:36:45.654 [info] Discover tests for workspace name: Vavilon - uri: /home/basic/Projects/Vavilon/file_dubber_demo.py
2025-02-18 15:37:48.420 [info] Discover tests for workspace name: Vavilon - uri: /home/basic/Projects/Vavilon/file_dubber_demo.py
2025-02-18 16:51:35.969 [info] Discover tests for workspace name: Vavilon - uri: /home/basic/Projects/Vavilon/audio_synthesizer.py
2025-02-18 16:51:45.116 [info] Discover tests for workspace name: Vavilon - uri: /home/basic/Projects/Vavilon/audio_synthesizer.py
2025-02-18 16:52:16.536 [info] Discover tests for workspace name: Vavilon - uri: /home/basic/Projects/Vavilon/auxiliary_functions.py
2025-02-18 16:52:47.153 [info] Discover tests for workspace name: Vavilon - uri: /home/basic/Projects/Vavilon/main.py
2025-02-18 16:53:17.516 [info] Discover tests for workspace name: Vavilon - uri: /home/basic/Projects/Vavilon/main.py
2025-02-18 16:57:21.850 [info] Discover tests for workspace name: Vavilon - uri: /home/basic/Projects/Vavilon/auxiliary_functions.py
2025-02-18 16:59:46.044 [info] Discover tests for workspace name: Vavilon - uri: /home/basic/Projects/Vavilon/auxiliary_functions.py
2025-02-18 16:59:55.076 [info] Discover tests for workspace name: Vavilon - uri: /home/basic/Projects/Vavilon/auxiliary_functions.py
2025-02-18 17:01:02.121 [info] Discover tests for workspace name: Vavilon - uri: /home/basic/Projects/Vavilon/auxiliary_functions.py
2025-02-18 17:18:29.229 [info] Discover tests for workspace name: Vavilon - uri: /home/basic/Projects/Vavilon/audio_synthesizer.py
2025-02-18 17:18:46.366 [info] Discover tests for workspace name: Vavilon - uri: /home/basic/Projects/Vavilon/main.py
2025-02-18 17:19:02.720 [info] Discover tests for workspace name: Vavilon - uri: /home/basic/Projects/Vavilon/main.py
2025-02-18 17:20:47.278 [info] Discover tests for workspace name: Vavilon - uri: /home/basic/Projects/Vavilon/audio_synthesizer.py
2025-02-18 17:21:26.078 [info] Discover tests for workspace name: Vavilon - uri: /home/basic/Projects/Vavilon/audio_synthesizer.py
2025-02-18 17:23:18.759 [info] Discover tests for workspace name: Vavilon - uri: /home/basic/Projects/Vavilon/main.py
2025-02-18 17:24:10.816 [info] Discover tests for workspace name: Vavilon - uri: /home/basic/Projects/Vavilon/audio_synthesizer.py
2025-02-18 18:34:25.646 [info] Discover tests for workspace name: Vavilon - uri: /home/basic/Projects/Vavilon/audio_translator.py
2025-02-18 18:35:19.361 [info] Discover tests for workspace name: Vavilon - uri: /home/basic/Projects/Vavilon/audio_synthesizer.py
2025-02-18 18:36:16.154 [info] Discover tests for workspace name: Vavilon - uri: /home/basic/Projects/Vavilon/audio_synthesizer.py
2025-02-18 18:36:44.249 [info] Discover tests for workspace name: Vavilon - uri: /home/basic/Projects/Vavilon/main.py
2025-02-18 18:41:01.758 [info] Discover tests for workspace name: Vavilon - uri: /home/basic/Projects/Vavilon/main.py
2025-02-18 18:41:12.646 [info] Discover tests for workspace name: Vavilon - uri: /home/basic/Projects/Vavilon/audio_synthesizer.py
2025-02-18 18:41:13.636 [info] Discover tests for workspace name: Vavilon - uri: /home/basic/Projects/Vavilon/audio_translator.py
2025-02-18 18:46:14.889 [info] Discover tests for workspace name: Vavilon - uri: /home/basic/Projects/Vavilon/audio_translator.py
2025-02-18 18:47:48.496 [info] Discover tests for workspace name: Vavilon - uri: /home/basic/Projects/Vavilon/main.py
2025-02-18 18:50:36.914 [info] Discover tests for workspace name: Vavilon - uri: /home/basic/Projects/Vavilon/audio_translator.py
2025-02-18 18:51:17.241 [info] Discover tests for workspace name: Vavilon - uri: /home/basic/Projects/Vavilon/main.py
2025-02-18 19:21:40.961 [info] Discover tests for workspace name: Vavilon - uri: /home/basic/Projects/Vavilon/main.py
2025-02-18 19:21:52.709 [info] Discover tests for workspace name: Vavilon - uri: /home/basic/Projects/Vavilon/audio_synthesizer.py
2025-02-18 19:22:02.623 [info] Discover tests for workspace name: Vavilon - uri: /home/basic/Projects/Vavilon/audio_synthesizer.py
2025-02-18 19:26:06.112 [info] Discover tests for workspace name: Vavilon - uri: /home/basic/Projects/Vavilon/auxiliary_functions.py
2025-02-18 19:26:45.206 [info] Discover tests for workspace name: Vavilon - uri: /home/basic/Projects/Vavilon/main.py
2025-02-18 19:26:46.457 [info] Discover tests for workspace name: Vavilon - uri: /home/basic/Projects/Vavilon/auxiliary_functions.py
2025-02-18 19:27:04.162 [info] Discover tests for workspace name: Vavilon - uri: /home/basic/Projects/Vavilon/auxiliary_functions.py
2025-02-18 19:27:55.906 [info] Discover tests for workspace name: Vavilon - uri: /home/basic/Projects/Vavilon/main.py
2025-02-18 19:29:03.493 [info] Discover tests for workspace name: Vavilon - uri: /home/basic/Projects/Vavilon/auxiliary_functions.py
2025-02-18 19:29:18.979 [info] Discover tests for workspace name: Vavilon - uri: /home/basic/Projects/Vavilon/auxiliary_functions.py
